#
# There is insufficient memory for the Java Runtime Environment to continue.
# Native memory allocation (malloc) failed to allocate 1048576 bytes for AllocateHeap
# Possible reasons:
#   The system is out of physical RAM or swap space
#   In 32 bit mode, the process size limit was hit
# Possible solutions:
#   Reduce memory load on the system
#   Increase physical memory or swap space
#   Check if swap backing store is full
#   Use 64 bit Java on a 64 bit OS
#   Decrease Java heap size (-Xmx/-Xms)
#   Decrease number of Java threads
#   Decrease Java thread stack sizes (-Xss)
#   Set larger code cache with -XX:ReservedCodeCacheSize=
# This output file may be truncated or incomplete.
#
#  Out of Memory Error (memory/allocation.inline.hpp:61), pid=5096, tid=0x0000000000002e10
#
# JRE version:  (8.0_152-b01) (build )
# Java VM: OpenJDK 64-Bit Server VM (25.152-b01 mixed mode windows-amd64 compressed oops)
# Failed to write core dump. Minidumps are not enabled by default on client versions of Windows
#

---------------  T H R E A D  ---------------

Current thread (0x0000000004d65000):  JavaThread "Unknown thread" [_thread_in_vm, id=11792, stack(0x0000000004c60000,0x0000000004d60000)]

Stack: [0x0000000004c60000,0x0000000004d60000]
[error occurred during error reporting (printing stack bounds), id 0xc0000005]

Native frames: (J=compiled Java code, j=interpreted, Vv=VM code, C=native code)


---------------  P R O C E S S  ---------------

Java Threads: ( => current thread )

Other Threads:

=>0x0000000004d65000 (exited) JavaThread "Unknown thread" [_thread_in_vm, id=11792, stack(0x0000000004c60000,0x0000000004d60000)]

VM state:not at safepoint (normal execution)

VM Mutex/Monitor currently owned by a thread: None

Heap:
 PSYoungGen      total 18944K, used 327K [0x00000000feb00000, 0x0000000100000000, 0x0000000100000000)
  eden space 16384K, 2% used [0x00000000feb00000,0x00000000feb51ec8,0x00000000ffb00000)
  from space 2560K, 0% used [0x00000000ffd80000,0x00000000ffd80000,0x0000000100000000)
  to   space 2560K, 0% used [0x00000000ffb00000,0x00000000ffb00000,0x00000000ffd80000)
 ParOldGen       total 44032K, used 0K [0x00000000fc000000, 0x00000000feb00000, 0x00000000feb00000)
  object space 44032K, 0% used [0x00000000fc000000,0x00000000fc000000,0x00000000feb00000)
 Metaspace       used 772K, capacity 4480K, committed 4480K, reserved 1056768K
  class space    used 73K, capacity 384K, committed 384K, reserved 1048576K

Card table byte_map: [0x0000000004820000,0x0000000004850000] byte_map_base: 0x0000000004040000

Marking Bits: (ParMarkBitMap*) 0x00000000603d3950
 Begin Bits: [0x0000000014a20000, 0x0000000014b20000)
 End Bits:   [0x0000000014b20000, 0x0000000014c20000)

Polling page: 0x0000000002d40000

CodeCache: size=245760Kb used=328Kb max_used=328Kb free=245431Kb
 bounds [0x0000000004e60000, 0x00000000050d0000, 0x0000000013e60000]
 total_blobs=57 nmethods=0 adapters=38
 compilation: enabled

Compilation events (0 events):
No events

GC Heap History (0 events):
No events

Deoptimization events (0 events):
No events

Classes redefined (0 events):
No events

Internal exceptions (0 events):
No events

Events (10 events):
Event: 0.028 loading class java/lang/Short
Event: 0.028 loading class java/lang/Short done
Event: 0.028 loading class java/lang/Integer
Event: 0.028 loading class java/lang/Integer done
Event: 0.028 loading class java/lang/Long
Event: 0.028 loading class java/lang/Long done
Event: 0.029 loading class java/lang/NullPointerException
Event: 0.029 loading class java/lang/NullPointerException done
Event: 0.029 loading class java/lang/ArithmeticException
Event: 0.029 loading class java/lang/ArithmeticException done


Dynamic libraries:
0x00007ff639540000 - 0x00007ff639571000 	D:\Android_Studio\Android_Studio3.0\jre\bin\java.exe
0x00007ffcb7070000 - 0x00007ffcb7250000 	C:\WINDOWS\SYSTEM32\ntdll.dll
0x00007ffcb4ce0000 - 0x00007ffcb4d8e000 	C:\WINDOWS\System32\KERNEL32.DLL
0x00007ffcb3df0000 - 0x00007ffcb4056000 	C:\WINDOWS\System32\KERNELBASE.dll
0x00007ffcb6e90000 - 0x00007ffcb6f31000 	C:\WINDOWS\System32\ADVAPI32.dll
0x00007ffcb5700000 - 0x00007ffcb579d000 	C:\WINDOWS\System32\msvcrt.dll
0x00007ffcb56a0000 - 0x00007ffcb56fb000 	C:\WINDOWS\System32\sechost.dll
0x00007ffcb4540000 - 0x00007ffcb465f000 	C:\WINDOWS\System32\RPCRT4.dll
0x00007ffcb4ac0000 - 0x00007ffcb4c4f000 	C:\WINDOWS\System32\USER32.dll
0x00007ffcb4520000 - 0x00007ffcb4540000 	C:\WINDOWS\System32\win32u.dll
0x00007ffcb53b0000 - 0x00007ffcb53d8000 	C:\WINDOWS\System32\GDI32.dll
0x00007ffcb4060000 - 0x00007ffcb41f3000 	C:\WINDOWS\System32\gdi32full.dll
0x00007ffcb4200000 - 0x00007ffcb429b000 	C:\WINDOWS\System32\msvcp_win.dll
0x00007ffcb43d0000 - 0x00007ffcb44c6000 	C:\WINDOWS\System32\ucrtbase.dll
0x00007ffca1830000 - 0x00007ffca1a99000 	C:\WINDOWS\WinSxS\amd64_microsoft.windows.common-controls_6595b64144ccf1df_6.0.16299.371_none_15c7d1789365a290\COMCTL32.dll
0x00007ffcb4d90000 - 0x00007ffcb5098000 	C:\WINDOWS\System32\combase.dll
0x00007ffcb4350000 - 0x00007ffcb43c2000 	C:\WINDOWS\System32\bcryptPrimitives.dll
0x00007ffcb6f40000 - 0x00007ffcb6f6d000 	C:\WINDOWS\System32\IMM32.DLL
0x00007ffcb3350000 - 0x00007ffcb33be000 	C:\WINDOWS\System32\dtrampo.dll
0x000000005fa50000 - 0x000000005fb22000 	D:\Android_Studio\Android_Studio3.0\jre\jre\bin\msvcr100.dll
0x000000005fc10000 - 0x000000006044e000 	D:\Android_Studio\Android_Studio3.0\jre\jre\bin\server\jvm.dll
0x00007ffcb6be0000 - 0x00007ffcb6be8000 	C:\WINDOWS\System32\PSAPI.DLL
0x00007ffcaed10000 - 0x00007ffcaed19000 	C:\WINDOWS\SYSTEM32\WSOCK32.dll
0x0000000004ba0000 - 0x0000000004c0c000 	C:\WINDOWS\System32\WS2_32.dll
0x00007ffcaf640000 - 0x00007ffcaf663000 	C:\WINDOWS\SYSTEM32\WINMM.dll
0x00007ffca7980000 - 0x00007ffca798a000 	C:\WINDOWS\SYSTEM32\VERSION.dll
0x00007ffcaf370000 - 0x00007ffcaf39a000 	C:\WINDOWS\SYSTEM32\WINMMBASE.dll
0x00007ffcb44d0000 - 0x00007ffcb451a000 	C:\WINDOWS\System32\cfgmgr32.dll
0x00007ffcaed00000 - 0x00007ffcaed0f000 	D:\Android_Studio\Android_Studio3.0\jre\jre\bin\verify.dll
0x00007ffcaeb20000 - 0x00007ffcaeb49000 	D:\Android_Studio\Android_Studio3.0\jre\jre\bin\java.dll
0x00007ffcaeb90000 - 0x00007ffcaeba6000 	D:\Android_Studio\Android_Studio3.0\jre\jre\bin\zip.dll

VM Arguments:
jvm_args: -Djava.awt.headless=true -Xmx64M -Dfile.encoding=GBK -Duser.country=CN -Duser.language=zh -Duser.variant 
java_command: com.google.devtools.build.android.desugar.Desugar --input C:\WorkSpace\left_ship\Left_ship -  (16) - gradle-4.6-start\app\build\intermediates\transforms\stackFramesFixer\debug\6.jar --output C:\WorkSpace\left_ship\Left_ship -  (16) - gradle-4.6-start\app\build\intermediates\transforms\desugar\debug\10.jar --input C:\WorkSpace\left_ship\Left_ship -  (16) - gradle-4.6-start\app\build\intermediates\transforms\stackFramesFixer\debug\23.jar --output C:\WorkSpace\left_ship\Left_ship -  (16) - gradle-4.6-start\app\build\intermediates\transforms\desugar\debug\27.jar --input C:\WorkSpace\left_ship\Left_ship -  (16) - gradle-4.6-start\app\build\intermediates\transforms\stackFramesFixer\debug\25.jar --output C:\WorkSpace\left_ship\Left_ship -  (16) - gradle-4.6-start\app\build\intermediates\transforms\desugar\debug\29.jar --input C:\WorkSpace\left_ship\Left_ship -  (16) - gradle-4.6-start\app\build\intermediates\transforms\stackFramesFixer\debug\1.jar --output C:\WorkSpace\left_ship\Left_ship -  (16) - gradle-4.6-start\app\build\intermediates\transforms\desugar\debug\5.jar --classpath_entry C:\WorkSpace\left_ship\Left_ship -  (16) - gradle-4.6-start\exampleui2\build\intermediates\intermediate-jars\debug\classes.jar --classpath_entry C:\WorkSpace\left_ship\Left_ship -  (16) - gradle-4.6-start\chatinput\build\intermediates\intermediate-jars\debug\classes.jar --classpath_entry C:\WorkSpace\left_ship\Left_ship -  (16) - gradle-4.6-start\imui\build\intermediates\intermediate-jars\debug\classes.jar --classpath_entry C:\WorkSpace\left_ship\Left_ship -  (16) - gradle-4.6-start\app\build\intermediates\classes\debug --classpath_entry C:\WorkSpace\left_ship\Left_ship -  (16) - gradle-4.6-start\app\build\intermediates\transforms\stackFramesFixer\debug\0.jar --classpath_entry C:\WorkSpace\left_ship\Left_ship -  (16) - gradle-4.6-start\app\build\intermediates\transforms\stackFramesFixer\debug\1.jar --classpath_entry C:\WorkSpace\left_ship\Left_ship -  (16) - gradle-4.6-start
java_class_path (initial): D:\TEMP\desugar_deploy.jar3885283216085467043
Launcher Type: SUN_STANDARD

Environment Variables:
JAVA_HOME=C:\Program Files\Java\jdk1.8.0_05
CLASSPATH=.;C:\Program Files\Java\jdk1.8.0_05\lib\dt.jar;C:\Program Files\Java\jdk1.8.0_05\lib\toos.jar;D:\Program Files\apache-ant-1.10.2\lib
PATH=C:\Windows\system32;C:\Windows;C:\Windows\System32\Wbem;C:\Windows\System32\WindowsPowerShell\v1.0\;C:\Program Files (x86)\Windows Kits\8.0\Windows Performance Toolkit\;C:\Program Files\Microsoft SQL Server\110\Tools\Binn\;D:\Matlab\runtime\win64;D:\Matlab\bin;D:\Matlab\polyspace\bin;C:\Program Files (x86)\NVIDIA Corporation\PhysX\Common;C:\Program Files\Microsoft SQL Server\Client SDK\ODBC\110\Tools\Binn\;C:\Program Files (x86)\Microsoft SQL Server\120\Tools\Binn\;C:\Program Files\Microsoft SQL Server\120\Tools\Binn\;C:\Program Files\Microsoft SQL Server\120\DTS\Binn\;C:\Program Files (x86)\Windows Kits\8.1\Windows Performance Toolkit\;C:\Program Files (x86)\QuickTime\QTSystem\;"C:\Program Files\Java\jdk1.8.0_05\bin;C:\Program Files\Java\jdk1.8.0_05\jre\bin;";D:\Android_Studio\SDK\platform-tools;D:\Program Files\UltraCompare;C:\WINDOWS\system32;C:\WINDOWS;C:\WINDOWS\System32\Wbem;C:\WINDOWS\System32\WindowsPowerShell\v1.0\;C:\Program Files\Java\jdk1.8.0_05\bin;D:\Android_Studio\SDK\platform-tools;D:\Program Files\apache-ant-1.10.2\bin;D:\Program Files\MySQL_Server\mysql-5.7.21-winx64\bin;D:\Program Files\Git\cmd;D:\Program Files\tortoisegit\bin;C:\Users\huoda\AppData\Local\Microsoft\WindowsApps;D:\A_Win10_Tools\;D:\Program Files\BandZip\;D:\Android_Studio\ANT\apache-ant-1.10.2\bin;
USERNAME=huoda
OS=Windows_NT
PROCESSOR_IDENTIFIER=Intel64 Family 6 Model 158 Stepping 9, GenuineIntel



---------------  S Y S T E M  ---------------

OS: Windows 10.0 , 64 bit Build 16299 (10.0.16299.15)

CPU:total 8 (initial active 8) (4 cores per cpu, 2 threads per core) family 6 model 158 stepping 9, cmov, cx8, fxsr, mmx, sse, sse2, sse3, ssse3, sse4.1, sse4.2, popcnt, avx, avx2, aes, clmul, erms, 3dnowpref, lzcnt, ht, tsc, tscinvbit, bmi1, bmi2, adx

Memory: 4k page, physical 16663628k(1167272k free), swap 20857932k(54840k free)

vm_info: OpenJDK 64-Bit Server VM (25.152-b01) for windows-amd64 JRE (1.8.0_152-release-915-b01), built by "builder" with MS VC++ 10.0 (VS2010)

time: Sat Apr 14 20:19:04 2018
elapsed time: 0 seconds (0d 0h 0m 0s)

