#
# There is insufficient memory for the Java Runtime Environment to continue.
# Native memory allocation (malloc) failed to allocate 2887376 bytes for Chunk::new
# Possible reasons:
#   The system is out of physical RAM or swap space
#   In 32 bit mode, the process size limit was hit
# Possible solutions:
#   Reduce memory load on the system
#   Increase physical memory or swap space
#   Check if swap backing store is full
#   Use 64 bit Java on a 64 bit OS
#   Decrease Java heap size (-Xmx/-Xms)
#   Decrease number of Java threads
#   Decrease Java thread stack sizes (-Xss)
#   Set larger code cache with -XX:ReservedCodeCacheSize=
# This output file may be truncated or incomplete.
#
#  Out of Memory Error (allocation.cpp:390), pid=9672, tid=0x00000000000030d8
#
# JRE version: OpenJDK Runtime Environment (8.0_152-b01) (build 1.8.0_152-release-915-b01)
# Java VM: OpenJDK 64-Bit Server VM (25.152-b01 mixed mode windows-amd64 compressed oops)
# Failed to write core dump. Minidumps are not enabled by default on client versions of Windows
#

---------------  T H R E A D  ---------------

Current thread (0x00000000177d0000):  JavaThread "C2 CompilerThread0" daemon [_thread_in_native, id=12504, stack(0x0000000017f90000,0x0000000018090000)]

Stack: [0x0000000017f90000,0x0000000018090000]
[error occurred during error reporting (printing stack bounds), id 0xc0000005]

Native frames: (J=compiled Java code, j=interpreted, Vv=VM code, C=native code)


Current CompileTask:
C2:   1720  841 %     4       org.objectweb.asm.ClassReader::a @ 1360 (3587 bytes)


---------------  P R O C E S S  ---------------

Java Threads: ( => current thread )
  0x0000000017873800 JavaThread "Service Thread" daemon [_thread_blocked, id=5396, stack(0x0000000018390000,0x0000000018490000)]
  0x0000000017813000 JavaThread "C1 CompilerThread3" daemon [_thread_blocked, id=14192, stack(0x0000000018290000,0x0000000018390000)]
  0x00000000177db000 JavaThread "C2 CompilerThread2" daemon [_thread_in_native, id=13628, stack(0x0000000018190000,0x0000000018290000)]
  0x00000000177d7000 JavaThread "C2 CompilerThread1" daemon [_thread_blocked, id=3644, stack(0x0000000018090000,0x0000000018190000)]
=>0x00000000177d0000 JavaThread "C2 CompilerThread0" daemon [_thread_in_native, id=12504, stack(0x0000000017f90000,0x0000000018090000)]
  0x00000000177cf800 JavaThread "Attach Listener" daemon [_thread_blocked, id=13944, stack(0x0000000017e90000,0x0000000017f90000)]
  0x0000000017779800 JavaThread "Signal Dispatcher" daemon [_thread_blocked, id=13484, stack(0x0000000017d90000,0x0000000017e90000)]
  0x0000000017760800 JavaThread "Finalizer" daemon [_thread_blocked, id=10084, stack(0x0000000017b40000,0x0000000017c40000)]
  0x000000001584b800 JavaThread "Reference Handler" daemon [_thread_blocked, id=240, stack(0x0000000017640000,0x0000000017740000)]
  0x0000000004fa5000 JavaThread "main" [_thread_in_Java, id=6392, stack(0x0000000004ea0000,0x0000000004fa0000)]

Other Threads:
  0x0000000015847000 VMThread [stack: 0x0000000017540000,0x0000000017640000] [id=6208]
  0x0000000017874800 WatcherThread [stack: 0x0000000018490000,0x0000000018590000] [id=4424]

VM state:not at safepoint (normal execution)

VM Mutex/Monitor currently owned by a thread: None

Heap:
 PSYoungGen      total 18944K, used 17598K [0x00000000feb00000, 0x0000000100000000, 0x0000000100000000)
  eden space 16384K, 91% used [0x00000000feb00000,0x00000000ff9b60c0,0x00000000ffb00000)
  from space 2560K, 98% used [0x00000000ffd80000,0x00000000ffff9898,0x0000000100000000)
  to   space 2560K, 0% used [0x00000000ffb00000,0x00000000ffb00000,0x00000000ffd80000)
 ParOldGen       total 44032K, used 5217K [0x00000000fc000000, 0x00000000feb00000, 0x00000000feb00000)
  object space 44032K, 11% used [0x00000000fc000000,0x00000000fc518458,0x00000000feb00000)
 Metaspace       used 7640K, capacity 7852K, committed 7936K, reserved 1056768K
  class space    used 870K, capacity 956K, committed 1024K, reserved 1048576K

Card table byte_map: [0x0000000004da0000,0x0000000004dd0000] byte_map_base: 0x00000000045c0000

Marking Bits: (ParMarkBitMap*) 0x000000005bfc3950
 Begin Bits: [0x0000000014c60000, 0x0000000014d60000)
 End Bits:   [0x0000000014d60000, 0x0000000014e60000)

Polling page: 0x0000000003010000

CodeCache: size=245760Kb used=3931Kb max_used=3952Kb free=241828Kb
 bounds [0x00000000050a0000, 0x0000000005490000, 0x00000000140a0000]
 total_blobs=1378 nmethods=1044 adapters=248
 compilation: enabled

Compilation events (10 events):
Event: 1.695 Thread 0x0000000017813000 1042       3       com.google.devtools.build.android.desugar.ZipInputFileProvider::getInputStream (16 bytes)
Event: 1.695 Thread 0x0000000017813000 nmethod 1042 0x0000000005472750 code [0x00000000054728c0, 0x0000000005472b98]
Event: 1.695 Thread 0x0000000017813000 1043       3       com.google.devtools.build.android.desugar.CoreLibraryRewriter::reader (29 bytes)
Event: 1.696 Thread 0x0000000017813000 nmethod 1043 0x0000000005471dd0 code [0x0000000005471f80, 0x0000000005472488]
Event: 1.696 Thread 0x0000000017813000 1044       3       java.util.HashMap::entrySet (27 bytes)
Event: 1.696 Thread 0x0000000017813000 nmethod 1044 0x00000000054716d0 code [0x0000000005471860, 0x0000000005471c10]
Event: 1.696 Thread 0x0000000017813000 1045       3       java.util.HashMap$EntryIterator::<init> (11 bytes)
Event: 1.696 Thread 0x0000000017813000 nmethod 1045 0x0000000005471310 code [0x0000000005471480, 0x0000000005471628]
Event: 1.706 Thread 0x00000000177db000 nmethod 1039 0x0000000005476950 code [0x0000000005476b20, 0x0000000005477730]
Event: 1.706 Thread 0x00000000177db000 1046       4       org.objectweb.asm.Type::a (269 bytes)

GC Heap History (4 events):
Event: 0.875 GC heap before
{Heap before GC invocations=1 (full 0):
 PSYoungGen      total 18944K, used 16384K [0x00000000feb00000, 0x0000000100000000, 0x0000000100000000)
  eden space 16384K, 100% used [0x00000000feb00000,0x00000000ffb00000,0x00000000ffb00000)
  from space 2560K, 0% used [0x00000000ffd80000,0x00000000ffd80000,0x0000000100000000)
  to   space 2560K, 0% used [0x00000000ffb00000,0x00000000ffb00000,0x00000000ffd80000)
 ParOldGen       total 44032K, used 0K [0x00000000fc000000, 0x00000000feb00000, 0x00000000feb00000)
  object space 44032K, 0% used [0x00000000fc000000,0x00000000fc000000,0x00000000feb00000)
 Metaspace       used 6597K, capacity 6746K, committed 7040K, reserved 1056768K
  class space    used 771K, capacity 823K, committed 896K, reserved 1048576K
Event: 0.901 GC heap after
Heap after GC invocations=1 (full 0):
 PSYoungGen      total 18944K, used 2536K [0x00000000feb00000, 0x0000000100000000, 0x0000000100000000)
  eden space 16384K, 0% used [0x00000000feb00000,0x00000000feb00000,0x00000000ffb00000)
  from space 2560K, 99% used [0x00000000ffb00000,0x00000000ffd7a030,0x00000000ffd80000)
  to   space 2560K, 0% used [0x00000000ffd80000,0x00000000ffd80000,0x0000000100000000)
 ParOldGen       total 44032K, used 1524K [0x00000000fc000000, 0x00000000feb00000, 0x00000000feb00000)
  object space 44032K, 3% used [0x00000000fc000000,0x00000000fc17d310,0x00000000feb00000)
 Metaspace       used 6597K, capacity 6746K, committed 7040K, reserved 1056768K
  class space    used 771K, capacity 823K, committed 896K, reserved 1048576K
}
Event: 1.323 GC heap before
{Heap before GC invocations=2 (full 0):
 PSYoungGen      total 18944K, used 18920K [0x00000000feb00000, 0x0000000100000000, 0x0000000100000000)
  eden space 16384K, 100% used [0x00000000feb00000,0x00000000ffb00000,0x00000000ffb00000)
  from space 2560K, 99% used [0x00000000ffb00000,0x00000000ffd7a030,0x00000000ffd80000)
  to   space 2560K, 0% used [0x00000000ffd80000,0x00000000ffd80000,0x0000000100000000)
 ParOldGen       total 44032K, used 1524K [0x00000000fc000000, 0x00000000feb00000, 0x00000000feb00000)
  object space 44032K, 3% used [0x00000000fc000000,0x00000000fc17d310,0x00000000feb00000)
 Metaspace       used 7526K, capacity 7724K, committed 7936K, reserved 1056768K
  class space    used 867K, capacity 956K, committed 1024K, reserved 1048576K
Event: 1.385 GC heap after
Heap after GC invocations=2 (full 0):
 PSYoungGen      total 18944K, used 2534K [0x00000000feb00000, 0x0000000100000000, 0x0000000100000000)
  eden space 16384K, 0% used [0x00000000feb00000,0x00000000feb00000,0x00000000ffb00000)
  from space 2560K, 98% used [0x00000000ffd80000,0x00000000ffff9898,0x0000000100000000)
  to   space 2560K, 0% used [0x00000000ffb00000,0x00000000ffb00000,0x00000000ffd80000)
 ParOldGen       total 44032K, used 5217K [0x00000000fc000000, 0x00000000feb00000, 0x00000000feb00000)
  object space 44032K, 11% used [0x00000000fc000000,0x00000000fc518458,0x00000000feb00000)
 Metaspace       used 7526K, capacity 7724K, committed 7936K, reserved 1056768K
  class space    used 867K, capacity 956K, committed 1024K, reserved 1048576K
}

Deoptimization events (10 events):
Event: 1.004 Thread 0x0000000004fa5000 Uncommon trap: reason=unloaded action=reinterpret pc=0x00000000052c7bfc method=java.util.zip.ZipEntry.setExtra0([BZ)V @ 37
Event: 1.218 Thread 0x0000000004fa5000 Uncommon trap: reason=unstable_if action=reinterpret pc=0x0000000005263bf8 method=java.lang.String.<init>([CII)V @ 18
Event: 1.391 Thread 0x0000000004fa5000 Uncommon trap: reason=unstable_if action=reinterpret pc=0x00000000053a24d8 method=org.objectweb.asm.Item.a(Lorg/objectweb/asm/Item;)Z @ 345
Event: 1.599 Thread 0x0000000004fa5000 Uncommon trap: reason=unstable_if action=reinterpret pc=0x00000000053e90cc method=org.objectweb.asm.MethodWriter.visitFieldInsn(ILjava/lang/String;Ljava/lang/String;Ljava/lang/String;)V @ 207
Event: 1.599 Thread 0x0000000004fa5000 Uncommon trap: reason=unstable_if action=reinterpret pc=0x00000000053eec08 method=org.objectweb.asm.MethodWriter.visitVarInsn(II)V @ 130
Event: 1.601 Thread 0x0000000004fa5000 Uncommon trap: reason=unstable_if action=reinterpret pc=0x000000000539be94 method=org.objectweb.asm.MethodWriter.visitVarInsn(II)V @ 130
Event: 1.601 Thread 0x0000000004fa5000 Uncommon trap: reason=unstable_if action=reinterpret pc=0x00000000054017c8 method=org.objectweb.asm.Type.getArgumentsAndReturnSizes(Ljava/lang/String;)I @ 47
Event: 1.614 Thread 0x0000000004fa5000 Uncommon trap: reason=unstable_if action=reinterpret pc=0x00000000054404a0 method=org.objectweb.asm.MethodWriter.visitFieldInsn(ILjava/lang/String;Ljava/lang/String;Ljava/lang/String;)V @ 141
Event: 1.689 Thread 0x0000000004fa5000 Uncommon trap: reason=unstable_if action=reinterpret pc=0x0000000005457494 method=org.objectweb.asm.Type.getArgumentsAndReturnSizes(Ljava/lang/String;)I @ 130
Event: 1.689 Thread 0x0000000004fa5000 Uncommon trap: reason=unstable_if action=reinterpret pc=0x0000000005460760 method=org.objectweb.asm.MethodWriter.visitVarInsn(II)V @ 148

Classes redefined (0 events):
No events

Internal exceptions (10 events):
Event: 1.012 Thread 0x0000000004fa5000 Exception <a 'sun/nio/fs/WindowsException'> (0x00000000ff2335b8) thrown at [D:\src\AOSP-openjdk-cygwin\jdk8u\hotspot\src\share\vm\prims\jni.cpp, line 709]
Event: 1.012 Thread 0x0000000004fa5000 Exception <a 'sun/nio/fs/WindowsException'> (0x00000000ff233a68) thrown at [D:\src\AOSP-openjdk-cygwin\jdk8u\hotspot\src\share\vm\prims\jni.cpp, line 709]
Event: 1.012 Thread 0x0000000004fa5000 Exception <a 'sun/nio/fs/WindowsException'> (0x00000000ff2341b8) thrown at [D:\src\AOSP-openjdk-cygwin\jdk8u\hotspot\src\share\vm\prims\jni.cpp, line 709]
Event: 1.019 Thread 0x0000000004fa5000 Exception <a 'sun/nio/fs/WindowsException'> (0x00000000ff238cd8) thrown at [D:\src\AOSP-openjdk-cygwin\jdk8u\hotspot\src\share\vm\prims\jni.cpp, line 709]
Event: 1.189 Thread 0x0000000004fa5000 Exception <a 'sun/nio/fs/WindowsException'> (0x00000000ff5d10a8) thrown at [D:\src\AOSP-openjdk-cygwin\jdk8u\hotspot\src\share\vm\prims\jni.cpp, line 709]
Event: 1.189 Thread 0x0000000004fa5000 Exception <a 'sun/nio/fs/WindowsException'> (0x00000000ff5d1668) thrown at [D:\src\AOSP-openjdk-cygwin\jdk8u\hotspot\src\share\vm\prims\jni.cpp, line 709]
Event: 1.396 Thread 0x0000000004fa5000 Exception <a 'sun/nio/fs/WindowsException'> (0x00000000fec44fb0) thrown at [D:\src\AOSP-openjdk-cygwin\jdk8u\hotspot\src\share\vm\prims\jni.cpp, line 709]
Event: 1.396 Thread 0x0000000004fa5000 Exception <a 'sun/nio/fs/WindowsException'> (0x00000000fec454f0) thrown at [D:\src\AOSP-openjdk-cygwin\jdk8u\hotspot\src\share\vm\prims\jni.cpp, line 709]
Event: 1.683 Thread 0x0000000004fa5000 Exception <a 'sun/nio/fs/WindowsException'> (0x00000000ff85c458) thrown at [D:\src\AOSP-openjdk-cygwin\jdk8u\hotspot\src\share\vm\prims\jni.cpp, line 709]
Event: 1.683 Thread 0x0000000004fa5000 Exception <a 'sun/nio/fs/WindowsException'> (0x00000000ff85c998) thrown at [D:\src\AOSP-openjdk-cygwin\jdk8u\hotspot\src\share\vm\prims\jni.cpp, line 709]

Events (10 events):
Event: 1.645 Thread 0x0000000004fa5000 DEOPT PACKING pc=0x00000000053db926 sp=0x0000000004f9ef60
Event: 1.645 Thread 0x0000000004fa5000 DEOPT UNPACKING pc=0x00000000050e75bf sp=0x0000000004f9ed40 mode 0
Event: 1.689 Thread 0x0000000004fa5000 Uncommon trap: trap_request=0xffffff65 fr.pc=0x0000000005457494
Event: 1.689 Thread 0x0000000004fa5000 DEOPT PACKING pc=0x0000000005457494 sp=0x0000000004f9ecd0
Event: 1.689 Thread 0x0000000004fa5000 DEOPT UNPACKING pc=0x00000000050e556a sp=0x0000000004f9eba8 mode 2
Event: 1.689 Thread 0x0000000004fa5000 Uncommon trap: trap_request=0xffffff65 fr.pc=0x0000000005460760
Event: 1.689 Thread 0x0000000004fa5000 DEOPT PACKING pc=0x0000000005460760 sp=0x0000000004f9ee60
Event: 1.689 Thread 0x0000000004fa5000 DEOPT UNPACKING pc=0x00000000050e556a sp=0x0000000004f9eda8 mode 2
Event: 1.690 Thread 0x0000000004fa5000 DEOPT PACKING pc=0x000000000539b670 sp=0x0000000004f9ef10
Event: 1.690 Thread 0x0000000004fa5000 DEOPT UNPACKING pc=0x00000000050e75bf sp=0x0000000004f9ec38 mode 0


Dynamic libraries:
0x00007ff693a30000 - 0x00007ff693a61000 	D:\Android_Studio\Android_Studio3.0\jre\bin\java.exe
0x00007ffb10880000 - 0x00007ffb10a60000 	C:\WINDOWS\SYSTEM32\ntdll.dll
0x00007ffb0eeb0000 - 0x00007ffb0ef5e000 	C:\WINDOWS\System32\KERNEL32.DLL
0x00007ffb0cd80000 - 0x00007ffb0cfe6000 	C:\WINDOWS\System32\KERNELBASE.dll
0x00007ffb107a0000 - 0x00007ffb10841000 	C:\WINDOWS\System32\ADVAPI32.dll
0x00007ffb0e340000 - 0x00007ffb0e3dd000 	C:\WINDOWS\System32\msvcrt.dll
0x00007ffb0e3e0000 - 0x00007ffb0e43b000 	C:\WINDOWS\System32\sechost.dll
0x00007ffb0ed90000 - 0x00007ffb0eeaf000 	C:\WINDOWS\System32\RPCRT4.dll
0x00007ffb0dfe0000 - 0x00007ffb0e16f000 	C:\WINDOWS\System32\USER32.dll
0x00007ffb0dbb0000 - 0x00007ffb0dbd0000 	C:\WINDOWS\System32\win32u.dll
0x00007ffb0dd50000 - 0x00007ffb0dd78000 	C:\WINDOWS\System32\GDI32.dll
0x00007ffb0d2c0000 - 0x00007ffb0d453000 	C:\WINDOWS\System32\gdi32full.dll
0x00007ffb0dcb0000 - 0x00007ffb0dd4b000 	C:\WINDOWS\System32\msvcp_win.dll
0x00007ffb0cc80000 - 0x00007ffb0cd76000 	C:\WINDOWS\System32\ucrtbase.dll
0x00007ffaff180000 - 0x00007ffaff3e9000 	C:\WINDOWS\WinSxS\amd64_microsoft.windows.common-controls_6595b64144ccf1df_6.0.16299.309_none_15cfd4c4935e6b11\COMCTL32.dll
0x00007ffb0ea70000 - 0x00007ffb0ed78000 	C:\WINDOWS\System32\combase.dll
0x00007ffb0dc30000 - 0x00007ffb0dca2000 	C:\WINDOWS\System32\bcryptPrimitives.dll
0x00007ffb10650000 - 0x00007ffb1067d000 	C:\WINDOWS\System32\IMM32.DLL
0x00007ffb0cb60000 - 0x00007ffb0cbce000 	C:\WINDOWS\System32\dtrampo.dll
0x000000005b640000 - 0x000000005b712000 	D:\Android_Studio\Android_Studio3.0\jre\jre\bin\msvcr100.dll
0x000000005b800000 - 0x000000005c03e000 	D:\Android_Studio\Android_Studio3.0\jre\jre\bin\server\jvm.dll
0x00007ffb10680000 - 0x00007ffb10688000 	C:\WINDOWS\System32\PSAPI.DLL
0x00007ffb0a550000 - 0x00007ffb0a559000 	C:\WINDOWS\SYSTEM32\WSOCK32.dll
0x00007ffb0ea00000 - 0x00007ffb0ea6c000 	C:\WINDOWS\System32\WS2_32.dll
0x00007ffb079f0000 - 0x00007ffb07a13000 	C:\WINDOWS\SYSTEM32\WINMM.dll
0x00007ffb026b0000 - 0x00007ffb026ba000 	C:\WINDOWS\SYSTEM32\VERSION.dll
0x00007ffb073e0000 - 0x00007ffb0740a000 	C:\WINDOWS\SYSTEM32\WINMMBASE.dll
0x00007ffb0cff0000 - 0x00007ffb0d03a000 	C:\WINDOWS\System32\cfgmgr32.dll
0x00007ffb0a540000 - 0x00007ffb0a54f000 	D:\Android_Studio\Android_Studio3.0\jre\jre\bin\verify.dll
0x00007ffb08e00000 - 0x00007ffb08e29000 	D:\Android_Studio\Android_Studio3.0\jre\jre\bin\java.dll
0x00007ffb0a4c0000 - 0x00007ffb0a4d6000 	D:\Android_Studio\Android_Studio3.0\jre\jre\bin\zip.dll
0x00007ffb0f100000 - 0x00007ffb10536000 	C:\WINDOWS\System32\SHELL32.dll
0x00007ffb106f0000 - 0x00007ffb10796000 	C:\WINDOWS\System32\shcore.dll
0x00007ffb0d460000 - 0x00007ffb0dba7000 	C:\WINDOWS\System32\windows.storage.dll
0x00007ffb0e4e0000 - 0x00007ffb0e531000 	C:\WINDOWS\System32\shlwapi.dll
0x00007ffb0cbf0000 - 0x00007ffb0cc01000 	C:\WINDOWS\System32\kernel.appcore.dll
0x0000000017c40000 - 0x0000000017c8c000 	C:\WINDOWS\System32\powrprof.dll
0x00007ffb0cc10000 - 0x00007ffb0cc2b000 	C:\WINDOWS\System32\profapi.dll
0x00007ffb0c5b0000 - 0x00007ffb0c5c7000 	C:\WINDOWS\SYSTEM32\CRYPTSP.dll
0x00007ffb0bff0000 - 0x00007ffb0c023000 	C:\WINDOWS\system32\rsaenh.dll
0x00007ffb0c6c0000 - 0x00007ffb0c6e5000 	C:\WINDOWS\SYSTEM32\bcrypt.dll
0x00007ffb0ca90000 - 0x00007ffb0cab9000 	C:\WINDOWS\SYSTEM32\USERENV.dll
0x00007ffb0c5d0000 - 0x00007ffb0c5db000 	C:\WINDOWS\SYSTEM32\CRYPTBASE.dll
0x00007ffb089b0000 - 0x00007ffb089ca000 	D:\Android_Studio\Android_Studio3.0\jre\jre\bin\net.dll
0x00007ffb0c3f0000 - 0x00007ffb0c456000 	C:\WINDOWS\system32\mswsock.dll
0x00007ffb0c180000 - 0x00007ffb0c1b9000 	C:\WINDOWS\SYSTEM32\IPHLPAPI.DLL
0x00007ffb0e9f0000 - 0x00007ffb0e9f8000 	C:\WINDOWS\System32\NSI.dll
0x00007ffb07260000 - 0x00007ffb07276000 	C:\WINDOWS\SYSTEM32\dhcpcsvc6.DLL
0x00007ffb07240000 - 0x00007ffb0725a000 	C:\WINDOWS\SYSTEM32\dhcpcsvc.DLL
0x00007ffb084b0000 - 0x00007ffb084c1000 	D:\Android_Studio\Android_Studio3.0\jre\jre\bin\nio.dll

VM Arguments:
jvm_args: -Djava.awt.headless=true -Xmx64M -Dfile.encoding=GBK -Duser.country=CN -Duser.language=zh -Duser.variant 
java_command: com.google.devtools.build.android.desugar.Desugar --input C:\WorkSpace\left_ship\Left_ship -  (16) - gradle-4.6-start\app\build\intermediates\transforms\stackFramesFixer\debug\21.jar --output C:\WorkSpace\left_ship\Left_ship -  (16) - gradle-4.6-start\app\build\intermediates\transforms\desugar\debug\23.jar --input C:\WorkSpace\left_ship\Left_ship -  (16) - gradle-4.6-start\app\build\intermediates\transforms\stackFramesFixer\debug\5.jar --output C:\WorkSpace\left_ship\Left_ship -  (16) - gradle-4.6-start\app\build\intermediates\transforms\desugar\debug\7.jar --input C:\WorkSpace\left_ship\Left_ship -  (16) - gradle-4.6-start\imui\build\intermediates\intermediate-jars\debug\classes.jar --output C:\WorkSpace\left_ship\Left_ship -  (16) - gradle-4.6-start\app\build\intermediates\transforms\desugar\debug\2.jar --input C:\WorkSpace\left_ship\Left_ship -  (16) - gradle-4.6-start\app\build\intermediates\transforms\stackFramesFixer\debug\0.jar --output C:\WorkSpace\left_ship\Left_ship -  (16) - gradle-4.6-start\app\build\intermediates\transforms\desugar\debug\4.jar --classpath_entry C:\WorkSpace\left_ship\Left_ship -  (16) - gradle-4.6-start\exampleui2\build\intermediates\intermediate-jars\debug\classes.jar --classpath_entry C:\WorkSpace\left_ship\Left_ship -  (16) - gradle-4.6-start\chatinput\build\intermediates\intermediate-jars\debug\classes.jar --classpath_entry C:\WorkSpace\left_ship\Left_ship -  (16) - gradle-4.6-start\imui\build\intermediates\intermediate-jars\debug\classes.jar --classpath_entry C:\WorkSpace\left_ship\Left_ship -  (16) - gradle-4.6-start\app\build\intermediates\classes\debug --classpath_entry C:\WorkSpace\left_ship\Left_ship -  (16) - gradle-4.6-start\app\build\intermediates\transforms\stackFramesFixer\debug\0.jar --classpath_entry C:\WorkSpace\left_ship\Left_ship -  (16) - gradle-4.6-start\app\build\intermediates\transforms\stackFramesFixer\debug\3.jar --classpath_entry C:\WorkSpace\left_ship\Left_ship -  (16) - gradle-4.6-start\app\b
java_class_path (initial): D:\TEMP\desugar_deploy.jar3383406665331306214
Launcher Type: SUN_STANDARD

Environment Variables:
JAVA_HOME=C:\Program Files\Java\jdk1.8.0_05
CLASSPATH=.;C:\Program Files\Java\jdk1.8.0_05\lib\dt.jar;C:\Program Files\Java\jdk1.8.0_05\lib\toos.jar;D:\Program Files\apache-ant-1.10.2\lib
PATH=C:\Windows\system32;C:\Windows;C:\Windows\System32\Wbem;C:\Windows\System32\WindowsPowerShell\v1.0\;C:\Program Files (x86)\Windows Kits\8.0\Windows Performance Toolkit\;C:\Program Files\Microsoft SQL Server\110\Tools\Binn\;D:\Matlab\runtime\win64;D:\Matlab\bin;D:\Matlab\polyspace\bin;C:\Program Files (x86)\NVIDIA Corporation\PhysX\Common;C:\Program Files\Microsoft SQL Server\Client SDK\ODBC\110\Tools\Binn\;C:\Program Files (x86)\Microsoft SQL Server\120\Tools\Binn\;C:\Program Files\Microsoft SQL Server\120\Tools\Binn\;C:\Program Files\Microsoft SQL Server\120\DTS\Binn\;C:\Program Files (x86)\Windows Kits\8.1\Windows Performance Toolkit\;C:\Program Files (x86)\QuickTime\QTSystem\;"C:\Program Files\Java\jdk1.8.0_05\bin;C:\Program Files\Java\jdk1.8.0_05\jre\bin;";D:\Android_Studio\SDK\platform-tools;D:\Program Files\UltraCompare;C:\WINDOWS\system32;C:\WINDOWS;C:\WINDOWS\System32\Wbem;C:\WINDOWS\System32\WindowsPowerShell\v1.0\;C:\Program Files\Java\jdk1.8.0_05\bin;D:\Android_Studio\SDK\platform-tools;D:\Program Files\apache-ant-1.10.2\bin;D:\Program Files\MySQL_Server\mysql-5.7.21-winx64\bin;D:\Program Files\Git\cmd;D:\Program Files\tortoisegit\bin;C:\Users\huoda\AppData\Local\Microsoft\WindowsApps;D:\A_Win10_Tools\;D:\Program Files\BandZip\;D:\Android_Studio\ANT\apache-ant-1.10.2\bin;
USERNAME=huoda
OS=Windows_NT
PROCESSOR_IDENTIFIER=Intel64 Family 6 Model 158 Stepping 9, GenuineIntel



---------------  S Y S T E M  ---------------

OS: Windows 10.0 , 64 bit Build 16299 (10.0.16299.15)

CPU:total 8 (initial active 8) (4 cores per cpu, 2 threads per core) family 6 model 158 stepping 9, cmov, cx8, fxsr, mmx, sse, sse2, sse3, ssse3, sse4.1, sse4.2, popcnt, avx, avx2, aes, clmul, erms, 3dnowpref, lzcnt, ht, tsc, tscinvbit, bmi1, bmi2, adx

Memory: 4k page, physical 16663628k(3744708k free), swap 20857932k(7764k free)

vm_info: OpenJDK 64-Bit Server VM (25.152-b01) for windows-amd64 JRE (1.8.0_152-release-915-b01), built by "builder" with MS VC++ 10.0 (VS2010)

time: Sun Apr 08 00:33:02 2018
elapsed time: 1 seconds (0d 0h 0m 1s)

