#
# There is insufficient memory for the Java Runtime Environment to continue.
# Native memory allocation (malloc) failed to allocate 1048576 bytes for AllocateHeap
# Possible reasons:
#   The system is out of physical RAM or swap space
#   In 32 bit mode, the process size limit was hit
# Possible solutions:
#   Reduce memory load on the system
#   Increase physical memory or swap space
#   Check if swap backing store is full
#   Use 64 bit Java on a 64 bit OS
#   Decrease Java heap size (-Xmx/-Xms)
#   Decrease number of Java threads
#   Decrease Java thread stack sizes (-Xss)
#   Set larger code cache with -XX:ReservedCodeCacheSize=
# This output file may be truncated or incomplete.
#
#  Out of Memory Error (memory/allocation.inline.hpp:61), pid=9800, tid=0x00000000000023c4
#
# JRE version:  (8.0_152-b01) (build )
# Java VM: OpenJDK 64-Bit Server VM (25.152-b01 mixed mode windows-amd64 compressed oops)
# Failed to write core dump. Minidumps are not enabled by default on client versions of Windows
#

---------------  T H R E A D  ---------------

Current thread (0x0000000004e65000):  JavaThread "Unknown thread" [_thread_in_vm, id=9156, stack(0x0000000004cd0000,0x0000000004dd0000)]

Stack: [0x0000000004cd0000,0x0000000004dd0000]
[error occurred during error reporting (printing stack bounds), id 0xc0000005]

Native frames: (J=compiled Java code, j=interpreted, Vv=VM code, C=native code)


---------------  P R O C E S S  ---------------

Java Threads: ( => current thread )

Other Threads:

=>0x0000000004e65000 (exited) JavaThread "Unknown thread" [_thread_in_vm, id=9156, stack(0x0000000004cd0000,0x0000000004dd0000)]

VM state:not at safepoint (normal execution)

VM Mutex/Monitor currently owned by a thread: None

Heap:
 PSYoungGen      total 18944K, used 327K [0x00000000feb00000, 0x0000000100000000, 0x0000000100000000)
  eden space 16384K, 2% used [0x00000000feb00000,0x00000000feb51ec8,0x00000000ffb00000)
  from space 2560K, 0% used [0x00000000ffd80000,0x00000000ffd80000,0x0000000100000000)
  to   space 2560K, 0% used [0x00000000ffb00000,0x00000000ffb00000,0x00000000ffd80000)
 ParOldGen       total 44032K, used 0K [0x00000000fc000000, 0x00000000feb00000, 0x00000000feb00000)
  object space 44032K, 0% used [0x00000000fc000000,0x00000000fc000000,0x00000000feb00000)
 Metaspace       used 772K, capacity 4480K, committed 4480K, reserved 1056768K
  class space    used 73K, capacity 384K, committed 384K, reserved 1048576K

Card table byte_map: [0x0000000004dd0000,0x0000000004e00000] byte_map_base: 0x00000000045f0000

Marking Bits: (ParMarkBitMap*) 0x000000005bfc3950
 Begin Bits: [0x0000000014b20000, 0x0000000014c20000)
 End Bits:   [0x0000000014c20000, 0x0000000014d20000)

Polling page: 0x0000000002e70000

CodeCache: size=245760Kb used=328Kb max_used=328Kb free=245431Kb
 bounds [0x0000000004f60000, 0x00000000051d0000, 0x0000000013f60000]
 total_blobs=57 nmethods=0 adapters=38
 compilation: enabled

Compilation events (0 events):
No events

GC Heap History (0 events):
No events

Deoptimization events (0 events):
No events

Classes redefined (0 events):
No events

Internal exceptions (0 events):
No events

Events (10 events):
Event: 0.027 loading class java/lang/Short
Event: 0.027 loading class java/lang/Short done
Event: 0.027 loading class java/lang/Integer
Event: 0.027 loading class java/lang/Integer done
Event: 0.027 loading class java/lang/Long
Event: 0.028 loading class java/lang/Long done
Event: 0.028 loading class java/lang/NullPointerException
Event: 0.028 loading class java/lang/NullPointerException done
Event: 0.028 loading class java/lang/ArithmeticException
Event: 0.028 loading class java/lang/ArithmeticException done


Dynamic libraries:
0x00007ff693a30000 - 0x00007ff693a61000 	D:\Android_Studio\Android_Studio3.0\jre\bin\java.exe
0x00007ffb10880000 - 0x00007ffb10a60000 	C:\WINDOWS\SYSTEM32\ntdll.dll
0x00007ffb0eeb0000 - 0x00007ffb0ef5e000 	C:\WINDOWS\System32\KERNEL32.DLL
0x00007ffb0cd80000 - 0x00007ffb0cfe6000 	C:\WINDOWS\System32\KERNELBASE.dll
0x00007ffb107a0000 - 0x00007ffb10841000 	C:\WINDOWS\System32\ADVAPI32.dll
0x00007ffb0e340000 - 0x00007ffb0e3dd000 	C:\WINDOWS\System32\msvcrt.dll
0x00007ffb0e3e0000 - 0x00007ffb0e43b000 	C:\WINDOWS\System32\sechost.dll
0x00007ffb0ed90000 - 0x00007ffb0eeaf000 	C:\WINDOWS\System32\RPCRT4.dll
0x00007ffb0dfe0000 - 0x00007ffb0e16f000 	C:\WINDOWS\System32\USER32.dll
0x00007ffb0dbb0000 - 0x00007ffb0dbd0000 	C:\WINDOWS\System32\win32u.dll
0x00007ffb0dd50000 - 0x00007ffb0dd78000 	C:\WINDOWS\System32\GDI32.dll
0x00007ffb0d2c0000 - 0x00007ffb0d453000 	C:\WINDOWS\System32\gdi32full.dll
0x00007ffb0dcb0000 - 0x00007ffb0dd4b000 	C:\WINDOWS\System32\msvcp_win.dll
0x00007ffb0cc80000 - 0x00007ffb0cd76000 	C:\WINDOWS\System32\ucrtbase.dll
0x00007ffaff180000 - 0x00007ffaff3e9000 	C:\WINDOWS\WinSxS\amd64_microsoft.windows.common-controls_6595b64144ccf1df_6.0.16299.309_none_15cfd4c4935e6b11\COMCTL32.dll
0x00007ffb0ea70000 - 0x00007ffb0ed78000 	C:\WINDOWS\System32\combase.dll
0x00007ffb0dc30000 - 0x00007ffb0dca2000 	C:\WINDOWS\System32\bcryptPrimitives.dll
0x00007ffb10650000 - 0x00007ffb1067d000 	C:\WINDOWS\System32\IMM32.DLL
0x00007ffb0cb60000 - 0x00007ffb0cbce000 	C:\WINDOWS\System32\dtrampo.dll
0x000000005b640000 - 0x000000005b712000 	D:\Android_Studio\Android_Studio3.0\jre\jre\bin\msvcr100.dll
0x000000005b800000 - 0x000000005c03e000 	D:\Android_Studio\Android_Studio3.0\jre\jre\bin\server\jvm.dll
0x00007ffb10680000 - 0x00007ffb10688000 	C:\WINDOWS\System32\PSAPI.DLL
0x00007ffb0a550000 - 0x00007ffb0a559000 	C:\WINDOWS\SYSTEM32\WSOCK32.dll
0x00007ffb0ea00000 - 0x00007ffb0ea6c000 	C:\WINDOWS\System32\WS2_32.dll
0x00007ffb079f0000 - 0x00007ffb07a13000 	C:\WINDOWS\SYSTEM32\WINMM.dll
0x00007ffb026b0000 - 0x00007ffb026ba000 	C:\WINDOWS\SYSTEM32\VERSION.dll
0x00007ffb073e0000 - 0x00007ffb0740a000 	C:\WINDOWS\SYSTEM32\WINMMBASE.dll
0x00007ffb0cff0000 - 0x00007ffb0d03a000 	C:\WINDOWS\System32\cfgmgr32.dll
0x00007ffb0a540000 - 0x00007ffb0a54f000 	D:\Android_Studio\Android_Studio3.0\jre\jre\bin\verify.dll
0x00007ffb08e00000 - 0x00007ffb08e29000 	D:\Android_Studio\Android_Studio3.0\jre\jre\bin\java.dll
0x00007ffb089b0000 - 0x00007ffb089c6000 	D:\Android_Studio\Android_Studio3.0\jre\jre\bin\zip.dll

VM Arguments:
jvm_args: -Djava.awt.headless=true -Xmx64M -Dfile.encoding=GBK -Duser.country=CN -Duser.language=zh -Duser.variant 
java_command: com.google.devtools.build.android.desugar.Desugar --input C:\WorkSpace\left_ship\Left_ship -  (16) - gradle-4.6-start\app\build\intermediates\transforms\stackFramesFixer\debug\21.jar --output C:\WorkSpace\left_ship\Left_ship -  (16) - gradle-4.6-start\app\build\intermediates\transforms\desugar\debug\23.jar --input C:\WorkSpace\left_ship\Left_ship -  (16) - gradle-4.6-start\app\build\intermediates\transforms\stackFramesFixer\debug\8.jar --output C:\WorkSpace\left_ship\Left_ship -  (16) - gradle-4.6-start\app\build\intermediates\transforms\desugar\debug\10.jar --input C:\WorkSpace\left_ship\Left_ship -  (16) - gradle-4.6-start\app\build\intermediates\transforms\stackFramesFixer\debug\32.jar --output C:\WorkSpace\left_ship\Left_ship -  (16) - gradle-4.6-start\app\build\intermediates\transforms\desugar\debug\33.jar --input C:\WorkSpace\left_ship\Left_ship -  (16) - gradle-4.6-start\app\build\intermediates\transforms\stackFramesFixer\debug\13.jar --output C:\WorkSpace\left_ship\Left_ship -  (16) - gradle-4.6-start\app\build\intermediates\transforms\desugar\debug\15.jar --classpath_entry C:\WorkSpace\left_ship\Left_ship -  (16) - gradle-4.6-start\exampleui2\build\intermediates\intermediate-jars\debug\classes.jar --classpath_entry C:\WorkSpace\left_ship\Left_ship -  (16) - gradle-4.6-start\chatinput\build\intermediates\intermediate-jars\debug\classes.jar --classpath_entry C:\WorkSpace\left_ship\Left_ship -  (16) - gradle-4.6-start\imui\build\intermediates\intermediate-jars\debug\classes.jar --classpath_entry C:\WorkSpace\left_ship\Left_ship -  (16) - gradle-4.6-start\app\build\intermediates\classes\debug --classpath_entry C:\WorkSpace\left_ship\Left_ship -  (16) - gradle-4.6-start\app\build\intermediates\transforms\stackFramesFixer\debug\0.jar --classpath_entry C:\WorkSpace\left_ship\Left_ship -  (16) - gradle-4.6-start\app\build\intermediates\transforms\stackFramesFixer\debug\3.jar --classpath_entry C:\WorkSpace\left_ship\Left_ship -  (16) - gradle-4.6-sta
java_class_path (initial): D:\TEMP\desugar_deploy.jar7792951155114607284
Launcher Type: SUN_STANDARD

Environment Variables:
JAVA_HOME=C:\Program Files\Java\jdk1.8.0_05
CLASSPATH=.;C:\Program Files\Java\jdk1.8.0_05\lib\dt.jar;C:\Program Files\Java\jdk1.8.0_05\lib\toos.jar;D:\Program Files\apache-ant-1.10.2\lib
PATH=C:\Windows\system32;C:\Windows;C:\Windows\System32\Wbem;C:\Windows\System32\WindowsPowerShell\v1.0\;C:\Program Files (x86)\Windows Kits\8.0\Windows Performance Toolkit\;C:\Program Files\Microsoft SQL Server\110\Tools\Binn\;D:\Matlab\runtime\win64;D:\Matlab\bin;D:\Matlab\polyspace\bin;C:\Program Files (x86)\NVIDIA Corporation\PhysX\Common;C:\Program Files\Microsoft SQL Server\Client SDK\ODBC\110\Tools\Binn\;C:\Program Files (x86)\Microsoft SQL Server\120\Tools\Binn\;C:\Program Files\Microsoft SQL Server\120\Tools\Binn\;C:\Program Files\Microsoft SQL Server\120\DTS\Binn\;C:\Program Files (x86)\Windows Kits\8.1\Windows Performance Toolkit\;C:\Program Files (x86)\QuickTime\QTSystem\;"C:\Program Files\Java\jdk1.8.0_05\bin;C:\Program Files\Java\jdk1.8.0_05\jre\bin;";D:\Android_Studio\SDK\platform-tools;D:\Program Files\UltraCompare;C:\WINDOWS\system32;C:\WINDOWS;C:\WINDOWS\System32\Wbem;C:\WINDOWS\System32\WindowsPowerShell\v1.0\;C:\Program Files\Java\jdk1.8.0_05\bin;D:\Android_Studio\SDK\platform-tools;D:\Program Files\apache-ant-1.10.2\bin;D:\Program Files\MySQL_Server\mysql-5.7.21-winx64\bin;D:\Program Files\Git\cmd;D:\Program Files\tortoisegit\bin;C:\Users\huoda\AppData\Local\Microsoft\WindowsApps;D:\A_Win10_Tools\;D:\Program Files\BandZip\;D:\Android_Studio\ANT\apache-ant-1.10.2\bin;
USERNAME=huoda
OS=Windows_NT
PROCESSOR_IDENTIFIER=Intel64 Family 6 Model 158 Stepping 9, GenuineIntel



---------------  S Y S T E M  ---------------

OS: Windows 10.0 , 64 bit Build 16299 (10.0.16299.15)

CPU:total 8 (initial active 8) (4 cores per cpu, 2 threads per core) family 6 model 158 stepping 9, cmov, cx8, fxsr, mmx, sse, sse2, sse3, ssse3, sse4.1, sse4.2, popcnt, avx, avx2, aes, clmul, erms, 3dnowpref, lzcnt, ht, tsc, tscinvbit, bmi1, bmi2, adx

Memory: 4k page, physical 16663628k(3361068k free), swap 20857932k(28704k free)

vm_info: OpenJDK 64-Bit Server VM (25.152-b01) for windows-amd64 JRE (1.8.0_152-release-915-b01), built by "builder" with MS VC++ 10.0 (VS2010)

time: Sat Apr 07 23:31:14 2018
elapsed time: 0 seconds (0d 0h 0m 0s)

