#
# There is insufficient memory for the Java Runtime Environment to continue.
# Native memory allocation (malloc) failed to allocate 620336 bytes for Chunk::new
# Possible reasons:
#   The system is out of physical RAM or swap space
#   In 32 bit mode, the process size limit was hit
# Possible solutions:
#   Reduce memory load on the system
#   Increase physical memory or swap space
#   Check if swap backing store is full
#   Use 64 bit Java on a 64 bit OS
#   Decrease Java heap size (-Xmx/-Xms)
#   Decrease number of Java threads
#   Decrease Java thread stack sizes (-Xss)
#   Set larger code cache with -XX:ReservedCodeCacheSize=
# This output file may be truncated or incomplete.
#
#  Out of Memory Error (allocation.cpp:390), pid=2964, tid=0x000000000000305c
#
# JRE version: OpenJDK Runtime Environment (8.0_152-b01) (build 1.8.0_152-release-915-b01)
# Java VM: OpenJDK 64-Bit Server VM (25.152-b01 mixed mode windows-amd64 compressed oops)
# Failed to write core dump. Minidumps are not enabled by default on client versions of Windows
#

---------------  T H R E A D  ---------------

Current thread (0x000000001763f000):  JavaThread "C2 CompilerThread0" daemon [_thread_in_native, id=12380, stack(0x0000000017e70000,0x0000000017f70000)]

Stack: [0x0000000017e70000,0x0000000017f70000]
[error occurred during error reporting (printing stack bounds), id 0xc0000005]

Native frames: (J=compiled Java code, j=interpreted, Vv=VM code, C=native code)


Current CompileTask:
C2:   3741 1176       4       org.objectweb.asm.MethodWriter::a (1609 bytes)


---------------  P R O C E S S  ---------------

Java Threads: ( => current thread )
  0x00000000176c0800 JavaThread "Service Thread" daemon [_thread_blocked, id=4140, stack(0x0000000018270000,0x0000000018370000)]
  0x000000001768e000 JavaThread "C1 CompilerThread3" daemon [_thread_blocked, id=3368, stack(0x0000000018170000,0x0000000018270000)]
  0x000000001766d800 JavaThread "C2 CompilerThread2" daemon [_thread_in_native, id=7752, stack(0x0000000018070000,0x0000000018170000)]
  0x000000001764a000 JavaThread "C2 CompilerThread1" daemon [_thread_in_native, id=12396, stack(0x0000000017f70000,0x0000000018070000)]
=>0x000000001763f000 JavaThread "C2 CompilerThread0" daemon [_thread_in_native, id=12380, stack(0x0000000017e70000,0x0000000017f70000)]
  0x000000001763d800 JavaThread "Attach Listener" daemon [_thread_blocked, id=7916, stack(0x0000000017d70000,0x0000000017e70000)]
  0x00000000175ea800 JavaThread "Signal Dispatcher" daemon [_thread_blocked, id=14044, stack(0x0000000017c70000,0x0000000017d70000)]
  0x00000000175d0800 JavaThread "Finalizer" daemon [_thread_blocked, id=8436, stack(0x00000000179b0000,0x0000000017ab0000)]
  0x00000000156cb800 JavaThread "Reference Handler" daemon [_thread_blocked, id=7740, stack(0x00000000174b0000,0x00000000175b0000)]
  0x0000000004e05000 JavaThread "main" [_thread_blocked, id=11960, stack(0x0000000004d00000,0x0000000004e00000)]

Other Threads:
  0x00000000156c7000 VMThread [stack: 0x00000000173b0000,0x00000000174b0000] [id=2384]
  0x00000000176c5000 WatcherThread [stack: 0x0000000018370000,0x0000000018470000] [id=7696]

VM state:at safepoint (normal execution)

VM Mutex/Monitor currently owned by a thread:  ([mutex/lock_event])
[0x0000000004e01a50] Threads_lock - owner thread: 0x00000000156c7000
[0x0000000004e01ed0] Heap_lock - owner thread: 0x0000000004e05000

Heap:
 PSYoungGen      total 18944K, used 18938K [0x00000000feb00000, 0x0000000100000000, 0x0000000100000000)
  eden space 16384K, 100% used [0x00000000feb00000,0x00000000ffb00000,0x00000000ffb00000)
  from space 2560K, 99% used [0x00000000ffb00000,0x00000000ffd7ebe0,0x00000000ffd80000)
  to   space 2560K, 86% used [0x00000000ffd80000,0x00000000fffac860,0x0000000100000000)
 ParOldGen       total 44032K, used 5628K [0x00000000fc000000, 0x00000000feb00000, 0x00000000feb00000)
  object space 44032K, 12% used [0x00000000fc000000,0x00000000fc57f128,0x00000000feb00000)
 Metaspace       used 7699K, capacity 7916K, committed 8192K, reserved 1056768K
  class space    used 870K, capacity 956K, committed 1024K, reserved 1048576K

Card table byte_map: [0x0000000004c90000,0x0000000004cc0000] byte_map_base: 0x00000000044b0000

Marking Bits: (ParMarkBitMap*) 0x000000005bfc3950
 Begin Bits: [0x0000000014ac0000, 0x0000000014bc0000)
 End Bits:   [0x0000000014bc0000, 0x0000000014cc0000)

Polling page: 0x0000000004c60000

CodeCache: size=245760Kb used=4757Kb max_used=4757Kb free=241002Kb
 bounds [0x0000000004f00000, 0x00000000053b0000, 0x0000000013f00000]
 total_blobs=1528 nmethods=1193 adapters=248
 compilation: enabled

Compilation events (10 events):
Event: 3.675 Thread 0x000000001768e000 1205       3       java.util.TimeZone::getDefaultRef (32 bytes)
Event: 3.676 Thread 0x000000001768e000 nmethod 1205 0x0000000005351850 code [0x00000000053519c0, 0x0000000005351b88]
Event: 3.676 Thread 0x000000001768e000 1200       3       com.google.devtools.build.android.desugar.Java7Compatibility::visit (35 bytes)
Event: 3.676 Thread 0x000000001768e000 nmethod 1200 0x00000000053a1b90 code [0x00000000053a1d20, 0x00000000053a2188]
Event: 3.676 Thread 0x000000001768e000 1202       3       org.objectweb.asm.ClassWriter::visitSource (36 bytes)
Event: 3.676 Thread 0x000000001768e000 nmethod 1202 0x00000000053a2390 code [0x00000000053a2520, 0x00000000053a2958]
Event: 3.676 Thread 0x000000001768e000 1203       3       com.google.devtools.build.android.desugar.LambdaDesugaring::visitEnd (363 bytes)
Event: 3.679 Thread 0x000000001768e000 nmethod 1203 0x00000000053a2b10 code [0x00000000053a3180, 0x00000000053a7458]
Event: 3.679 Thread 0x000000001768e000 1204       3       com.google.devtools.build.android.desugar.InterfaceDesugaring::visitEnd (23 bytes)
Event: 3.679 Thread 0x000000001768e000 nmethod 1204 0x0000000005396810 code [0x00000000053969a0, 0x0000000005396d88]

GC Heap History (10 events):
Event: 0.784 GC heap after
Heap after GC invocations=1 (full 0):
 PSYoungGen      total 18944K, used 2536K [0x00000000feb00000, 0x0000000100000000, 0x0000000100000000)
  eden space 16384K, 0% used [0x00000000feb00000,0x00000000feb00000,0x00000000ffb00000)
  from space 2560K, 99% used [0x00000000ffb00000,0x00000000ffd7a030,0x00000000ffd80000)
  to   space 2560K, 0% used [0x00000000ffd80000,0x00000000ffd80000,0x0000000100000000)
 ParOldGen       total 44032K, used 1560K [0x00000000fc000000, 0x00000000feb00000, 0x00000000feb00000)
  object space 44032K, 3% used [0x00000000fc000000,0x00000000fc1863f0,0x00000000feb00000)
 Metaspace       used 6569K, capacity 6682K, committed 6784K, reserved 1056768K
  class space    used 770K, capacity 823K, committed 896K, reserved 1048576K
}
Event: 1.376 GC heap before
{Heap before GC invocations=2 (full 0):
 PSYoungGen      total 18944K, used 18920K [0x00000000feb00000, 0x0000000100000000, 0x0000000100000000)
  eden space 16384K, 100% used [0x00000000feb00000,0x00000000ffb00000,0x00000000ffb00000)
  from space 2560K, 99% used [0x00000000ffb00000,0x00000000ffd7a030,0x00000000ffd80000)
  to   space 2560K, 0% used [0x00000000ffd80000,0x00000000ffd80000,0x0000000100000000)
 ParOldGen       total 44032K, used 1560K [0x00000000fc000000, 0x00000000feb00000, 0x00000000feb00000)
  object space 44032K, 3% used [0x00000000fc000000,0x00000000fc1863f0,0x00000000feb00000)
 Metaspace       used 7507K, capacity 7724K, committed 7936K, reserved 1056768K
  class space    used 870K, capacity 956K, committed 1024K, reserved 1048576K
Event: 1.387 GC heap after
Heap after GC invocations=2 (full 0):
 PSYoungGen      total 18944K, used 2546K [0x00000000feb00000, 0x0000000100000000, 0x0000000100000000)
  eden space 16384K, 0% used [0x00000000feb00000,0x00000000feb00000,0x00000000ffb00000)
  from space 2560K, 99% used [0x00000000ffd80000,0x00000000ffffc860,0x0000000100000000)
  to   space 2560K, 0% used [0x00000000ffb00000,0x00000000ffb00000,0x00000000ffd80000)
 ParOldGen       total 44032K, used 5148K [0x00000000fc000000, 0x00000000feb00000, 0x00000000feb00000)
  object space 44032K, 11% used [0x00000000fc000000,0x00000000fc5070f8,0x00000000feb00000)
 Metaspace       used 7507K, capacity 7724K, committed 7936K, reserved 1056768K
  class space    used 870K, capacity 956K, committed 1024K, reserved 1048576K
}
Event: 1.816 GC heap before
{Heap before GC invocations=3 (full 0):
 PSYoungGen      total 18944K, used 18930K [0x00000000feb00000, 0x0000000100000000, 0x0000000100000000)
  eden space 16384K, 100% used [0x00000000feb00000,0x00000000ffb00000,0x00000000ffb00000)
  from space 2560K, 99% used [0x00000000ffd80000,0x00000000ffffc860,0x0000000100000000)
  to   space 2560K, 0% used [0x00000000ffb00000,0x00000000ffb00000,0x00000000ffd80000)
 ParOldGen       total 44032K, used 5148K [0x00000000fc000000, 0x00000000feb00000, 0x00000000feb00000)
  object space 44032K, 11% used [0x00000000fc000000,0x00000000fc5070f8,0x00000000feb00000)
 Metaspace       used 7627K, capacity 7788K, committed 7936K, reserved 1056768K
  class space    used 870K, capacity 956K, committed 1024K, reserved 1048576K
Event: 1.951 GC heap after
Heap after GC invocations=3 (full 0):
 PSYoungGen      total 18944K, used 2546K [0x00000000feb00000, 0x0000000100000000, 0x0000000100000000)
  eden space 16384K, 0% used [0x00000000feb00000,0x00000000feb00000,0x00000000ffb00000)
  from space 2560K, 99% used [0x00000000ffb00000,0x00000000ffd7c840,0x00000000ffd80000)
  to   space 2560K, 0% used [0x00000000ffd80000,0x00000000ffd80000,0x0000000100000000)
 ParOldGen       total 44032K, used 5156K [0x00000000fc000000, 0x00000000feb00000, 0x00000000feb00000)
  object space 44032K, 11% used [0x00000000fc000000,0x00000000fc5090f8,0x00000000feb00000)
 Metaspace       used 7627K, capacity 7788K, committed 7936K, reserved 1056768K
  class space    used 870K, capacity 956K, committed 1024K, reserved 1048576K
}
Event: 2.768 GC heap before
{Heap before GC invocations=4 (full 0):
 PSYoungGen      total 18944K, used 18930K [0x00000000feb00000, 0x0000000100000000, 0x0000000100000000)
  eden space 16384K, 100% used [0x00000000feb00000,0x00000000ffb00000,0x00000000ffb00000)
  from space 2560K, 99% used [0x00000000ffb00000,0x00000000ffd7c840,0x00000000ffd80000)
  to   space 2560K, 0% used [0x00000000ffd80000,0x00000000ffd80000,0x0000000100000000)
 ParOldGen       total 44032K, used 5156K [0x00000000fc000000, 0x00000000feb00000, 0x00000000feb00000)
  object space 44032K, 11% used [0x00000000fc000000,0x00000000fc5090f8,0x00000000feb00000)
 Metaspace       used 7640K, capacity 7788K, committed 7936K, reserved 1056768K
  class space    used 870K, capacity 956K, committed 1024K, reserved 1048576K
Event: 3.099 GC heap after
Heap after GC invocations=4 (full 0):
 PSYoungGen      total 18944K, used 2536K [0x00000000feb00000, 0x0000000100000000, 0x0000000100000000)
  eden space 16384K, 0% used [0x00000000feb00000,0x00000000feb00000,0x00000000ffb00000)
  from space 2560K, 99% used [0x00000000ffd80000,0x00000000ffffa360,0x0000000100000000)
  to   space 2560K, 0% used [0x00000000ffb00000,0x00000000ffb00000,0x00000000ffd80000)
 ParOldGen       total 44032K, used 5404K [0x00000000fc000000, 0x00000000feb00000, 0x00000000feb00000)
  object space 44032K, 12% used [0x00000000fc000000,0x00000000fc547128,0x00000000feb00000)
 Metaspace       used 7640K, capacity 7788K, committed 7936K, reserved 1056768K
  class space    used 870K, capacity 956K, committed 1024K, reserved 1048576K
}
Event: 3.340 GC heap before
{Heap before GC invocations=5 (full 0):
 PSYoungGen      total 18944K, used 18920K [0x00000000feb00000, 0x0000000100000000, 0x0000000100000000)
  eden space 16384K, 100% used [0x00000000feb00000,0x00000000ffb00000,0x00000000ffb00000)
  from space 2560K, 99% used [0x00000000ffd80000,0x00000000ffffa360,0x0000000100000000)
  to   space 2560K, 0% used [0x00000000ffb00000,0x00000000ffb00000,0x00000000ffd80000)
 ParOldGen       total 44032K, used 5404K [0x00000000fc000000, 0x00000000feb00000, 0x00000000feb00000)
  object space 44032K, 12% used [0x00000000fc000000,0x00000000fc547128,0x00000000feb00000)
 Metaspace       used 7649K, capacity 7788K, committed 7936K, reserved 1056768K
  class space    used 870K, capacity 956K, committed 1024K, reserved 1048576K
Event: 3.551 GC heap after
Heap after GC invocations=5 (full 0):
 PSYoungGen      total 18944K, used 2554K [0x00000000feb00000, 0x0000000100000000, 0x0000000100000000)
  eden space 16384K, 0% used [0x00000000feb00000,0x00000000feb00000,0x00000000ffb00000)
  from space 2560K, 99% used [0x00000000ffb00000,0x00000000ffd7ebe0,0x00000000ffd80000)
  to   space 2560K, 0% used [0x00000000ffd80000,0x00000000ffd80000,0x0000000100000000)
 ParOldGen       total 44032K, used 5628K [0x00000000fc000000, 0x00000000feb00000, 0x00000000feb00000)
  object space 44032K, 12% used [0x00000000fc000000,0x00000000fc57f128,0x00000000feb00000)
 Metaspace       used 7649K, capacity 7788K, committed 7936K, reserved 1056768K
  class space    used 870K, capacity 956K, committed 1024K, reserved 1048576K
}
Event: 3.694 GC heap before
{Heap before GC invocations=6 (full 0):
 PSYoungGen      total 18944K, used 18938K [0x00000000feb00000, 0x0000000100000000, 0x0000000100000000)
  eden space 16384K, 100% used [0x00000000feb00000,0x00000000ffb00000,0x00000000ffb00000)
  from space 2560K, 99% used [0x00000000ffb00000,0x00000000ffd7ebe0,0x00000000ffd80000)
  to   space 2560K, 0% used [0x00000000ffd80000,0x00000000ffd80000,0x0000000100000000)
 ParOldGen       total 44032K, used 5628K [0x00000000fc000000, 0x00000000feb00000, 0x00000000feb00000)
  object space 44032K, 12% used [0x00000000fc000000,0x00000000fc57f128,0x00000000feb00000)
 Metaspace       used 7699K, capacity 7916K, committed 8192K, reserved 1056768K
  class space    used 870K, capacity 956K, committed 1024K, reserved 1048576K

Deoptimization events (10 events):
Event: 2.063 Thread 0x0000000004e05000 Uncommon trap: reason=unstable_if action=reinterpret pc=0x00000000052f6994 method=org.objectweb.asm.MethodWriter.visitVarInsn(II)V @ 148
Event: 2.122 Thread 0x0000000004e05000 Uncommon trap: reason=null_check action=make_not_entrant pc=0x00000000053087d0 method=com.google.devtools.build.android.desugar.InterfaceDesugaring$InterfaceInvocationRewriter.visitMethodInsn(ILjava/lang/String;Ljava/lang/String;Ljava/lang/String;Z)V @ 10
Event: 2.126 Thread 0x0000000004e05000 Uncommon trap: reason=unstable_if action=reinterpret pc=0x00000000052ff4f4 method=org.objectweb.asm.MethodWriter.visitVarInsn(II)V @ 184
Event: 2.309 Thread 0x0000000004e05000 Uncommon trap: reason=unstable_if action=reinterpret pc=0x00000000052faa74 method=org.objectweb.asm.Type.getArgumentsAndReturnSizes(Ljava/lang/String;)I @ 100
Event: 2.491 Thread 0x0000000004e05000 Uncommon trap: reason=unstable_if action=reinterpret pc=0x00000000051b8c60 method=org.objectweb.asm.ClassReader.a(II[C)Ljava/lang/String; @ 77
Event: 2.491 Thread 0x0000000004e05000 Uncommon trap: reason=unstable_if action=reinterpret pc=0x00000000051be43c method=org.objectweb.asm.ClassReader.a(II[C)Ljava/lang/String; @ 77
Event: 2.732 Thread 0x0000000004e05000 Uncommon trap: reason=unstable_if action=reinterpret pc=0x0000000005217bfc method=org.objectweb.asm.ByteVector.putUTF8(Ljava/lang/String;)Lorg/objectweb/asm/ByteVector; @ 98
Event: 2.732 Thread 0x0000000004e05000 Uncommon trap: reason=unstable_if action=reinterpret pc=0x00000000051bd9b8 method=org.objectweb.asm.ByteVector.putUTF8(Ljava/lang/String;)Lorg/objectweb/asm/ByteVector; @ 98
Event: 3.340 Thread 0x0000000004e05000 Uncommon trap: reason=unstable_if action=reinterpret pc=0x0000000005335474 method=org.objectweb.asm.MethodWriter.visitFieldInsn(ILjava/lang/String;Ljava/lang/String;Ljava/lang/String;)V @ 112
Event: 3.621 Thread 0x0000000004e05000 Uncommon trap: reason=unstable_if action=reinterpret pc=0x0000000005394458 method=org.objectweb.asm.ClassWriter.a(Ljava/lang/Object;)Lorg/objectweb/asm/Item; @ 212

Classes redefined (0 events):
No events

Internal exceptions (10 events):
Event: 1.206 Thread 0x0000000004e05000 Exception <a 'sun/nio/fs/WindowsException'> (0x00000000ff5d52e0) thrown at [D:\src\AOSP-openjdk-cygwin\jdk8u\hotspot\src\share\vm\prims\jni.cpp, line 709]
Event: 1.207 Thread 0x0000000004e05000 Exception <a 'sun/nio/fs/WindowsException'> (0x00000000ff5d58a0) thrown at [D:\src\AOSP-openjdk-cygwin\jdk8u\hotspot\src\share\vm\prims\jni.cpp, line 709]
Event: 1.343 Thread 0x0000000004e05000 Exception <a 'sun/nio/fs/WindowsException'> (0x00000000ff8cd060) thrown at [D:\src\AOSP-openjdk-cygwin\jdk8u\hotspot\src\share\vm\prims\jni.cpp, line 709]
Event: 1.343 Thread 0x0000000004e05000 Exception <a 'sun/nio/fs/WindowsException'> (0x00000000ff8cd5a0) thrown at [D:\src\AOSP-openjdk-cygwin\jdk8u\hotspot\src\share\vm\prims\jni.cpp, line 709]
Event: 1.354 Thread 0x0000000004e05000 Exception <a 'sun/nio/fs/WindowsException'> (0x00000000ff8fcc10) thrown at [D:\src\AOSP-openjdk-cygwin\jdk8u\hotspot\src\share\vm\prims\jni.cpp, line 709]
Event: 1.354 Thread 0x0000000004e05000 Exception <a 'sun/nio/fs/WindowsException'> (0x00000000ff8fd150) thrown at [D:\src\AOSP-openjdk-cygwin\jdk8u\hotspot\src\share\vm\prims\jni.cpp, line 709]
Event: 1.699 Thread 0x0000000004e05000 Exception <a 'sun/nio/fs/WindowsException'> (0x00000000ff71d488) thrown at [D:\src\AOSP-openjdk-cygwin\jdk8u\hotspot\src\share\vm\prims\jni.cpp, line 709]
Event: 1.700 Thread 0x0000000004e05000 Exception <a 'sun/nio/fs/WindowsException'> (0x00000000ff71d9c8) thrown at [D:\src\AOSP-openjdk-cygwin\jdk8u\hotspot\src\share\vm\prims\jni.cpp, line 709]
Event: 2.051 Thread 0x0000000004e05000 Implicit null exception at 0x00000000052e2bf9 to 0x00000000052e5435
Event: 2.122 Thread 0x0000000004e05000 Implicit null exception at 0x000000000530323f to 0x00000000053087b1

Events (10 events):
Event: 3.664 Thread 0x0000000004e05000 DEOPT UNPACKING pc=0x0000000004f475bf sp=0x0000000004dfe800 mode 0
Event: 3.677 Thread 0x0000000004e05000 DEOPT PACKING pc=0x00000000051d42ed sp=0x0000000004dfe850
Event: 3.677 Thread 0x0000000004e05000 DEOPT UNPACKING pc=0x0000000004f475bf sp=0x0000000004dfe800 mode 0
Event: 3.678 Thread 0x0000000004e05000 DEOPT PACKING pc=0x00000000051d42ed sp=0x0000000004dfe850
Event: 3.678 Thread 0x0000000004e05000 DEOPT UNPACKING pc=0x0000000004f475bf sp=0x0000000004dfe800 mode 0
Event: 3.691 Thread 0x0000000004e05000 DEOPT PACKING pc=0x00000000051d42ed sp=0x0000000004dfe850
Event: 3.691 Thread 0x0000000004e05000 DEOPT UNPACKING pc=0x0000000004f475bf sp=0x0000000004dfe800 mode 0
Event: 3.691 Thread 0x0000000004e05000 DEOPT PACKING pc=0x0000000005272eb7 sp=0x0000000004dfee50
Event: 3.691 Thread 0x0000000004e05000 DEOPT UNPACKING pc=0x0000000004f475bf sp=0x0000000004dfeb68 mode 0
Event: 3.694 Executing VM operation: ParallelGCFailedAllocation


Dynamic libraries:
0x00007ff693a30000 - 0x00007ff693a61000 	D:\Android_Studio\Android_Studio3.0\jre\bin\java.exe
0x00007ffb10880000 - 0x00007ffb10a60000 	C:\WINDOWS\SYSTEM32\ntdll.dll
0x00007ffb0eeb0000 - 0x00007ffb0ef5e000 	C:\WINDOWS\System32\KERNEL32.DLL
0x00007ffb0cd80000 - 0x00007ffb0cfe6000 	C:\WINDOWS\System32\KERNELBASE.dll
0x00007ffb107a0000 - 0x00007ffb10841000 	C:\WINDOWS\System32\ADVAPI32.dll
0x00007ffb0e340000 - 0x00007ffb0e3dd000 	C:\WINDOWS\System32\msvcrt.dll
0x00007ffb0e3e0000 - 0x00007ffb0e43b000 	C:\WINDOWS\System32\sechost.dll
0x00007ffb0ed90000 - 0x00007ffb0eeaf000 	C:\WINDOWS\System32\RPCRT4.dll
0x00007ffb0dfe0000 - 0x00007ffb0e16f000 	C:\WINDOWS\System32\USER32.dll
0x00007ffb0dbb0000 - 0x00007ffb0dbd0000 	C:\WINDOWS\System32\win32u.dll
0x00007ffb0dd50000 - 0x00007ffb0dd78000 	C:\WINDOWS\System32\GDI32.dll
0x00007ffb0d2c0000 - 0x00007ffb0d453000 	C:\WINDOWS\System32\gdi32full.dll
0x00007ffb0dcb0000 - 0x00007ffb0dd4b000 	C:\WINDOWS\System32\msvcp_win.dll
0x00007ffb0cc80000 - 0x00007ffb0cd76000 	C:\WINDOWS\System32\ucrtbase.dll
0x00007ffaff180000 - 0x00007ffaff3e9000 	C:\WINDOWS\WinSxS\amd64_microsoft.windows.common-controls_6595b64144ccf1df_6.0.16299.309_none_15cfd4c4935e6b11\COMCTL32.dll
0x00007ffb0ea70000 - 0x00007ffb0ed78000 	C:\WINDOWS\System32\combase.dll
0x00007ffb0dc30000 - 0x00007ffb0dca2000 	C:\WINDOWS\System32\bcryptPrimitives.dll
0x00007ffb10650000 - 0x00007ffb1067d000 	C:\WINDOWS\System32\IMM32.DLL
0x00007ffb0cb60000 - 0x00007ffb0cbce000 	C:\WINDOWS\System32\dtrampo.dll
0x000000005b640000 - 0x000000005b712000 	D:\Android_Studio\Android_Studio3.0\jre\jre\bin\msvcr100.dll
0x000000005b800000 - 0x000000005c03e000 	D:\Android_Studio\Android_Studio3.0\jre\jre\bin\server\jvm.dll
0x00007ffb10680000 - 0x00007ffb10688000 	C:\WINDOWS\System32\PSAPI.DLL
0x00007ffb0a550000 - 0x00007ffb0a559000 	C:\WINDOWS\SYSTEM32\WSOCK32.dll
0x00007ffb0ea00000 - 0x00007ffb0ea6c000 	C:\WINDOWS\System32\WS2_32.dll
0x00007ffb079f0000 - 0x00007ffb07a13000 	C:\WINDOWS\SYSTEM32\WINMM.dll
0x00007ffb026b0000 - 0x00007ffb026ba000 	C:\WINDOWS\SYSTEM32\VERSION.dll
0x00007ffb073e0000 - 0x00007ffb0740a000 	C:\WINDOWS\SYSTEM32\WINMMBASE.dll
0x00007ffb0cff0000 - 0x00007ffb0d03a000 	C:\WINDOWS\System32\cfgmgr32.dll
0x00007ffb0a540000 - 0x00007ffb0a54f000 	D:\Android_Studio\Android_Studio3.0\jre\jre\bin\verify.dll
0x00007ffb0a4b0000 - 0x00007ffb0a4d9000 	D:\Android_Studio\Android_Studio3.0\jre\jre\bin\java.dll
0x00007ffb08e10000 - 0x00007ffb08e26000 	D:\Android_Studio\Android_Studio3.0\jre\jre\bin\zip.dll
0x00007ffb0f100000 - 0x00007ffb10536000 	C:\WINDOWS\System32\SHELL32.dll
0x00007ffb106f0000 - 0x00007ffb10796000 	C:\WINDOWS\System32\shcore.dll
0x00007ffb0d460000 - 0x00007ffb0dba7000 	C:\WINDOWS\System32\windows.storage.dll
0x00007ffb0e4e0000 - 0x00007ffb0e531000 	C:\WINDOWS\System32\shlwapi.dll
0x00007ffb0cbf0000 - 0x00007ffb0cc01000 	C:\WINDOWS\System32\kernel.appcore.dll
0x0000000017b10000 - 0x0000000017b5c000 	C:\WINDOWS\System32\powrprof.dll
0x00007ffb0cc10000 - 0x00007ffb0cc2b000 	C:\WINDOWS\System32\profapi.dll
0x00007ffb0c5b0000 - 0x00007ffb0c5c7000 	C:\WINDOWS\SYSTEM32\CRYPTSP.dll
0x00007ffb0bff0000 - 0x00007ffb0c023000 	C:\WINDOWS\system32\rsaenh.dll
0x00007ffb0c6c0000 - 0x00007ffb0c6e5000 	C:\WINDOWS\SYSTEM32\bcrypt.dll
0x00007ffb0ca90000 - 0x00007ffb0cab9000 	C:\WINDOWS\SYSTEM32\USERENV.dll
0x00007ffb0c5d0000 - 0x00007ffb0c5db000 	C:\WINDOWS\SYSTEM32\CRYPTBASE.dll
0x00007ffb089b0000 - 0x00007ffb089ca000 	D:\Android_Studio\Android_Studio3.0\jre\jre\bin\net.dll
0x00007ffb0c3f0000 - 0x00007ffb0c456000 	C:\WINDOWS\system32\mswsock.dll
0x00007ffb0c180000 - 0x00007ffb0c1b9000 	C:\WINDOWS\SYSTEM32\IPHLPAPI.DLL
0x00007ffb0e9f0000 - 0x00007ffb0e9f8000 	C:\WINDOWS\System32\NSI.dll
0x00007ffb07260000 - 0x00007ffb07276000 	C:\WINDOWS\SYSTEM32\dhcpcsvc6.DLL
0x00007ffb07240000 - 0x00007ffb0725a000 	C:\WINDOWS\SYSTEM32\dhcpcsvc.DLL
0x00007ffb084b0000 - 0x00007ffb084c1000 	D:\Android_Studio\Android_Studio3.0\jre\jre\bin\nio.dll

VM Arguments:
jvm_args: -Djava.awt.headless=true -Xmx64M -Dfile.encoding=GBK -Duser.country=CN -Duser.language=zh -Duser.variant 
java_command: com.google.devtools.build.android.desugar.Desugar --input C:\WorkSpace\left_ship\Left_ship -  (16) - gradle-4.6-start\app\build\intermediates\transforms\stackFramesFixer\debug\7.jar --output C:\WorkSpace\left_ship\Left_ship -  (16) - gradle-4.6-start\app\build\intermediates\transforms\desugar\debug\9.jar --input C:\WorkSpace\left_ship\Left_ship -  (16) - gradle-4.6-start\app\build\intermediates\transforms\stackFramesFixer\debug\28.jar --output C:\WorkSpace\left_ship\Left_ship -  (16) - gradle-4.6-start\app\build\intermediates\transforms\desugar\debug\29.jar --input C:\WorkSpace\left_ship\Left_ship -  (16) - gradle-4.6-start\app\build\intermediates\transforms\stackFramesFixer\debug\12.jar --output C:\WorkSpace\left_ship\Left_ship -  (16) - gradle-4.6-start\app\build\intermediates\transforms\desugar\debug\14.jar --input C:\WorkSpace\left_ship\Left_ship -  (16) - gradle-4.6-start\app\build\intermediates\transforms\stackFramesFixer\debug\0.jar --output C:\WorkSpace\left_ship\Left_ship -  (16) - gradle-4.6-start\app\build\intermediates\transforms\desugar\debug\4.jar --classpath_entry C:\WorkSpace\left_ship\Left_ship -  (16) - gradle-4.6-start\exampleui2\build\intermediates\intermediate-jars\debug\classes.jar --classpath_entry C:\WorkSpace\left_ship\Left_ship -  (16) - gradle-4.6-start\chatinput\build\intermediates\intermediate-jars\debug\classes.jar --classpath_entry C:\WorkSpace\left_ship\Left_ship -  (16) - gradle-4.6-start\imui\build\intermediates\intermediate-jars\debug\classes.jar --classpath_entry C:\WorkSpace\left_ship\Left_ship -  (16) - gradle-4.6-start\app\build\intermediates\classes\debug --classpath_entry C:\WorkSpace\left_ship\Left_ship -  (16) - gradle-4.6-start\app\build\intermediates\transforms\stackFramesFixer\debug\0.jar --classpath_entry C:\WorkSpace\left_ship\Left_ship -  (16) - gradle-4.6-start\app\build\intermediates\transforms\stackFramesFixer\debug\3.jar --classpath_entry C:\WorkSpace\left_ship\Left_ship -  (16) - gradle-4.6-start\
java_class_path (initial): D:\TEMP\desugar_deploy.jar2509268480979614362
Launcher Type: SUN_STANDARD

Environment Variables:
JAVA_HOME=C:\Program Files\Java\jdk1.8.0_05
CLASSPATH=.;C:\Program Files\Java\jdk1.8.0_05\lib\dt.jar;C:\Program Files\Java\jdk1.8.0_05\lib\toos.jar;D:\Program Files\apache-ant-1.10.2\lib
PATH=C:\Windows\system32;C:\Windows;C:\Windows\System32\Wbem;C:\Windows\System32\WindowsPowerShell\v1.0\;C:\Program Files (x86)\Windows Kits\8.0\Windows Performance Toolkit\;C:\Program Files\Microsoft SQL Server\110\Tools\Binn\;D:\Matlab\runtime\win64;D:\Matlab\bin;D:\Matlab\polyspace\bin;C:\Program Files (x86)\NVIDIA Corporation\PhysX\Common;C:\Program Files\Microsoft SQL Server\Client SDK\ODBC\110\Tools\Binn\;C:\Program Files (x86)\Microsoft SQL Server\120\Tools\Binn\;C:\Program Files\Microsoft SQL Server\120\Tools\Binn\;C:\Program Files\Microsoft SQL Server\120\DTS\Binn\;C:\Program Files (x86)\Windows Kits\8.1\Windows Performance Toolkit\;C:\Program Files (x86)\QuickTime\QTSystem\;"C:\Program Files\Java\jdk1.8.0_05\bin;C:\Program Files\Java\jdk1.8.0_05\jre\bin;";D:\Android_Studio\SDK\platform-tools;D:\Program Files\UltraCompare;C:\WINDOWS\system32;C:\WINDOWS;C:\WINDOWS\System32\Wbem;C:\WINDOWS\System32\WindowsPowerShell\v1.0\;C:\Program Files\Java\jdk1.8.0_05\bin;D:\Android_Studio\SDK\platform-tools;D:\Program Files\apache-ant-1.10.2\bin;D:\Program Files\MySQL_Server\mysql-5.7.21-winx64\bin;D:\Program Files\Git\cmd;D:\Program Files\tortoisegit\bin;C:\Users\huoda\AppData\Local\Microsoft\WindowsApps;D:\A_Win10_Tools\;D:\Program Files\BandZip\;D:\Android_Studio\ANT\apache-ant-1.10.2\bin;
USERNAME=huoda
OS=Windows_NT
PROCESSOR_IDENTIFIER=Intel64 Family 6 Model 158 Stepping 9, GenuineIntel



---------------  S Y S T E M  ---------------

OS: Windows 10.0 , 64 bit Build 16299 (10.0.16299.15)

CPU:total 8 (initial active 8) (4 cores per cpu, 2 threads per core) family 6 model 158 stepping 9, cmov, cx8, fxsr, mmx, sse, sse2, sse3, ssse3, sse4.1, sse4.2, popcnt, avx, avx2, aes, clmul, erms, 3dnowpref, lzcnt, ht, tsc, tscinvbit, bmi1, bmi2, adx

Memory: 4k page, physical 16663628k(3865092k free), swap 20857932k(8596k free)

vm_info: OpenJDK 64-Bit Server VM (25.152-b01) for windows-amd64 JRE (1.8.0_152-release-915-b01), built by "builder" with MS VC++ 10.0 (VS2010)

time: Sun Apr 08 00:58:07 2018
elapsed time: 3 seconds (0d 0h 0m 3s)

