#
# There is insufficient memory for the Java Runtime Environment to continue.
# Native memory allocation (malloc) failed to allocate 766576 bytes for Chunk::new
# Possible reasons:
#   The system is out of physical RAM or swap space
#   In 32 bit mode, the process size limit was hit
# Possible solutions:
#   Reduce memory load on the system
#   Increase physical memory or swap space
#   Check if swap backing store is full
#   Use 64 bit Java on a 64 bit OS
#   Decrease Java heap size (-Xmx/-Xms)
#   Decrease number of Java threads
#   Decrease Java thread stack sizes (-Xss)
#   Set larger code cache with -XX:ReservedCodeCacheSize=
# This output file may be truncated or incomplete.
#
#  Out of Memory Error (allocation.cpp:390), pid=7660, tid=0x00000000000020ec
#
# JRE version: OpenJDK Runtime Environment (8.0_152-b01) (build 1.8.0_152-release-915-b01)
# Java VM: OpenJDK 64-Bit Server VM (25.152-b01 mixed mode windows-amd64 compressed oops)
# Failed to write core dump. Minidumps are not enabled by default on client versions of Windows
#

---------------  T H R E A D  ---------------

Current thread (0x00000000172a6000):  JavaThread "C2 CompilerThread2" daemon [_thread_in_native, id=8428, stack(0x0000000017c80000,0x0000000017d80000)]

Stack: [0x0000000017c80000,0x0000000017d80000]
[error occurred during error reporting (printing stack bounds), id 0xc0000005]

Native frames: (J=compiled Java code, j=interpreted, Vv=VM code, C=native code)


Current CompileTask:
C2:   2261  861 %     4       org.objectweb.asm.ClassReader::a @ 1360 (3587 bytes)


---------------  P R O C E S S  ---------------

Java Threads: ( => current thread )
  0x00000000172b3800 JavaThread "Service Thread" daemon [_thread_blocked, id=10304, stack(0x0000000017e80000,0x0000000017f80000)]
  0x00000000172ad000 JavaThread "C1 CompilerThread3" daemon [_thread_blocked, id=8460, stack(0x0000000017d80000,0x0000000017e80000)]
=>0x00000000172a6000 JavaThread "C2 CompilerThread2" daemon [_thread_in_native, id=8428, stack(0x0000000017c80000,0x0000000017d80000)]
  0x0000000017254800 JavaThread "C2 CompilerThread1" daemon [_thread_in_native, id=13692, stack(0x0000000017b80000,0x0000000017c80000)]
  0x00000000171f9800 JavaThread "C2 CompilerThread0" daemon [_thread_in_native, id=11188, stack(0x0000000017a80000,0x0000000017b80000)]
  0x00000000171f8000 JavaThread "Attach Listener" daemon [_thread_blocked, id=13044, stack(0x0000000017980000,0x0000000017a80000)]
  0x0000000017250800 JavaThread "Signal Dispatcher" daemon [_thread_blocked, id=1596, stack(0x0000000017880000,0x0000000017980000)]
  0x0000000004acc000 JavaThread "Finalizer" daemon [_thread_blocked, id=14136, stack(0x00000000175c0000,0x00000000176c0000)]
  0x00000000152cb800 JavaThread "Reference Handler" daemon [_thread_blocked, id=1816, stack(0x00000000170c0000,0x00000000171c0000)]
  0x00000000049d5000 JavaThread "main" [_thread_in_Java, id=2140, stack(0x0000000004880000,0x0000000004980000)]

Other Threads:
  0x00000000152c7000 VMThread [stack: 0x0000000016fc0000,0x00000000170c0000] [id=6272]
  0x00000000172b4800 WatcherThread [stack: 0x0000000017f80000,0x0000000018080000] [id=14080]

VM state:not at safepoint (normal execution)

VM Mutex/Monitor currently owned by a thread: None

Heap:
 PSYoungGen      total 18944K, used 7828K [0x00000000feb00000, 0x0000000100000000, 0x0000000100000000)
  eden space 16384K, 32% used [0x00000000feb00000,0x00000000ff02ab78,0x00000000ffb00000)
  from space 2560K, 99% used [0x00000000ffd80000,0x00000000ffffa620,0x0000000100000000)
  to   space 2560K, 0% used [0x00000000ffb00000,0x00000000ffb00000,0x00000000ffd80000)
 ParOldGen       total 44032K, used 5095K [0x00000000fc000000, 0x00000000feb00000, 0x00000000feb00000)
  object space 44032K, 11% used [0x00000000fc000000,0x00000000fc4f9f60,0x00000000feb00000)
 Metaspace       used 7610K, capacity 7788K, committed 7936K, reserved 1056768K
  class space    used 870K, capacity 956K, committed 1024K, reserved 1048576K

Card table byte_map: [0x0000000004990000,0x00000000049c0000] byte_map_base: 0x00000000041b0000

Marking Bits: (ParMarkBitMap*) 0x000000005bfc3950
 Begin Bits: [0x00000000146b0000, 0x00000000147b0000)
 End Bits:   [0x00000000147b0000, 0x00000000148b0000)

Polling page: 0x0000000002b70000

CodeCache: size=245760Kb used=3704Kb max_used=3707Kb free=242055Kb
 bounds [0x0000000004ad0000, 0x0000000004e80000, 0x0000000013ad0000]
 total_blobs=1288 nmethods=954 adapters=248
 compilation: enabled

Compilation events (10 events):
Event: 1.817 Thread 0x0000000017254800  870       4       org.objectweb.asm.MethodVisitor::visitVarInsn (17 bytes)
Event: 2.160 Thread 0x0000000017254800 nmethod 870 0x0000000004e10b10 code [0x0000000004e10ca0, 0x0000000004e11298]
Event: 2.161 Thread 0x00000000172ad000  871       3       org.objectweb.asm.tree.MethodNode::accept (916 bytes)
Event: 2.165 Thread 0x00000000172ad000 nmethod 871 0x0000000004e118d0 code [0x0000000004e12000, 0x0000000004e16f68]
Event: 2.165 Thread 0x00000000172ad000  872       3       java.util.SubList::size (9 bytes)
Event: 2.165 Thread 0x00000000172ad000 nmethod 872 0x0000000004e10550 code [0x0000000004e106c0, 0x0000000004e10988]
Event: 2.165 Thread 0x00000000172ad000  873       3       com.google.devtools.build.android.desugar.LambdaDesugaring::visitMethod (206 bytes)
Event: 2.166 Thread 0x00000000172ad000 nmethod 873 0x0000000004e191d0 code [0x0000000004e194e0, 0x0000000004e1af48]
Event: 2.177 Thread 0x00000000172ad000  878       3       org.objectweb.asm.MethodWriter::<init> (247 bytes)
Event: 2.177 Thread 0x00000000171f9800  882       4       org.objectweb.asm.ByteVector::b (64 bytes)

GC Heap History (4 events):
Event: 1.093 GC heap before
{Heap before GC invocations=1 (full 0):
 PSYoungGen      total 18944K, used 16384K [0x00000000feb00000, 0x0000000100000000, 0x0000000100000000)
  eden space 16384K, 100% used [0x00000000feb00000,0x00000000ffb00000,0x00000000ffb00000)
  from space 2560K, 0% used [0x00000000ffd80000,0x00000000ffd80000,0x0000000100000000)
  to   space 2560K, 0% used [0x00000000ffb00000,0x00000000ffb00000,0x00000000ffd80000)
 ParOldGen       total 44032K, used 0K [0x00000000fc000000, 0x00000000feb00000, 0x00000000feb00000)
  object space 44032K, 0% used [0x00000000fc000000,0x00000000fc000000,0x00000000feb00000)
 Metaspace       used 6588K, capacity 6746K, committed 7040K, reserved 1056768K
  class space    used 771K, capacity 823K, committed 896K, reserved 1048576K
Event: 1.129 GC heap after
Heap after GC invocations=1 (full 0):
 PSYoungGen      total 18944K, used 2536K [0x00000000feb00000, 0x0000000100000000, 0x0000000100000000)
  eden space 16384K, 0% used [0x00000000feb00000,0x00000000feb00000,0x00000000ffb00000)
  from space 2560K, 99% used [0x00000000ffb00000,0x00000000ffd7a030,0x00000000ffd80000)
  to   space 2560K, 0% used [0x00000000ffd80000,0x00000000ffd80000,0x0000000100000000)
 ParOldGen       total 44032K, used 1555K [0x00000000fc000000, 0x00000000feb00000, 0x00000000feb00000)
  object space 44032K, 3% used [0x00000000fc000000,0x00000000fc184d98,0x00000000feb00000)
 Metaspace       used 6588K, capacity 6746K, committed 7040K, reserved 1056768K
  class space    used 771K, capacity 823K, committed 896K, reserved 1048576K
}
Event: 1.817 GC heap before
{Heap before GC invocations=2 (full 0):
 PSYoungGen      total 18944K, used 18920K [0x00000000feb00000, 0x0000000100000000, 0x0000000100000000)
  eden space 16384K, 100% used [0x00000000feb00000,0x00000000ffb00000,0x00000000ffb00000)
  from space 2560K, 99% used [0x00000000ffb00000,0x00000000ffd7a030,0x00000000ffd80000)
  to   space 2560K, 0% used [0x00000000ffd80000,0x00000000ffd80000,0x0000000100000000)
 ParOldGen       total 44032K, used 1555K [0x00000000fc000000, 0x00000000feb00000, 0x00000000feb00000)
  object space 44032K, 3% used [0x00000000fc000000,0x00000000fc184d98,0x00000000feb00000)
 Metaspace       used 7524K, capacity 7724K, committed 7936K, reserved 1056768K
  class space    used 868K, capacity 956K, committed 1024K, reserved 1048576K
Event: 2.154 GC heap after
Heap after GC invocations=2 (full 0):
 PSYoungGen      total 18944K, used 2537K [0x00000000feb00000, 0x0000000100000000, 0x0000000100000000)
  eden space 16384K, 0% used [0x00000000feb00000,0x00000000feb00000,0x00000000ffb00000)
  from space 2560K, 99% used [0x00000000ffd80000,0x00000000ffffa620,0x0000000100000000)
  to   space 2560K, 0% used [0x00000000ffb00000,0x00000000ffb00000,0x00000000ffd80000)
 ParOldGen       total 44032K, used 5095K [0x00000000fc000000, 0x00000000feb00000, 0x00000000feb00000)
  object space 44032K, 11% used [0x00000000fc000000,0x00000000fc4f9f60,0x00000000feb00000)
 Metaspace       used 7524K, capacity 7724K, committed 7936K, reserved 1056768K
  class space    used 868K, capacity 956K, committed 1024K, reserved 1048576K
}

Deoptimization events (10 events):
Event: 1.192 Thread 0x00000000049d5000 Uncommon trap: reason=unstable_if action=reinterpret pc=0x0000000004d13ed8 method=java.util.zip.ZipFile.getZipEntry(Ljava/lang/String;J)Ljava/util/zip/ZipEntry; @ 19
Event: 1.240 Thread 0x00000000049d5000 Uncommon trap: reason=unloaded action=reinterpret pc=0x0000000004d037bc method=java.util.zip.ZipEntry.setExtra0([BZ)V @ 37
Event: 1.279 Thread 0x00000000049d5000 Uncommon trap: reason=unstable_if action=reinterpret pc=0x0000000004d12988 method=java.util.HashMap$HashIterator.nextNode()Ljava/util/HashMap$Node; @ 74
Event: 1.712 Thread 0x00000000049d5000 Uncommon trap: reason=unstable_if action=reinterpret pc=0x0000000004d92fc8 method=java.lang.String.<init>([CII)V @ 18
Event: 1.744 Thread 0x00000000049d5000 Uncommon trap: reason=unstable_if action=reinterpret pc=0x0000000004d91758 method=java.lang.String.<init>([CII)V @ 18
Event: 1.813 Thread 0x00000000049d5000 Uncommon trap: reason=unstable_if action=reinterpret pc=0x0000000004ddb7d8 method=org.objectweb.asm.Item.a(Lorg/objectweb/asm/Item;)Z @ 345
Event: 1.816 Thread 0x00000000049d5000 Uncommon trap: reason=class_check action=maybe_recompile pc=0x0000000004e0989c method=org.objectweb.asm.MethodVisitor.visitVarInsn(II)V @ 13
Event: 1.816 Thread 0x00000000049d5000 Uncommon trap: reason=class_check action=maybe_recompile pc=0x0000000004e0989c method=org.objectweb.asm.MethodVisitor.visitVarInsn(II)V @ 13
Event: 1.816 Thread 0x00000000049d5000 Uncommon trap: reason=class_check action=maybe_recompile pc=0x0000000004e0989c method=org.objectweb.asm.MethodVisitor.visitVarInsn(II)V @ 13
Event: 1.816 Thread 0x00000000049d5000 Uncommon trap: reason=class_check action=maybe_recompile pc=0x0000000004e0989c method=org.objectweb.asm.MethodVisitor.visitVarInsn(II)V @ 13

Classes redefined (0 events):
No events

Internal exceptions (10 events):
Event: 1.263 Thread 0x00000000049d5000 Exception <a 'sun/nio/fs/WindowsException'> (0x00000000ff231fc8) thrown at [D:\src\AOSP-openjdk-cygwin\jdk8u\hotspot\src\share\vm\prims\jni.cpp, line 709]
Event: 1.263 Thread 0x00000000049d5000 Exception <a 'sun/nio/fs/WindowsException'> (0x00000000ff2324a0) thrown at [D:\src\AOSP-openjdk-cygwin\jdk8u\hotspot\src\share\vm\prims\jni.cpp, line 709]
Event: 1.263 Thread 0x00000000049d5000 Exception <a 'sun/nio/fs/WindowsException'> (0x00000000ff232c00) thrown at [D:\src\AOSP-openjdk-cygwin\jdk8u\hotspot\src\share\vm\prims\jni.cpp, line 709]
Event: 1.269 Thread 0x00000000049d5000 Exception <a 'sun/nio/fs/WindowsException'> (0x00000000ff2330b0) thrown at [D:\src\AOSP-openjdk-cygwin\jdk8u\hotspot\src\share\vm\prims\jni.cpp, line 709]
Event: 1.269 Thread 0x00000000049d5000 Exception <a 'sun/nio/fs/WindowsException'> (0x00000000ff233800) thrown at [D:\src\AOSP-openjdk-cygwin\jdk8u\hotspot\src\share\vm\prims\jni.cpp, line 709]
Event: 1.285 Thread 0x00000000049d5000 Exception <a 'sun/nio/fs/WindowsException'> (0x00000000ff238320) thrown at [D:\src\AOSP-openjdk-cygwin\jdk8u\hotspot\src\share\vm\prims\jni.cpp, line 709]
Event: 1.550 Thread 0x00000000049d5000 Exception <a 'sun/nio/fs/WindowsException'> (0x00000000ff5dccd8) thrown at [D:\src\AOSP-openjdk-cygwin\jdk8u\hotspot\src\share\vm\prims\jni.cpp, line 709]
Event: 1.551 Thread 0x00000000049d5000 Exception <a 'sun/nio/fs/WindowsException'> (0x00000000ff5dd298) thrown at [D:\src\AOSP-openjdk-cygwin\jdk8u\hotspot\src\share\vm\prims\jni.cpp, line 709]
Event: 1.731 Thread 0x00000000049d5000 Exception <a 'sun/nio/fs/WindowsException'> (0x00000000ff89cff0) thrown at [D:\src\AOSP-openjdk-cygwin\jdk8u\hotspot\src\share\vm\prims\jni.cpp, line 709]
Event: 1.731 Thread 0x00000000049d5000 Exception <a 'sun/nio/fs/WindowsException'> (0x00000000ff89d530) thrown at [D:\src\AOSP-openjdk-cygwin\jdk8u\hotspot\src\share\vm\prims\jni.cpp, line 709]

Events (10 events):
Event: 1.816 Thread 0x00000000049d5000 DEOPT PACKING pc=0x0000000004e0989c sp=0x000000000497ef10
Event: 1.816 Thread 0x00000000049d5000 DEOPT UNPACKING pc=0x0000000004b1556a sp=0x000000000497eec0 mode 2
Event: 1.816 Thread 0x00000000049d5000 Uncommon trap: trap_request=0xffffffde fr.pc=0x0000000004e0989c
Event: 1.816 Thread 0x00000000049d5000 DEOPT PACKING pc=0x0000000004e0989c sp=0x000000000497ef10
Event: 1.816 Thread 0x00000000049d5000 DEOPT UNPACKING pc=0x0000000004b1556a sp=0x000000000497eec0 mode 2
Event: 1.816 Thread 0x00000000049d5000 Uncommon trap: trap_request=0xffffffde fr.pc=0x0000000004e0989c
Event: 1.816 Thread 0x00000000049d5000 DEOPT PACKING pc=0x0000000004e0989c sp=0x000000000497ef10
Event: 1.816 Thread 0x00000000049d5000 DEOPT UNPACKING pc=0x0000000004b1556a sp=0x000000000497eec0 mode 2
Event: 1.817 Executing VM operation: ParallelGCFailedAllocation
Event: 2.155 Executing VM operation: ParallelGCFailedAllocation done


Dynamic libraries:
0x00007ff693a30000 - 0x00007ff693a61000 	D:\Android_Studio\Android_Studio3.0\jre\bin\java.exe
0x00007ffb10880000 - 0x00007ffb10a60000 	C:\WINDOWS\SYSTEM32\ntdll.dll
0x00007ffb0eeb0000 - 0x00007ffb0ef5e000 	C:\WINDOWS\System32\KERNEL32.DLL
0x00007ffb0cd80000 - 0x00007ffb0cfe6000 	C:\WINDOWS\System32\KERNELBASE.dll
0x00007ffb107a0000 - 0x00007ffb10841000 	C:\WINDOWS\System32\ADVAPI32.dll
0x00007ffb0e340000 - 0x00007ffb0e3dd000 	C:\WINDOWS\System32\msvcrt.dll
0x00007ffb0e3e0000 - 0x00007ffb0e43b000 	C:\WINDOWS\System32\sechost.dll
0x00007ffb0ed90000 - 0x00007ffb0eeaf000 	C:\WINDOWS\System32\RPCRT4.dll
0x00007ffb0dfe0000 - 0x00007ffb0e16f000 	C:\WINDOWS\System32\USER32.dll
0x00007ffb0dbb0000 - 0x00007ffb0dbd0000 	C:\WINDOWS\System32\win32u.dll
0x00007ffb0dd50000 - 0x00007ffb0dd78000 	C:\WINDOWS\System32\GDI32.dll
0x00007ffb0d2c0000 - 0x00007ffb0d453000 	C:\WINDOWS\System32\gdi32full.dll
0x00007ffb0dcb0000 - 0x00007ffb0dd4b000 	C:\WINDOWS\System32\msvcp_win.dll
0x00007ffb0cc80000 - 0x00007ffb0cd76000 	C:\WINDOWS\System32\ucrtbase.dll
0x00007ffaff180000 - 0x00007ffaff3e9000 	C:\WINDOWS\WinSxS\amd64_microsoft.windows.common-controls_6595b64144ccf1df_6.0.16299.309_none_15cfd4c4935e6b11\COMCTL32.dll
0x00007ffb0ea70000 - 0x00007ffb0ed78000 	C:\WINDOWS\System32\combase.dll
0x00007ffb0dc30000 - 0x00007ffb0dca2000 	C:\WINDOWS\System32\bcryptPrimitives.dll
0x00007ffb10650000 - 0x00007ffb1067d000 	C:\WINDOWS\System32\IMM32.DLL
0x00007ffb0cb60000 - 0x00007ffb0cbce000 	C:\WINDOWS\System32\dtrampo.dll
0x000000005b640000 - 0x000000005b712000 	D:\Android_Studio\Android_Studio3.0\jre\jre\bin\msvcr100.dll
0x000000005b800000 - 0x000000005c03e000 	D:\Android_Studio\Android_Studio3.0\jre\jre\bin\server\jvm.dll
0x00007ffb10680000 - 0x00007ffb10688000 	C:\WINDOWS\System32\PSAPI.DLL
0x00007ffb0a550000 - 0x00007ffb0a559000 	C:\WINDOWS\SYSTEM32\WSOCK32.dll
0x00007ffb0ea00000 - 0x00007ffb0ea6c000 	C:\WINDOWS\System32\WS2_32.dll
0x00007ffb079f0000 - 0x00007ffb07a13000 	C:\WINDOWS\SYSTEM32\WINMM.dll
0x00007ffb026b0000 - 0x00007ffb026ba000 	C:\WINDOWS\SYSTEM32\VERSION.dll
0x00007ffb073e0000 - 0x00007ffb0740a000 	C:\WINDOWS\SYSTEM32\WINMMBASE.dll
0x00007ffb0cff0000 - 0x00007ffb0d03a000 	C:\WINDOWS\System32\cfgmgr32.dll
0x00007ffb0a540000 - 0x00007ffb0a54f000 	D:\Android_Studio\Android_Studio3.0\jre\jre\bin\verify.dll
0x00007ffb08e00000 - 0x00007ffb08e29000 	D:\Android_Studio\Android_Studio3.0\jre\jre\bin\java.dll
0x00007ffb089b0000 - 0x00007ffb089c6000 	D:\Android_Studio\Android_Studio3.0\jre\jre\bin\zip.dll
0x00007ffb0f100000 - 0x00007ffb10536000 	C:\WINDOWS\System32\SHELL32.dll
0x00007ffb106f0000 - 0x00007ffb10796000 	C:\WINDOWS\System32\shcore.dll
0x00007ffb0d460000 - 0x00007ffb0dba7000 	C:\WINDOWS\System32\windows.storage.dll
0x00007ffb0e4e0000 - 0x00007ffb0e531000 	C:\WINDOWS\System32\shlwapi.dll
0x00007ffb0cbf0000 - 0x00007ffb0cc01000 	C:\WINDOWS\System32\kernel.appcore.dll
0x0000000017720000 - 0x000000001776c000 	C:\WINDOWS\System32\powrprof.dll
0x00007ffb0cc10000 - 0x00007ffb0cc2b000 	C:\WINDOWS\System32\profapi.dll
0x00007ffb0c5b0000 - 0x00007ffb0c5c7000 	C:\WINDOWS\SYSTEM32\CRYPTSP.dll
0x00007ffb0bff0000 - 0x00007ffb0c023000 	C:\WINDOWS\system32\rsaenh.dll
0x00007ffb0c6c0000 - 0x00007ffb0c6e5000 	C:\WINDOWS\SYSTEM32\bcrypt.dll
0x00007ffb0ca90000 - 0x00007ffb0cab9000 	C:\WINDOWS\SYSTEM32\USERENV.dll
0x00007ffb0c5d0000 - 0x00007ffb0c5db000 	C:\WINDOWS\SYSTEM32\CRYPTBASE.dll
0x00007ffb084b0000 - 0x00007ffb084ca000 	D:\Android_Studio\Android_Studio3.0\jre\jre\bin\net.dll
0x00007ffb0c3f0000 - 0x00007ffb0c456000 	C:\WINDOWS\system32\mswsock.dll
0x00007ffb0c180000 - 0x00007ffb0c1b9000 	C:\WINDOWS\SYSTEM32\IPHLPAPI.DLL
0x00007ffb0e9f0000 - 0x00007ffb0e9f8000 	C:\WINDOWS\System32\NSI.dll
0x00007ffb07260000 - 0x00007ffb07276000 	C:\WINDOWS\SYSTEM32\dhcpcsvc6.DLL
0x00007ffb07240000 - 0x00007ffb0725a000 	C:\WINDOWS\SYSTEM32\dhcpcsvc.DLL
0x00007ffb07c50000 - 0x00007ffb07c61000 	D:\Android_Studio\Android_Studio3.0\jre\jre\bin\nio.dll

VM Arguments:
jvm_args: -Djava.awt.headless=true -Xmx64M -Dfile.encoding=GBK -Duser.country=CN -Duser.language=zh -Duser.variant 
java_command: com.google.devtools.build.android.desugar.Desugar --input C:\WorkSpace\left_ship\Left_ship -  (16) - gradle-4.6-start\app\build\intermediates\transforms\stackFramesFixer\debug\3.jar --output C:\WorkSpace\left_ship\Left_ship -  (16) - gradle-4.6-start\app\build\intermediates\transforms\desugar\debug\7.jar --input C:\WorkSpace\left_ship\Left_ship -  (16) - gradle-4.6-start\app\build\intermediates\transforms\stackFramesFixer\debug\30.jar --output C:\WorkSpace\left_ship\Left_ship -  (16) - gradle-4.6-start\app\build\intermediates\transforms\desugar\debug\35.jar --input C:\WorkSpace\left_ship\Left_ship -  (16) - gradle-4.6-start\app\build\intermediates\transforms\stackFramesFixer\debug\16.jar --output C:\WorkSpace\left_ship\Left_ship -  (16) - gradle-4.6-start\app\build\intermediates\transforms\desugar\debug\20.jar --input C:\WorkSpace\left_ship\Left_ship -  (16) - gradle-4.6-start\app\build\intermediates\transforms\stackFramesFixer\debug\0.jar --output C:\WorkSpace\left_ship\Left_ship -  (16) - gradle-4.6-start\app\build\intermediates\transforms\desugar\debug\4.jar --classpath_entry C:\WorkSpace\left_ship\Left_ship -  (16) - gradle-4.6-start\exampleui2\build\intermediates\intermediate-jars\debug\classes.jar --classpath_entry C:\WorkSpace\left_ship\Left_ship -  (16) - gradle-4.6-start\chatinput\build\intermediates\intermediate-jars\debug\classes.jar --classpath_entry C:\WorkSpace\left_ship\Left_ship -  (16) - gradle-4.6-start\imui\build\intermediates\intermediate-jars\debug\classes.jar --classpath_entry C:\WorkSpace\left_ship\Left_ship -  (16) - gradle-4.6-start\app\build\intermediates\classes\debug --classpath_entry C:\WorkSpace\left_ship\Left_ship -  (16) - gradle-4.6-start\app\build\intermediates\transforms\stackFramesFixer\debug\0.jar --classpath_entry C:\WorkSpace\left_ship\Left_ship -  (16) - gradle-4.6-start\app\build\intermediates\transforms\stackFramesFixer\debug\3.jar --classpath_entry C:\WorkSpace\left_ship\Left_ship -  (16) - gradle-4.6-start\
java_class_path (initial): D:\TEMP\desugar_deploy.jar7792951155114607284
Launcher Type: SUN_STANDARD

Environment Variables:
JAVA_HOME=C:\Program Files\Java\jdk1.8.0_05
CLASSPATH=.;C:\Program Files\Java\jdk1.8.0_05\lib\dt.jar;C:\Program Files\Java\jdk1.8.0_05\lib\toos.jar;D:\Program Files\apache-ant-1.10.2\lib
PATH=C:\Windows\system32;C:\Windows;C:\Windows\System32\Wbem;C:\Windows\System32\WindowsPowerShell\v1.0\;C:\Program Files (x86)\Windows Kits\8.0\Windows Performance Toolkit\;C:\Program Files\Microsoft SQL Server\110\Tools\Binn\;D:\Matlab\runtime\win64;D:\Matlab\bin;D:\Matlab\polyspace\bin;C:\Program Files (x86)\NVIDIA Corporation\PhysX\Common;C:\Program Files\Microsoft SQL Server\Client SDK\ODBC\110\Tools\Binn\;C:\Program Files (x86)\Microsoft SQL Server\120\Tools\Binn\;C:\Program Files\Microsoft SQL Server\120\Tools\Binn\;C:\Program Files\Microsoft SQL Server\120\DTS\Binn\;C:\Program Files (x86)\Windows Kits\8.1\Windows Performance Toolkit\;C:\Program Files (x86)\QuickTime\QTSystem\;"C:\Program Files\Java\jdk1.8.0_05\bin;C:\Program Files\Java\jdk1.8.0_05\jre\bin;";D:\Android_Studio\SDK\platform-tools;D:\Program Files\UltraCompare;C:\WINDOWS\system32;C:\WINDOWS;C:\WINDOWS\System32\Wbem;C:\WINDOWS\System32\WindowsPowerShell\v1.0\;C:\Program Files\Java\jdk1.8.0_05\bin;D:\Android_Studio\SDK\platform-tools;D:\Program Files\apache-ant-1.10.2\bin;D:\Program Files\MySQL_Server\mysql-5.7.21-winx64\bin;D:\Program Files\Git\cmd;D:\Program Files\tortoisegit\bin;C:\Users\huoda\AppData\Local\Microsoft\WindowsApps;D:\A_Win10_Tools\;D:\Program Files\BandZip\;D:\Android_Studio\ANT\apache-ant-1.10.2\bin;
USERNAME=huoda
OS=Windows_NT
PROCESSOR_IDENTIFIER=Intel64 Family 6 Model 158 Stepping 9, GenuineIntel



---------------  S Y S T E M  ---------------

OS: Windows 10.0 , 64 bit Build 16299 (10.0.16299.15)

CPU:total 8 (initial active 8) (4 cores per cpu, 2 threads per core) family 6 model 158 stepping 9, cmov, cx8, fxsr, mmx, sse, sse2, sse3, ssse3, sse4.1, sse4.2, popcnt, avx, avx2, aes, clmul, erms, 3dnowpref, lzcnt, ht, tsc, tscinvbit, bmi1, bmi2, adx

Memory: 4k page, physical 16663628k(3434416k free), swap 20857932k(3052k free)

vm_info: OpenJDK 64-Bit Server VM (25.152-b01) for windows-amd64 JRE (1.8.0_152-release-915-b01), built by "builder" with MS VC++ 10.0 (VS2010)

time: Sat Apr 07 22:54:54 2018
elapsed time: 2 seconds (0d 0h 0m 2s)

