#
# There is insufficient memory for the Java Runtime Environment to continue.
# Native memory allocation (malloc) failed to allocate 982816 bytes for Chunk::new
# Possible reasons:
#   The system is out of physical RAM or swap space
#   In 32 bit mode, the process size limit was hit
# Possible solutions:
#   Reduce memory load on the system
#   Increase physical memory or swap space
#   Check if swap backing store is full
#   Use 64 bit Java on a 64 bit OS
#   Decrease Java heap size (-Xmx/-Xms)
#   Decrease number of Java threads
#   Decrease Java thread stack sizes (-Xss)
#   Set larger code cache with -XX:ReservedCodeCacheSize=
# This output file may be truncated or incomplete.
#
#  Out of Memory Error (allocation.cpp:390), pid=12852, tid=0x00000000000008d8
#
# JRE version: OpenJDK Runtime Environment (8.0_152-b01) (build 1.8.0_152-release-915-b01)
# Java VM: OpenJDK 64-Bit Server VM (25.152-b01 mixed mode windows-amd64 compressed oops)
# Failed to write core dump. Minidumps are not enabled by default on client versions of Windows
#

---------------  T H R E A D  ---------------

Current thread (0x00000000176f0000):  JavaThread "C2 CompilerThread0" daemon [_thread_in_native, id=2264, stack(0x0000000018610000,0x0000000018710000)]

Stack: [0x0000000018610000,0x0000000018710000]
[error occurred during error reporting (printing stack bounds), id 0xc0000005]

Native frames: (J=compiled Java code, j=interpreted, Vv=VM code, C=native code)


Current CompileTask:
C2:   1820  849 %     4       org.objectweb.asm.ClassReader::a @ 1480 (3587 bytes)


---------------  P R O C E S S  ---------------

Java Threads: ( => current thread )
  0x000000001775a800 JavaThread "Service Thread" daemon [_thread_blocked, id=8804, stack(0x0000000018a10000,0x0000000018b10000)]
  0x000000001774d800 JavaThread "C1 CompilerThread3" daemon [_thread_blocked, id=4984, stack(0x0000000018910000,0x0000000018a10000)]
  0x000000001774a000 JavaThread "C2 CompilerThread2" daemon [_thread_in_native, id=9516, stack(0x0000000018810000,0x0000000018910000)]
  0x00000000176f7000 JavaThread "C2 CompilerThread1" daemon [_thread_in_native, id=12316, stack(0x0000000018710000,0x0000000018810000)]
=>0x00000000176f0000 JavaThread "C2 CompilerThread0" daemon [_thread_in_native, id=2264, stack(0x0000000018610000,0x0000000018710000)]
  0x000000001769b000 JavaThread "Attach Listener" daemon [_thread_blocked, id=8212, stack(0x0000000018510000,0x0000000018610000)]
  0x0000000017699800 JavaThread "Signal Dispatcher" daemon [_thread_blocked, id=13820, stack(0x0000000018410000,0x0000000018510000)]
  0x0000000017680800 JavaThread "Finalizer" daemon [_thread_blocked, id=4620, stack(0x0000000017a60000,0x0000000017b60000)]
  0x0000000004fd9000 JavaThread "Reference Handler" daemon [_thread_blocked, id=12980, stack(0x0000000017560000,0x0000000017660000)]
  0x0000000004ee5000 JavaThread "main" [_thread_in_Java, id=7332, stack(0x0000000004de0000,0x0000000004ee0000)]

Other Threads:
  0x0000000015787000 VMThread [stack: 0x0000000017460000,0x0000000017560000] [id=11572]
  0x000000001775b800 WatcherThread [stack: 0x0000000018b10000,0x0000000018c10000] [id=11052]

VM state:not at safepoint (normal execution)

VM Mutex/Monitor currently owned by a thread: None

Heap:
 PSYoungGen      total 18944K, used 7188K [0x00000000feb00000, 0x0000000100000000, 0x0000000100000000)
  eden space 16384K, 28% used [0x00000000feb00000,0x00000000fef865e0,0x00000000ffb00000)
  from space 2560K, 99% used [0x00000000ffd80000,0x00000000ffffec10,0x0000000100000000)
  to   space 2560K, 0% used [0x00000000ffb00000,0x00000000ffb00000,0x00000000ffd80000)
 ParOldGen       total 44032K, used 5062K [0x00000000fc000000, 0x00000000feb00000, 0x00000000feb00000)
  object space 44032K, 11% used [0x00000000fc000000,0x00000000fc4f1868,0x00000000feb00000)
 Metaspace       used 7599K, capacity 7788K, committed 7936K, reserved 1056768K
  class space    used 870K, capacity 956K, committed 1024K, reserved 1048576K

Card table byte_map: [0x0000000004d30000,0x0000000004d60000] byte_map_base: 0x0000000004550000

Marking Bits: (ParMarkBitMap*) 0x00000000603d3950
 Begin Bits: [0x0000000014ba0000, 0x0000000014ca0000)
 End Bits:   [0x0000000014ca0000, 0x0000000014da0000)

Polling page: 0x0000000004d00000

CodeCache: size=245760Kb used=3582Kb max_used=3594Kb free=242177Kb
 bounds [0x0000000004fe0000, 0x0000000005370000, 0x0000000013fe0000]
 total_blobs=1259 nmethods=925 adapters=248
 compilation: enabled

Compilation events (10 events):
Event: 1.751 Thread 0x000000001774d800  928       3       org.objectweb.asm.tree.VarInsnNode::accept (18 bytes)
Event: 1.751 Thread 0x000000001774d800 nmethod 928 0x000000000534c990 code [0x000000000534cb00, 0x000000000534cdf8]
Event: 1.751 Thread 0x000000001774d800  929       3       org.objectweb.asm.ClassReader::a (133 bytes)
Event: 1.752 Thread 0x000000001774d800 nmethod 929 0x000000000534f9d0 code [0x000000000534fbc0, 0x0000000005350798]
Event: 1.752 Thread 0x000000001774d800  930       3       org.objectweb.asm.ClassVisitor::visit (24 bytes)
Event: 1.752 Thread 0x000000001774d800 nmethod 930 0x000000000534f010 code [0x000000000534f180, 0x000000000534f3e8]
Event: 1.752 Thread 0x000000001774d800  926       3       org.objectweb.asm.FieldWriter::a (475 bytes)
Event: 1.754 Thread 0x000000001774d800 nmethod 926 0x000000000535be90 code [0x000000000535c240, 0x000000000535d678]
Event: 1.754 Thread 0x000000001774d800  931       3       org.objectweb.asm.ClassVisitor::visitEnd (15 bytes)
Event: 1.754 Thread 0x000000001774d800 nmethod 931 0x000000000534c510 code [0x000000000534c680, 0x000000000534c8e8]

GC Heap History (4 events):
Event: 0.901 GC heap before
{Heap before GC invocations=1 (full 0):
 PSYoungGen      total 18944K, used 16384K [0x00000000feb00000, 0x0000000100000000, 0x0000000100000000)
  eden space 16384K, 100% used [0x00000000feb00000,0x00000000ffb00000,0x00000000ffb00000)
  from space 2560K, 0% used [0x00000000ffd80000,0x00000000ffd80000,0x0000000100000000)
  to   space 2560K, 0% used [0x00000000ffb00000,0x00000000ffb00000,0x00000000ffd80000)
 ParOldGen       total 44032K, used 0K [0x00000000fc000000, 0x00000000feb00000, 0x00000000feb00000)
  object space 44032K, 0% used [0x00000000fc000000,0x00000000fc000000,0x00000000feb00000)
 Metaspace       used 6599K, capacity 6746K, committed 7040K, reserved 1056768K
  class space    used 771K, capacity 823K, committed 896K, reserved 1048576K
Event: 0.940 GC heap after
Heap after GC invocations=1 (full 0):
 PSYoungGen      total 18944K, used 2536K [0x00000000feb00000, 0x0000000100000000, 0x0000000100000000)
  eden space 16384K, 0% used [0x00000000feb00000,0x00000000feb00000,0x00000000ffb00000)
  from space 2560K, 99% used [0x00000000ffb00000,0x00000000ffd7a030,0x00000000ffd80000)
  to   space 2560K, 0% used [0x00000000ffd80000,0x00000000ffd80000,0x0000000100000000)
 ParOldGen       total 44032K, used 1506K [0x00000000fc000000, 0x00000000feb00000, 0x00000000feb00000)
  object space 44032K, 3% used [0x00000000fc000000,0x00000000fc178b50,0x00000000feb00000)
 Metaspace       used 6599K, capacity 6746K, committed 7040K, reserved 1056768K
  class space    used 771K, capacity 823K, committed 896K, reserved 1048576K
}
Event: 1.550 GC heap before
{Heap before GC invocations=2 (full 0):
 PSYoungGen      total 18944K, used 18920K [0x00000000feb00000, 0x0000000100000000, 0x0000000100000000)
  eden space 16384K, 100% used [0x00000000feb00000,0x00000000ffb00000,0x00000000ffb00000)
  from space 2560K, 99% used [0x00000000ffb00000,0x00000000ffd7a030,0x00000000ffd80000)
  to   space 2560K, 0% used [0x00000000ffd80000,0x00000000ffd80000,0x0000000100000000)
 ParOldGen       total 44032K, used 1506K [0x00000000fc000000, 0x00000000feb00000, 0x00000000feb00000)
  object space 44032K, 3% used [0x00000000fc000000,0x00000000fc178b50,0x00000000feb00000)
 Metaspace       used 7541K, capacity 7724K, committed 7936K, reserved 1056768K
  class space    used 870K, capacity 956K, committed 1024K, reserved 1048576K
Event: 1.677 GC heap after
Heap after GC invocations=2 (full 0):
 PSYoungGen      total 18944K, used 2555K [0x00000000feb00000, 0x0000000100000000, 0x0000000100000000)
  eden space 16384K, 0% used [0x00000000feb00000,0x00000000feb00000,0x00000000ffb00000)
  from space 2560K, 99% used [0x00000000ffd80000,0x00000000ffffec10,0x0000000100000000)
  to   space 2560K, 0% used [0x00000000ffb00000,0x00000000ffb00000,0x00000000ffd80000)
 ParOldGen       total 44032K, used 5062K [0x00000000fc000000, 0x00000000feb00000, 0x00000000feb00000)
  object space 44032K, 11% used [0x00000000fc000000,0x00000000fc4f1868,0x00000000feb00000)
 Metaspace       used 7541K, capacity 7724K, committed 7936K, reserved 1056768K
  class space    used 870K, capacity 956K, committed 1024K, reserved 1048576K
}

Deoptimization events (10 events):
Event: 0.890 Thread 0x0000000004ee5000 Uncommon trap: reason=unstable_if action=reinterpret pc=0x00000000052055d8 method=java.util.zip.ZipCoder.decoder()Ljava/nio/charset/CharsetDecoder; @ 4
Event: 0.973 Thread 0x0000000004ee5000 Uncommon trap: reason=unstable_if action=reinterpret pc=0x0000000005218348 method=java.util.HashMap$HashIterator.nextNode()Ljava/util/HashMap$Node; @ 74
Event: 1.006 Thread 0x0000000004ee5000 Uncommon trap: reason=unstable_if action=reinterpret pc=0x000000000521e918 method=java.util.zip.ZipFile.getZipEntry(Ljava/lang/String;J)Ljava/util/zip/ZipEntry; @ 19
Event: 1.061 Thread 0x0000000004ee5000 Uncommon trap: reason=unloaded action=reinterpret pc=0x00000000052196bc method=java.util.zip.ZipEntry.setExtra0([BZ)V @ 37
Event: 1.107 Thread 0x0000000004ee5000 Uncommon trap: reason=unstable_if action=reinterpret pc=0x0000000005217f08 method=java.util.HashMap$HashIterator.nextNode()Ljava/util/HashMap$Node; @ 74
Event: 1.379 Thread 0x0000000004ee5000 Uncommon trap: reason=unstable_if action=reinterpret pc=0x0000000005174df8 method=java.lang.String.<init>([CII)V @ 18
Event: 1.536 Thread 0x0000000004ee5000 Uncommon trap: reason=unstable_if action=reinterpret pc=0x00000000052f15a4 method=org.objectweb.asm.Item.a(Lorg/objectweb/asm/Item;)Z @ 345
Event: 1.735 Thread 0x0000000004ee5000 Uncommon trap: reason=unstable_if action=reinterpret pc=0x00000000053271cc method=org.objectweb.asm.Type.getArgumentsAndReturnSizes(Ljava/lang/String;)I @ 136
Event: 1.735 Thread 0x0000000004ee5000 Uncommon trap: reason=unstable_if action=reinterpret pc=0x00000000052edc54 method=org.objectweb.asm.MethodWriter.visitVarInsn(II)V @ 130
Event: 1.747 Thread 0x0000000004ee5000 Uncommon trap: reason=unstable_if action=reinterpret pc=0x00000000053531f4 method=org.objectweb.asm.MethodWriter.visitVarInsn(II)V @ 142

Classes redefined (0 events):
No events

Internal exceptions (10 events):
Event: 1.098 Thread 0x0000000004ee5000 Exception <a 'sun/nio/fs/WindowsException'> (0x00000000ff238c60) thrown at [D:\src\AOSP-openjdk-cygwin\jdk8u\hotspot\src\share\vm\prims\jni.cpp, line 709]
Event: 1.112 Thread 0x0000000004ee5000 Exception <a 'sun/nio/fs/WindowsException'> (0x00000000ff23d780) thrown at [D:\src\AOSP-openjdk-cygwin\jdk8u\hotspot\src\share\vm\prims\jni.cpp, line 709]
Event: 1.367 Thread 0x0000000004ee5000 Exception <a 'sun/nio/fs/WindowsException'> (0x00000000ff5d5718) thrown at [D:\src\AOSP-openjdk-cygwin\jdk8u\hotspot\src\share\vm\prims\jni.cpp, line 709]
Event: 1.367 Thread 0x0000000004ee5000 Exception <a 'sun/nio/fs/WindowsException'> (0x00000000ff5d5cd8) thrown at [D:\src\AOSP-openjdk-cygwin\jdk8u\hotspot\src\share\vm\prims\jni.cpp, line 709]
Event: 1.463 Thread 0x0000000004ee5000 Exception <a 'sun/nio/fs/WindowsException'> (0x00000000ff73d2b0) thrown at [D:\src\AOSP-openjdk-cygwin\jdk8u\hotspot\src\share\vm\prims\jni.cpp, line 709]
Event: 1.464 Thread 0x0000000004ee5000 Exception <a 'sun/nio/fs/WindowsException'> (0x00000000ff73d7f0) thrown at [D:\src\AOSP-openjdk-cygwin\jdk8u\hotspot\src\share\vm\prims\jni.cpp, line 709]
Event: 1.485 Thread 0x0000000004ee5000 Exception <a 'sun/nio/fs/WindowsException'> (0x00000000ff8016b8) thrown at [D:\src\AOSP-openjdk-cygwin\jdk8u\hotspot\src\share\vm\prims\jni.cpp, line 709]
Event: 1.486 Thread 0x0000000004ee5000 Exception <a 'sun/nio/fs/WindowsException'> (0x00000000ff801bf8) thrown at [D:\src\AOSP-openjdk-cygwin\jdk8u\hotspot\src\share\vm\prims\jni.cpp, line 709]
Event: 1.527 Thread 0x0000000004ee5000 Exception <a 'sun/nio/fs/WindowsException'> (0x00000000ff962ce0) thrown at [D:\src\AOSP-openjdk-cygwin\jdk8u\hotspot\src\share\vm\prims\jni.cpp, line 709]
Event: 1.527 Thread 0x0000000004ee5000 Exception <a 'sun/nio/fs/WindowsException'> (0x00000000ff963220) thrown at [D:\src\AOSP-openjdk-cygwin\jdk8u\hotspot\src\share\vm\prims\jni.cpp, line 709]

Events (10 events):
Event: 1.677 Executing VM operation: ParallelGCFailedAllocation done
Event: 1.735 Thread 0x0000000004ee5000 Uncommon trap: trap_request=0xffffff65 fr.pc=0x00000000053271cc
Event: 1.735 Thread 0x0000000004ee5000 DEOPT PACKING pc=0x00000000053271cc sp=0x0000000004ede5a0
Event: 1.735 Thread 0x0000000004ee5000 DEOPT UNPACKING pc=0x000000000502556a sp=0x0000000004ede538 mode 2
Event: 1.735 Thread 0x0000000004ee5000 Uncommon trap: trap_request=0xffffff65 fr.pc=0x00000000052edc54
Event: 1.735 Thread 0x0000000004ee5000 DEOPT PACKING pc=0x00000000052edc54 sp=0x0000000004ede940
Event: 1.735 Thread 0x0000000004ee5000 DEOPT UNPACKING pc=0x000000000502556a sp=0x0000000004ede888 mode 2
Event: 1.747 Thread 0x0000000004ee5000 Uncommon trap: trap_request=0xffffff65 fr.pc=0x00000000053531f4
Event: 1.747 Thread 0x0000000004ee5000 DEOPT PACKING pc=0x00000000053531f4 sp=0x0000000004ede9b0
Event: 1.747 Thread 0x0000000004ee5000 DEOPT UNPACKING pc=0x000000000502556a sp=0x0000000004ede8a8 mode 2


Dynamic libraries:
0x00007ff639540000 - 0x00007ff639571000 	D:\Android_Studio\Android_Studio3.0\jre\bin\java.exe
0x00007ffcb7070000 - 0x00007ffcb7250000 	C:\WINDOWS\SYSTEM32\ntdll.dll
0x00007ffcb4ce0000 - 0x00007ffcb4d8e000 	C:\WINDOWS\System32\KERNEL32.DLL
0x00007ffcb3df0000 - 0x00007ffcb4056000 	C:\WINDOWS\System32\KERNELBASE.dll
0x00007ffcb6e90000 - 0x00007ffcb6f31000 	C:\WINDOWS\System32\ADVAPI32.dll
0x00007ffcb5700000 - 0x00007ffcb579d000 	C:\WINDOWS\System32\msvcrt.dll
0x00007ffcb56a0000 - 0x00007ffcb56fb000 	C:\WINDOWS\System32\sechost.dll
0x00007ffcb4540000 - 0x00007ffcb465f000 	C:\WINDOWS\System32\RPCRT4.dll
0x00007ffcb4ac0000 - 0x00007ffcb4c4f000 	C:\WINDOWS\System32\USER32.dll
0x00007ffcb4520000 - 0x00007ffcb4540000 	C:\WINDOWS\System32\win32u.dll
0x00007ffcb53b0000 - 0x00007ffcb53d8000 	C:\WINDOWS\System32\GDI32.dll
0x00007ffcb4060000 - 0x00007ffcb41f3000 	C:\WINDOWS\System32\gdi32full.dll
0x00007ffcb4200000 - 0x00007ffcb429b000 	C:\WINDOWS\System32\msvcp_win.dll
0x00007ffcb43d0000 - 0x00007ffcb44c6000 	C:\WINDOWS\System32\ucrtbase.dll
0x00007ffca1830000 - 0x00007ffca1a99000 	C:\WINDOWS\WinSxS\amd64_microsoft.windows.common-controls_6595b64144ccf1df_6.0.16299.371_none_15c7d1789365a290\COMCTL32.dll
0x00007ffcb4d90000 - 0x00007ffcb5098000 	C:\WINDOWS\System32\combase.dll
0x00007ffcb4350000 - 0x00007ffcb43c2000 	C:\WINDOWS\System32\bcryptPrimitives.dll
0x00007ffcb6f40000 - 0x00007ffcb6f6d000 	C:\WINDOWS\System32\IMM32.DLL
0x00007ffcb3350000 - 0x00007ffcb33be000 	C:\WINDOWS\System32\dtrampo.dll
0x000000005fa50000 - 0x000000005fb22000 	D:\Android_Studio\Android_Studio3.0\jre\jre\bin\msvcr100.dll
0x000000005fc10000 - 0x000000006044e000 	D:\Android_Studio\Android_Studio3.0\jre\jre\bin\server\jvm.dll
0x00007ffcb6be0000 - 0x00007ffcb6be8000 	C:\WINDOWS\System32\PSAPI.DLL
0x00007ffcaed10000 - 0x00007ffcaed19000 	C:\WINDOWS\SYSTEM32\WSOCK32.dll
0x0000000004c90000 - 0x0000000004cfc000 	C:\WINDOWS\System32\WS2_32.dll
0x00007ffcaf640000 - 0x00007ffcaf663000 	C:\WINDOWS\SYSTEM32\WINMM.dll
0x00007ffca7980000 - 0x00007ffca798a000 	C:\WINDOWS\SYSTEM32\VERSION.dll
0x00007ffcaf370000 - 0x00007ffcaf39a000 	C:\WINDOWS\SYSTEM32\WINMMBASE.dll
0x00007ffcb44d0000 - 0x00007ffcb451a000 	C:\WINDOWS\System32\cfgmgr32.dll
0x00007ffcaed00000 - 0x00007ffcaed0f000 	D:\Android_Studio\Android_Studio3.0\jre\jre\bin\verify.dll
0x00007ffcaeb20000 - 0x00007ffcaeb49000 	D:\Android_Studio\Android_Studio3.0\jre\jre\bin\java.dll
0x00007ffcaeb90000 - 0x00007ffcaeba6000 	D:\Android_Studio\Android_Studio3.0\jre\jre\bin\zip.dll
0x00007ffcb57a0000 - 0x00007ffcb6bd6000 	C:\WINDOWS\System32\SHELL32.dll
0x00007ffcb6de0000 - 0x00007ffcb6e86000 	C:\WINDOWS\System32\shcore.dll
0x0000000017bc0000 - 0x0000000018307000 	C:\WINDOWS\System32\windows.storage.dll
0x00007ffcb55d0000 - 0x00007ffcb5621000 	C:\WINDOWS\System32\shlwapi.dll
0x00007ffcb33c0000 - 0x00007ffcb33d1000 	C:\WINDOWS\System32\kernel.appcore.dll
0x00007ffcb3420000 - 0x00007ffcb346c000 	C:\WINDOWS\System32\powrprof.dll
0x00007ffcb33e0000 - 0x00007ffcb33fb000 	C:\WINDOWS\System32\profapi.dll
0x00007ffcb2da0000 - 0x00007ffcb2db7000 	C:\WINDOWS\SYSTEM32\CRYPTSP.dll
0x00007ffcb27e0000 - 0x00007ffcb2813000 	C:\WINDOWS\system32\rsaenh.dll
0x00007ffcb2eb0000 - 0x00007ffcb2ed5000 	C:\WINDOWS\SYSTEM32\bcrypt.dll
0x00007ffcb3280000 - 0x00007ffcb32a9000 	C:\WINDOWS\SYSTEM32\USERENV.dll
0x00007ffcb2dc0000 - 0x00007ffcb2dcb000 	C:\WINDOWS\SYSTEM32\CRYPTBASE.dll
0x00007ffcae2d0000 - 0x00007ffcae2ea000 	D:\Android_Studio\Android_Studio3.0\jre\jre\bin\net.dll
0x00007ffcb2be0000 - 0x00007ffcb2c46000 	C:\WINDOWS\system32\mswsock.dll
0x00007ffcb2970000 - 0x00007ffcb29a9000 	C:\WINDOWS\SYSTEM32\IPHLPAPI.DLL
0x00007ffcb4c50000 - 0x00007ffcb4c58000 	C:\WINDOWS\System32\NSI.dll
0x00007ffcae600000 - 0x00007ffcae616000 	C:\WINDOWS\SYSTEM32\dhcpcsvc6.DLL
0x00007ffcae190000 - 0x00007ffcae1aa000 	C:\WINDOWS\SYSTEM32\dhcpcsvc.DLL
0x00007ffcae1b0000 - 0x00007ffcae1c1000 	D:\Android_Studio\Android_Studio3.0\jre\jre\bin\nio.dll

VM Arguments:
jvm_args: -Djava.awt.headless=true -Xmx64M -Dfile.encoding=GBK -Duser.country=CN -Duser.language=zh -Duser.variant 
java_command: com.google.devtools.build.android.desugar.Desugar --input C:\WorkSpace\left_ship\Left_ship -  (16) - gradle-4.6-start\app\build\intermediates\transforms\stackFramesFixer\debug\22.jar --output C:\WorkSpace\left_ship\Left_ship -  (16) - gradle-4.6-start\app\build\intermediates\transforms\desugar\debug\26.jar --input C:\WorkSpace\left_ship\Left_ship -  (16) - gradle-4.6-start\app\build\intermediates\transforms\stackFramesFixer\debug\25.jar --output C:\WorkSpace\left_ship\Left_ship -  (16) - gradle-4.6-start\app\build\intermediates\transforms\desugar\debug\29.jar --input C:\WorkSpace\left_ship\Left_ship -  (16) - gradle-4.6-start\app\build\intermediates\transforms\stackFramesFixer\debug\2.jar --output C:\WorkSpace\left_ship\Left_ship -  (16) - gradle-4.6-start\app\build\intermediates\transforms\desugar\debug\6.jar --input C:\WorkSpace\left_ship\Left_ship -  (16) - gradle-4.6-start\app\build\intermediates\transforms\stackFramesFixer\debug\11.jar --output C:\WorkSpace\left_ship\Left_ship -  (16) - gradle-4.6-start\app\build\intermediates\transforms\desugar\debug\15.jar --classpath_entry C:\WorkSpace\left_ship\Left_ship -  (16) - gradle-4.6-start\exampleui2\build\intermediates\intermediate-jars\debug\classes.jar --classpath_entry C:\WorkSpace\left_ship\Left_ship -  (16) - gradle-4.6-start\chatinput\build\intermediates\intermediate-jars\debug\classes.jar --classpath_entry C:\WorkSpace\left_ship\Left_ship -  (16) - gradle-4.6-start\imui\build\intermediates\intermediate-jars\debug\classes.jar --classpath_entry C:\WorkSpace\left_ship\Left_ship -  (16) - gradle-4.6-start\app\build\intermediates\classes\debug --classpath_entry C:\WorkSpace\left_ship\Left_ship -  (16) - gradle-4.6-start\app\build\intermediates\transforms\stackFramesFixer\debug\0.jar --classpath_entry C:\WorkSpace\left_ship\Left_ship -  (16) - gradle-4.6-start\app\build\intermediates\transforms\stackFramesFixer\debug\1.jar --classpath_entry C:\WorkSpace\left_ship\Left_ship -  (16) - gradle-4.6-star
java_class_path (initial): D:\TEMP\desugar_deploy.jar3885283216085467043
Launcher Type: SUN_STANDARD

Environment Variables:
JAVA_HOME=C:\Program Files\Java\jdk1.8.0_05
CLASSPATH=.;C:\Program Files\Java\jdk1.8.0_05\lib\dt.jar;C:\Program Files\Java\jdk1.8.0_05\lib\toos.jar;D:\Program Files\apache-ant-1.10.2\lib
PATH=C:\Windows\system32;C:\Windows;C:\Windows\System32\Wbem;C:\Windows\System32\WindowsPowerShell\v1.0\;C:\Program Files (x86)\Windows Kits\8.0\Windows Performance Toolkit\;C:\Program Files\Microsoft SQL Server\110\Tools\Binn\;D:\Matlab\runtime\win64;D:\Matlab\bin;D:\Matlab\polyspace\bin;C:\Program Files (x86)\NVIDIA Corporation\PhysX\Common;C:\Program Files\Microsoft SQL Server\Client SDK\ODBC\110\Tools\Binn\;C:\Program Files (x86)\Microsoft SQL Server\120\Tools\Binn\;C:\Program Files\Microsoft SQL Server\120\Tools\Binn\;C:\Program Files\Microsoft SQL Server\120\DTS\Binn\;C:\Program Files (x86)\Windows Kits\8.1\Windows Performance Toolkit\;C:\Program Files (x86)\QuickTime\QTSystem\;"C:\Program Files\Java\jdk1.8.0_05\bin;C:\Program Files\Java\jdk1.8.0_05\jre\bin;";D:\Android_Studio\SDK\platform-tools;D:\Program Files\UltraCompare;C:\WINDOWS\system32;C:\WINDOWS;C:\WINDOWS\System32\Wbem;C:\WINDOWS\System32\WindowsPowerShell\v1.0\;C:\Program Files\Java\jdk1.8.0_05\bin;D:\Android_Studio\SDK\platform-tools;D:\Program Files\apache-ant-1.10.2\bin;D:\Program Files\MySQL_Server\mysql-5.7.21-winx64\bin;D:\Program Files\Git\cmd;D:\Program Files\tortoisegit\bin;C:\Users\huoda\AppData\Local\Microsoft\WindowsApps;D:\A_Win10_Tools\;D:\Program Files\BandZip\;D:\Android_Studio\ANT\apache-ant-1.10.2\bin;
USERNAME=huoda
OS=Windows_NT
PROCESSOR_IDENTIFIER=Intel64 Family 6 Model 158 Stepping 9, GenuineIntel



---------------  S Y S T E M  ---------------

OS: Windows 10.0 , 64 bit Build 16299 (10.0.16299.15)

CPU:total 8 (initial active 8) (4 cores per cpu, 2 threads per core) family 6 model 158 stepping 9, cmov, cx8, fxsr, mmx, sse, sse2, sse3, ssse3, sse4.1, sse4.2, popcnt, avx, avx2, aes, clmul, erms, 3dnowpref, lzcnt, ht, tsc, tscinvbit, bmi1, bmi2, adx

Memory: 4k page, physical 16663628k(767276k free), swap 20857932k(5564k free)

vm_info: OpenJDK 64-Bit Server VM (25.152-b01) for windows-amd64 JRE (1.8.0_152-release-915-b01), built by "builder" with MS VC++ 10.0 (VS2010)

time: Sat Apr 14 20:18:42 2018
elapsed time: 1 seconds (0d 0h 0m 1s)

