#
# There is insufficient memory for the Java Runtime Environment to continue.
# Native memory allocation (malloc) failed to allocate 32744 bytes for ChunkPool::allocate
# Possible reasons:
#   The system is out of physical RAM or swap space
#   In 32 bit mode, the process size limit was hit
# Possible solutions:
#   Reduce memory load on the system
#   Increase physical memory or swap space
#   Check if swap backing store is full
#   Use 64 bit Java on a 64 bit OS
#   Decrease Java heap size (-Xmx/-Xms)
#   Decrease number of Java threads
#   Decrease Java thread stack sizes (-Xss)
#   Set larger code cache with -XX:ReservedCodeCacheSize=
# This output file may be truncated or incomplete.
#
#  Out of Memory Error (allocation.cpp:273), pid=6476, tid=0x0000000000000164
#
# JRE version: OpenJDK Runtime Environment (8.0_152-b01) (build 1.8.0_152-release-915-b01)
# Java VM: OpenJDK 64-Bit Server VM (25.152-b01 mixed mode windows-amd64 compressed oops)
# Failed to write core dump. Minidumps are not enabled by default on client versions of Windows
#

---------------  T H R E A D  ---------------

Current thread (0x0000000017456000):  JavaThread "C2 CompilerThread2" daemon [_thread_in_native, id=356, stack(0x0000000017dc0000,0x0000000017ec0000)]

Stack: [0x0000000017dc0000,0x0000000017ec0000]
[error occurred during error reporting (printing stack bounds), id 0xc0000005]

Native frames: (J=compiled Java code, j=interpreted, Vv=VM code, C=native code)


Current CompileTask:
C2:   2858  952       4       org.objectweb.asm.Type::a (269 bytes)


---------------  P R O C E S S  ---------------

Java Threads: ( => current thread )
  0x000000001745d800 JavaThread "Service Thread" daemon [_thread_blocked, id=9776, stack(0x0000000017fc0000,0x00000000180c0000)]
  0x0000000017459800 JavaThread "C1 CompilerThread3" daemon [_thread_in_native, id=3680, stack(0x0000000017ec0000,0x0000000017fc0000)]
=>0x0000000017456000 JavaThread "C2 CompilerThread2" daemon [_thread_in_native, id=356, stack(0x0000000017dc0000,0x0000000017ec0000)]
  0x0000000017408800 JavaThread "C2 CompilerThread1" daemon [_thread_in_native, id=12272, stack(0x0000000017cc0000,0x0000000017dc0000)]
  0x00000000173ff000 JavaThread "C2 CompilerThread0" daemon [_thread_in_native, id=3188, stack(0x0000000017bc0000,0x0000000017cc0000)]
  0x00000000173fd800 JavaThread "Attach Listener" daemon [_thread_blocked, id=13688, stack(0x0000000017ac0000,0x0000000017bc0000)]
  0x00000000173aa800 JavaThread "Signal Dispatcher" daemon [_thread_blocked, id=1452, stack(0x00000000179c0000,0x0000000017ac0000)]
  0x0000000017391000 JavaThread "Finalizer" daemon [_thread_blocked, id=6352, stack(0x0000000017770000,0x0000000017870000)]
  0x000000001547b800 JavaThread "Reference Handler" daemon [_thread_blocked, id=7376, stack(0x0000000017270000,0x0000000017370000)]
  0x0000000004bd5000 JavaThread "main" [_thread_in_Java, id=9732, stack(0x0000000004ad0000,0x0000000004bd0000)]

Other Threads:
  0x0000000015477000 VMThread [stack: 0x0000000017170000,0x0000000017270000] [id=3460]
  0x000000001745e000 WatcherThread [stack: 0x00000000180c0000,0x00000000181c0000] [id=12336]

VM state:not at safepoint (normal execution)

VM Mutex/Monitor currently owned by a thread: None

Heap:
 PSYoungGen      total 18944K, used 8157K [0x00000000feb00000, 0x0000000100000000, 0x0000000100000000)
  eden space 16384K, 34% used [0x00000000feb00000,0x00000000ff07ee70,0x00000000ffb00000)
  from space 2560K, 98% used [0x00000000ffd80000,0x00000000ffff8850,0x0000000100000000)
  to   space 2560K, 0% used [0x00000000ffb00000,0x00000000ffb00000,0x00000000ffd80000)
 ParOldGen       total 44032K, used 5042K [0x00000000fc000000, 0x00000000feb00000, 0x00000000feb00000)
  object space 44032K, 11% used [0x00000000fc000000,0x00000000fc4ec9a0,0x00000000feb00000)
 Metaspace       used 7585K, capacity 7788K, committed 7936K, reserved 1056768K
  class space    used 870K, capacity 956K, committed 1024K, reserved 1048576K

Card table byte_map: [0x0000000002cd0000,0x0000000002d00000] byte_map_base: 0x00000000024f0000

Marking Bits: (ParMarkBitMap*) 0x000000005bfc3950
 Begin Bits: [0x0000000014890000, 0x0000000014990000)
 End Bits:   [0x0000000014990000, 0x0000000014a90000)

Polling page: 0x0000000002a70000

CodeCache: size=245760Kb used=3646Kb max_used=3646Kb free=242113Kb
 bounds [0x0000000004cd0000, 0x0000000005070000, 0x0000000013cd0000]
 total_blobs=1289 nmethods=955 adapters=248
 compilation: enabled

Compilation events (10 events):
Event: 2.572 Thread 0x0000000017459800  948       3       sun.util.calendar.CalendarDate::setNormalized (6 bytes)
Event: 2.572 Thread 0x0000000017459800 nmethod 948 0x0000000005056510 code [0x0000000005056660, 0x00000000050567b0]
Event: 2.572 Thread 0x0000000017459800  950       3       org.objectweb.asm.MethodVisitor::visitParameterAnnotation (20 bytes)
Event: 2.572 Thread 0x0000000017459800 nmethod 950 0x0000000005056050 code [0x00000000050561c0, 0x0000000005056428]
Event: 2.572 Thread 0x0000000017459800  946       1       sun.util.calendar.CalendarDate::getZone (5 bytes)
Event: 2.572 Thread 0x0000000017459800 nmethod 946 0x0000000005055d90 code [0x0000000005055ee0, 0x0000000005055ff0]
Event: 2.572 Thread 0x0000000017459800  947       1       sun.util.calendar.CalendarDate::isNormalized (5 bytes)
Event: 2.572 Thread 0x0000000017459800 nmethod 947 0x0000000005055ad0 code [0x0000000005055c20, 0x0000000005055d30]
Event: 2.854 Thread 0x00000000173ff000  951       4       org.objectweb.asm.Item::a (354 bytes)
Event: 2.854 Thread 0x0000000017456000  952       4       org.objectweb.asm.Type::a (269 bytes)

GC Heap History (4 events):
Event: 1.083 GC heap before
{Heap before GC invocations=1 (full 0):
 PSYoungGen      total 18944K, used 16384K [0x00000000feb00000, 0x0000000100000000, 0x0000000100000000)
  eden space 16384K, 100% used [0x00000000feb00000,0x00000000ffb00000,0x00000000ffb00000)
  from space 2560K, 0% used [0x00000000ffd80000,0x00000000ffd80000,0x0000000100000000)
  to   space 2560K, 0% used [0x00000000ffb00000,0x00000000ffb00000,0x00000000ffd80000)
 ParOldGen       total 44032K, used 0K [0x00000000fc000000, 0x00000000feb00000, 0x00000000feb00000)
  object space 44032K, 0% used [0x00000000fc000000,0x00000000fc000000,0x00000000feb00000)
 Metaspace       used 6563K, capacity 6682K, committed 6784K, reserved 1056768K
  class space    used 771K, capacity 823K, committed 896K, reserved 1048576K
Event: 1.115 GC heap after
Heap after GC invocations=1 (full 0):
 PSYoungGen      total 18944K, used 2536K [0x00000000feb00000, 0x0000000100000000, 0x0000000100000000)
  eden space 16384K, 0% used [0x00000000feb00000,0x00000000feb00000,0x00000000ffb00000)
  from space 2560K, 99% used [0x00000000ffb00000,0x00000000ffd7a030,0x00000000ffd80000)
  to   space 2560K, 0% used [0x00000000ffd80000,0x00000000ffd80000,0x0000000100000000)
 ParOldGen       total 44032K, used 1513K [0x00000000fc000000, 0x00000000feb00000, 0x00000000feb00000)
  object space 44032K, 3% used [0x00000000fc000000,0x00000000fc17a6c8,0x00000000feb00000)
 Metaspace       used 6563K, capacity 6682K, committed 6784K, reserved 1056768K
  class space    used 771K, capacity 823K, committed 896K, reserved 1048576K
}
Event: 2.026 GC heap before
{Heap before GC invocations=2 (full 0):
 PSYoungGen      total 18944K, used 18920K [0x00000000feb00000, 0x0000000100000000, 0x0000000100000000)
  eden space 16384K, 100% used [0x00000000feb00000,0x00000000ffb00000,0x00000000ffb00000)
  from space 2560K, 99% used [0x00000000ffb00000,0x00000000ffd7a030,0x00000000ffd80000)
  to   space 2560K, 0% used [0x00000000ffd80000,0x00000000ffd80000,0x0000000100000000)
 ParOldGen       total 44032K, used 1513K [0x00000000fc000000, 0x00000000feb00000, 0x00000000feb00000)
  object space 44032K, 3% used [0x00000000fc000000,0x00000000fc17a6c8,0x00000000feb00000)
 Metaspace       used 7525K, capacity 7724K, committed 7936K, reserved 1056768K
  class space    used 870K, capacity 956K, committed 1024K, reserved 1048576K
Event: 2.298 GC heap after
Heap after GC invocations=2 (full 0):
 PSYoungGen      total 18944K, used 2530K [0x00000000feb00000, 0x0000000100000000, 0x0000000100000000)
  eden space 16384K, 0% used [0x00000000feb00000,0x00000000feb00000,0x00000000ffb00000)
  from space 2560K, 98% used [0x00000000ffd80000,0x00000000ffff8850,0x0000000100000000)
  to   space 2560K, 0% used [0x00000000ffb00000,0x00000000ffb00000,0x00000000ffd80000)
 ParOldGen       total 44032K, used 5042K [0x00000000fc000000, 0x00000000feb00000, 0x00000000feb00000)
  object space 44032K, 11% used [0x00000000fc000000,0x00000000fc4ec9a0,0x00000000feb00000)
 Metaspace       used 7525K, capacity 7724K, committed 7936K, reserved 1056768K
  class space    used 870K, capacity 956K, committed 1024K, reserved 1048576K
}

Deoptimization events (10 events):
Event: 1.067 Thread 0x0000000004bd5000 Uncommon trap: reason=unstable_if action=reinterpret pc=0x0000000004eefe00 method=java.util.zip.ZipCoder.decoder()Ljava/nio/charset/CharsetDecoder; @ 4
Event: 1.067 Thread 0x0000000004bd5000 Uncommon trap: reason=unstable_if action=reinterpret pc=0x0000000004eec398 method=java.util.zip.ZipEntry.setExtra0([BZ)V @ 1
Event: 1.069 Thread 0x0000000004bd5000 Uncommon trap: reason=unstable_if action=reinterpret pc=0x0000000004ef6398 method=java.util.zip.ZipCoder.decoder()Ljava/nio/charset/CharsetDecoder; @ 4
Event: 1.146 Thread 0x0000000004bd5000 Uncommon trap: reason=unstable_if action=reinterpret pc=0x0000000004efcb80 method=java.util.zip.ZipCoder.decoder()Ljava/nio/charset/CharsetDecoder; @ 4
Event: 1.195 Thread 0x0000000004bd5000 Uncommon trap: reason=unloaded action=reinterpret pc=0x0000000004f0cf7c method=java.util.zip.ZipEntry.setExtra0([BZ)V @ 37
Event: 1.792 Thread 0x0000000004bd5000 Uncommon trap: reason=unstable_if action=reinterpret pc=0x0000000004e60e38 method=java.lang.String.<init>([CII)V @ 18
Event: 1.877 Thread 0x0000000004bd5000 Uncommon trap: reason=unstable_if action=reinterpret pc=0x0000000004f80a44 method=org.objectweb.asm.ClassReader.readUTF8(I[C)Ljava/lang/String; @ 7
Event: 2.309 Thread 0x0000000004bd5000 Uncommon trap: reason=unstable_if action=reinterpret pc=0x0000000005008584 method=org.objectweb.asm.Type.getArgumentsAndReturnSizes(Ljava/lang/String;)I @ 47
Event: 2.550 Thread 0x0000000004bd5000 Uncommon trap: reason=unstable_if action=reinterpret pc=0x000000000501ee68 method=org.objectweb.asm.MethodWriter.visitVarInsn(II)V @ 142
Event: 2.550 Thread 0x0000000004bd5000 Uncommon trap: reason=unstable_if action=reinterpret pc=0x0000000004fda098 method=org.objectweb.asm.Item.a(Lorg/objectweb/asm/Item;)Z @ 345

Classes redefined (0 events):
No events

Internal exceptions (10 events):
Event: 1.206 Thread 0x0000000004bd5000 Exception <a 'sun/nio/fs/WindowsException'> (0x00000000ff234428) thrown at [D:\src\AOSP-openjdk-cygwin\jdk8u\hotspot\src\share\vm\prims\jni.cpp, line 709]
Event: 1.206 Thread 0x0000000004bd5000 Exception <a 'sun/nio/fs/WindowsException'> (0x00000000ff2348d8) thrown at [D:\src\AOSP-openjdk-cygwin\jdk8u\hotspot\src\share\vm\prims\jni.cpp, line 709]
Event: 1.207 Thread 0x0000000004bd5000 Exception <a 'sun/nio/fs/WindowsException'> (0x00000000ff235028) thrown at [D:\src\AOSP-openjdk-cygwin\jdk8u\hotspot\src\share\vm\prims\jni.cpp, line 709]
Event: 1.268 Thread 0x0000000004bd5000 Exception <a 'sun/nio/fs/WindowsException'> (0x00000000ff239b48) thrown at [D:\src\AOSP-openjdk-cygwin\jdk8u\hotspot\src\share\vm\prims\jni.cpp, line 709]
Event: 1.653 Thread 0x0000000004bd5000 Exception <a 'sun/nio/fs/WindowsException'> (0x00000000ff5cf658) thrown at [D:\src\AOSP-openjdk-cygwin\jdk8u\hotspot\src\share\vm\prims\jni.cpp, line 709]
Event: 1.653 Thread 0x0000000004bd5000 Exception <a 'sun/nio/fs/WindowsException'> (0x00000000ff5cfc18) thrown at [D:\src\AOSP-openjdk-cygwin\jdk8u\hotspot\src\share\vm\prims\jni.cpp, line 709]
Event: 1.856 Thread 0x0000000004bd5000 Exception <a 'sun/nio/fs/WindowsException'> (0x00000000ff83fee8) thrown at [D:\src\AOSP-openjdk-cygwin\jdk8u\hotspot\src\share\vm\prims\jni.cpp, line 709]
Event: 1.856 Thread 0x0000000004bd5000 Exception <a 'sun/nio/fs/WindowsException'> (0x00000000ff840428) thrown at [D:\src\AOSP-openjdk-cygwin\jdk8u\hotspot\src\share\vm\prims\jni.cpp, line 709]
Event: 1.928 Thread 0x0000000004bd5000 Exception <a 'sun/nio/fs/WindowsException'> (0x00000000ff8a81f0) thrown at [D:\src\AOSP-openjdk-cygwin\jdk8u\hotspot\src\share\vm\prims\jni.cpp, line 709]
Event: 1.929 Thread 0x0000000004bd5000 Exception <a 'sun/nio/fs/WindowsException'> (0x00000000ff8a8730) thrown at [D:\src\AOSP-openjdk-cygwin\jdk8u\hotspot\src\share\vm\prims\jni.cpp, line 709]

Events (10 events):
Event: 2.309 Thread 0x0000000004bd5000 DEOPT PACKING pc=0x0000000005008584 sp=0x0000000004bced10
Event: 2.309 Thread 0x0000000004bd5000 DEOPT UNPACKING pc=0x0000000004d1556a sp=0x0000000004bcec98 mode 2
Event: 2.550 Thread 0x0000000004bd5000 Uncommon trap: trap_request=0xffffff65 fr.pc=0x000000000501ee68
Event: 2.550 Thread 0x0000000004bd5000 DEOPT PACKING pc=0x000000000501ee68 sp=0x0000000004bcef40
Event: 2.550 Thread 0x0000000004bd5000 DEOPT UNPACKING pc=0x0000000004d1556a sp=0x0000000004bcee88 mode 2
Event: 2.550 Thread 0x0000000004bd5000 Uncommon trap: trap_request=0xffffff65 fr.pc=0x0000000004fda098
Event: 2.551 Thread 0x0000000004bd5000 DEOPT PACKING pc=0x0000000004fda098 sp=0x0000000004bcec70
Event: 2.551 Thread 0x0000000004bd5000 DEOPT UNPACKING pc=0x0000000004d1556a sp=0x0000000004bcec08 mode 2
Event: 2.561 Thread 0x0000000004bd5000 DEOPT PACKING pc=0x0000000004e3b907 sp=0x0000000004bcf1e0
Event: 2.561 Thread 0x0000000004bd5000 DEOPT UNPACKING pc=0x0000000004d175bf sp=0x0000000004bcef10 mode 0


Dynamic libraries:
0x00007ff693a30000 - 0x00007ff693a61000 	D:\Android_Studio\Android_Studio3.0\jre\bin\java.exe
0x00007ffb10880000 - 0x00007ffb10a60000 	C:\WINDOWS\SYSTEM32\ntdll.dll
0x00007ffb0eeb0000 - 0x00007ffb0ef5e000 	C:\WINDOWS\System32\KERNEL32.DLL
0x00007ffb0cd80000 - 0x00007ffb0cfe6000 	C:\WINDOWS\System32\KERNELBASE.dll
0x00007ffb107a0000 - 0x00007ffb10841000 	C:\WINDOWS\System32\ADVAPI32.dll
0x00007ffb0e340000 - 0x00007ffb0e3dd000 	C:\WINDOWS\System32\msvcrt.dll
0x00007ffb0e3e0000 - 0x00007ffb0e43b000 	C:\WINDOWS\System32\sechost.dll
0x00007ffb0ed90000 - 0x00007ffb0eeaf000 	C:\WINDOWS\System32\RPCRT4.dll
0x00007ffb0dfe0000 - 0x00007ffb0e16f000 	C:\WINDOWS\System32\USER32.dll
0x00007ffb0dbb0000 - 0x00007ffb0dbd0000 	C:\WINDOWS\System32\win32u.dll
0x00007ffb0dd50000 - 0x00007ffb0dd78000 	C:\WINDOWS\System32\GDI32.dll
0x00007ffb0d2c0000 - 0x00007ffb0d453000 	C:\WINDOWS\System32\gdi32full.dll
0x00007ffb0dcb0000 - 0x00007ffb0dd4b000 	C:\WINDOWS\System32\msvcp_win.dll
0x00007ffb0cc80000 - 0x00007ffb0cd76000 	C:\WINDOWS\System32\ucrtbase.dll
0x00007ffaff180000 - 0x00007ffaff3e9000 	C:\WINDOWS\WinSxS\amd64_microsoft.windows.common-controls_6595b64144ccf1df_6.0.16299.309_none_15cfd4c4935e6b11\COMCTL32.dll
0x00007ffb0ea70000 - 0x00007ffb0ed78000 	C:\WINDOWS\System32\combase.dll
0x00007ffb0dc30000 - 0x00007ffb0dca2000 	C:\WINDOWS\System32\bcryptPrimitives.dll
0x00007ffb10650000 - 0x00007ffb1067d000 	C:\WINDOWS\System32\IMM32.DLL
0x00007ffb0cb60000 - 0x00007ffb0cbce000 	C:\WINDOWS\System32\dtrampo.dll
0x000000005b640000 - 0x000000005b712000 	D:\Android_Studio\Android_Studio3.0\jre\jre\bin\msvcr100.dll
0x000000005b800000 - 0x000000005c03e000 	D:\Android_Studio\Android_Studio3.0\jre\jre\bin\server\jvm.dll
0x00007ffb10680000 - 0x00007ffb10688000 	C:\WINDOWS\System32\PSAPI.DLL
0x00007ffb0a550000 - 0x00007ffb0a559000 	C:\WINDOWS\SYSTEM32\WSOCK32.dll
0x00007ffb0ea00000 - 0x00007ffb0ea6c000 	C:\WINDOWS\System32\WS2_32.dll
0x00007ffb079f0000 - 0x00007ffb07a13000 	C:\WINDOWS\SYSTEM32\WINMM.dll
0x00007ffb026b0000 - 0x00007ffb026ba000 	C:\WINDOWS\SYSTEM32\VERSION.dll
0x00007ffb073e0000 - 0x00007ffb0740a000 	C:\WINDOWS\SYSTEM32\WINMMBASE.dll
0x00007ffb0cff0000 - 0x00007ffb0d03a000 	C:\WINDOWS\System32\cfgmgr32.dll
0x00007ffb0a540000 - 0x00007ffb0a54f000 	D:\Android_Studio\Android_Studio3.0\jre\jre\bin\verify.dll
0x00007ffb0a4b0000 - 0x00007ffb0a4d9000 	D:\Android_Studio\Android_Studio3.0\jre\jre\bin\java.dll
0x00007ffb08e10000 - 0x00007ffb08e26000 	D:\Android_Studio\Android_Studio3.0\jre\jre\bin\zip.dll
0x00007ffb0f100000 - 0x00007ffb10536000 	C:\WINDOWS\System32\SHELL32.dll
0x00007ffb106f0000 - 0x00007ffb10796000 	C:\WINDOWS\System32\shcore.dll
0x00007ffb0d460000 - 0x00007ffb0dba7000 	C:\WINDOWS\System32\windows.storage.dll
0x00007ffb0e4e0000 - 0x00007ffb0e531000 	C:\WINDOWS\System32\shlwapi.dll
0x00007ffb0cbf0000 - 0x00007ffb0cc01000 	C:\WINDOWS\System32\kernel.appcore.dll
0x0000000017870000 - 0x00000000178bc000 	C:\WINDOWS\System32\powrprof.dll
0x00007ffb0cc10000 - 0x00007ffb0cc2b000 	C:\WINDOWS\System32\profapi.dll
0x00007ffb0c5b0000 - 0x00007ffb0c5c7000 	C:\WINDOWS\SYSTEM32\CRYPTSP.dll
0x00007ffb0bff0000 - 0x00007ffb0c023000 	C:\WINDOWS\system32\rsaenh.dll
0x00007ffb0c6c0000 - 0x00007ffb0c6e5000 	C:\WINDOWS\SYSTEM32\bcrypt.dll
0x00007ffb0ca90000 - 0x00007ffb0cab9000 	C:\WINDOWS\SYSTEM32\USERENV.dll
0x00007ffb0c5d0000 - 0x00007ffb0c5db000 	C:\WINDOWS\SYSTEM32\CRYPTBASE.dll
0x00007ffb089b0000 - 0x00007ffb089ca000 	D:\Android_Studio\Android_Studio3.0\jre\jre\bin\net.dll
0x00007ffb0c3f0000 - 0x00007ffb0c456000 	C:\WINDOWS\system32\mswsock.dll
0x00007ffb0c180000 - 0x00007ffb0c1b9000 	C:\WINDOWS\SYSTEM32\IPHLPAPI.DLL
0x00007ffb0e9f0000 - 0x00007ffb0e9f8000 	C:\WINDOWS\System32\NSI.dll
0x00007ffb07260000 - 0x00007ffb07276000 	C:\WINDOWS\SYSTEM32\dhcpcsvc6.DLL
0x00007ffb07240000 - 0x00007ffb0725a000 	C:\WINDOWS\SYSTEM32\dhcpcsvc.DLL
0x00007ffb084b0000 - 0x00007ffb084c1000 	D:\Android_Studio\Android_Studio3.0\jre\jre\bin\nio.dll

VM Arguments:
jvm_args: -Djava.awt.headless=true -Xmx64M -Dfile.encoding=GBK -Duser.country=CN -Duser.language=zh -Duser.variant 
java_command: com.google.devtools.build.android.desugar.Desugar --input C:\WorkSpace\left_ship\Left_ship -  (16) - gradle-4.6-start\app\build\intermediates\transforms\stackFramesFixer\debug\15.jar --output C:\WorkSpace\left_ship\Left_ship -  (16) - gradle-4.6-start\app\build\intermediates\transforms\desugar\debug\19.jar --input C:\WorkSpace\left_ship\Left_ship -  (16) - gradle-4.6-start\app\build\intermediates\transforms\stackFramesFixer\debug\22.jar --output C:\WorkSpace\left_ship\Left_ship -  (16) - gradle-4.6-start\app\build\intermediates\transforms\desugar\debug\26.jar --input C:\WorkSpace\left_ship\Left_ship -  (16) - gradle-4.6-start\app\build\intermediates\transforms\stackFramesFixer\debug\17.jar --output C:\WorkSpace\left_ship\Left_ship -  (16) - gradle-4.6-start\app\build\intermediates\transforms\desugar\debug\21.jar --input C:\WorkSpace\left_ship\Left_ship -  (16) - gradle-4.6-start\app\build\intermediates\transforms\stackFramesFixer\debug\24.jar --output C:\WorkSpace\left_ship\Left_ship -  (16) - gradle-4.6-start\app\build\intermediates\transforms\desugar\debug\28.jar --classpath_entry C:\WorkSpace\left_ship\Left_ship -  (16) - gradle-4.6-start\exampleui2\build\intermediates\intermediate-jars\debug\classes.jar --classpath_entry C:\WorkSpace\left_ship\Left_ship -  (16) - gradle-4.6-start\chatinput\build\intermediates\intermediate-jars\debug\classes.jar --classpath_entry C:\WorkSpace\left_ship\Left_ship -  (16) - gradle-4.6-start\imui\build\intermediates\intermediate-jars\debug\classes.jar --classpath_entry C:\WorkSpace\left_ship\Left_ship -  (16) - gradle-4.6-start\app\build\intermediates\classes\debug --classpath_entry C:\WorkSpace\left_ship\Left_ship -  (16) - gradle-4.6-start\app\build\intermediates\transforms\stackFramesFixer\debug\0.jar --classpath_entry C:\WorkSpace\left_ship\Left_ship -  (16) - gradle-4.6-start\app\build\intermediates\transforms\stackFramesFixer\debug\1.jar --classpath_entry C:\WorkSpace\left_ship\Left_ship -  (16) - gradle-4.6-st
java_class_path (initial): D:\TEMP\desugar_deploy.jar2509268480979614362
Launcher Type: SUN_STANDARD

Environment Variables:
JAVA_HOME=C:\Program Files\Java\jdk1.8.0_05
CLASSPATH=.;C:\Program Files\Java\jdk1.8.0_05\lib\dt.jar;C:\Program Files\Java\jdk1.8.0_05\lib\toos.jar;D:\Program Files\apache-ant-1.10.2\lib
PATH=C:\Windows\system32;C:\Windows;C:\Windows\System32\Wbem;C:\Windows\System32\WindowsPowerShell\v1.0\;C:\Program Files (x86)\Windows Kits\8.0\Windows Performance Toolkit\;C:\Program Files\Microsoft SQL Server\110\Tools\Binn\;D:\Matlab\runtime\win64;D:\Matlab\bin;D:\Matlab\polyspace\bin;C:\Program Files (x86)\NVIDIA Corporation\PhysX\Common;C:\Program Files\Microsoft SQL Server\Client SDK\ODBC\110\Tools\Binn\;C:\Program Files (x86)\Microsoft SQL Server\120\Tools\Binn\;C:\Program Files\Microsoft SQL Server\120\Tools\Binn\;C:\Program Files\Microsoft SQL Server\120\DTS\Binn\;C:\Program Files (x86)\Windows Kits\8.1\Windows Performance Toolkit\;C:\Program Files (x86)\QuickTime\QTSystem\;"C:\Program Files\Java\jdk1.8.0_05\bin;C:\Program Files\Java\jdk1.8.0_05\jre\bin;";D:\Android_Studio\SDK\platform-tools;D:\Program Files\UltraCompare;C:\WINDOWS\system32;C:\WINDOWS;C:\WINDOWS\System32\Wbem;C:\WINDOWS\System32\WindowsPowerShell\v1.0\;C:\Program Files\Java\jdk1.8.0_05\bin;D:\Android_Studio\SDK\platform-tools;D:\Program Files\apache-ant-1.10.2\bin;D:\Program Files\MySQL_Server\mysql-5.7.21-winx64\bin;D:\Program Files\Git\cmd;D:\Program Files\tortoisegit\bin;C:\Users\huoda\AppData\Local\Microsoft\WindowsApps;D:\A_Win10_Tools\;D:\Program Files\BandZip\;D:\Android_Studio\ANT\apache-ant-1.10.2\bin;
USERNAME=huoda
OS=Windows_NT
PROCESSOR_IDENTIFIER=Intel64 Family 6 Model 158 Stepping 9, GenuineIntel



---------------  S Y S T E M  ---------------

OS: Windows 10.0 , 64 bit Build 16299 (10.0.16299.15)

CPU:total 8 (initial active 8) (4 cores per cpu, 2 threads per core) family 6 model 158 stepping 9, cmov, cx8, fxsr, mmx, sse, sse2, sse3, ssse3, sse4.1, sse4.2, popcnt, avx, avx2, aes, clmul, erms, 3dnowpref, lzcnt, ht, tsc, tscinvbit, bmi1, bmi2, adx

Memory: 4k page, physical 16663628k(3879960k free), swap 20857932k(57320k free)

vm_info: OpenJDK 64-Bit Server VM (25.152-b01) for windows-amd64 JRE (1.8.0_152-release-915-b01), built by "builder" with MS VC++ 10.0 (VS2010)

time: Sun Apr 08 01:00:11 2018
elapsed time: 2 seconds (0d 0h 0m 2s)

