#
# There is insufficient memory for the Java Runtime Environment to continue.
# Native memory allocation (malloc) failed to allocate 32744 bytes for ChunkPool::allocate
# Possible reasons:
#   The system is out of physical RAM or swap space
#   In 32 bit mode, the process size limit was hit
# Possible solutions:
#   Reduce memory load on the system
#   Increase physical memory or swap space
#   Check if swap backing store is full
#   Use 64 bit Java on a 64 bit OS
#   Decrease Java heap size (-Xmx/-Xms)
#   Decrease number of Java threads
#   Decrease Java thread stack sizes (-Xss)
#   Set larger code cache with -XX:ReservedCodeCacheSize=
# This output file may be truncated or incomplete.
#
#  Out of Memory Error (allocation.cpp:273), pid=1680, tid=0x00000000000009f8
#
# JRE version: OpenJDK Runtime Environment (8.0_152-b01) (build 1.8.0_152-release-915-b01)
# Java VM: OpenJDK 64-Bit Server VM (25.152-b01 mixed mode windows-amd64 compressed oops)
# Failed to write core dump. Minidumps are not enabled by default on client versions of Windows
#

---------------  T H R E A D  ---------------

Current thread (0x00000000173cb000):  JavaThread "C2 CompilerThread2" daemon [_thread_in_native, id=2552, stack(0x0000000017d80000,0x0000000017e80000)]

Stack: [0x0000000017d80000,0x0000000017e80000]
[error occurred during error reporting (printing stack bounds), id 0xc0000005]

Native frames: (J=compiled Java code, j=interpreted, Vv=VM code, C=native code)


Current CompileTask:
C2:   1515 1072       4       org.objectweb.asm.MethodVisitor::visitLocalVariable (24 bytes)


---------------  P R O C E S S  ---------------

Java Threads: ( => current thread )
  0x000000001745e800 JavaThread "Service Thread" daemon [_thread_blocked, id=5456, stack(0x0000000017f80000,0x0000000018080000)]
  0x00000000173d9000 JavaThread "C1 CompilerThread3" daemon [_thread_blocked, id=4612, stack(0x0000000017e80000,0x0000000017f80000)]
=>0x00000000173cb000 JavaThread "C2 CompilerThread2" daemon [_thread_in_native, id=2552, stack(0x0000000017d80000,0x0000000017e80000)]
  0x00000000173c9000 JavaThread "C2 CompilerThread1" daemon [_thread_in_native, id=7144, stack(0x0000000017c80000,0x0000000017d80000)]
  0x00000000173c0000 JavaThread "C2 CompilerThread0" daemon [_thread_in_native, id=13136, stack(0x0000000017b80000,0x0000000017c80000)]
  0x000000001736b000 JavaThread "Attach Listener" daemon [_thread_blocked, id=13436, stack(0x0000000017a80000,0x0000000017b80000)]
  0x0000000017369800 JavaThread "Signal Dispatcher" daemon [_thread_blocked, id=6528, stack(0x0000000017980000,0x0000000017a80000)]
  0x0000000017350800 JavaThread "Finalizer" daemon [_thread_blocked, id=9232, stack(0x0000000017730000,0x0000000017830000)]
  0x0000000004ca9000 JavaThread "Reference Handler" daemon [_thread_blocked, id=9492, stack(0x0000000017230000,0x0000000017330000)]
  0x0000000004bb5000 JavaThread "main" [_thread_in_Java, id=5444, stack(0x00000000049d0000,0x0000000004ad0000)]

Other Threads:
  0x0000000015457000 VMThread [stack: 0x0000000017130000,0x0000000017230000] [id=7860]
  0x0000000017467000 WatcherThread [stack: 0x0000000018080000,0x0000000018180000] [id=6232]

VM state:not at safepoint (normal execution)

VM Mutex/Monitor currently owned by a thread: None

Heap:
 PSYoungGen      total 18944K, used 5128K [0x00000000feb00000, 0x0000000100000000, 0x0000000100000000)
  eden space 16384K, 15% used [0x00000000feb00000,0x00000000fed89b70,0x00000000ffb00000)
  from space 2560K, 98% used [0x00000000ffb00000,0x00000000ffd78850,0x00000000ffd80000)
  to   space 2560K, 0% used [0x00000000ffd80000,0x00000000ffd80000,0x0000000100000000)
 ParOldGen       total 44032K, used 5593K [0x00000000fc000000, 0x00000000feb00000, 0x00000000feb00000)
  object space 44032K, 12% used [0x00000000fc000000,0x00000000fc576610,0x00000000feb00000)
 Metaspace       used 7675K, capacity 7852K, committed 7936K, reserved 1056768K
  class space    used 873K, capacity 956K, committed 1024K, reserved 1048576K

Card table byte_map: [0x0000000004550000,0x0000000004580000] byte_map_base: 0x0000000003d70000

Marking Bits: (ParMarkBitMap*) 0x000000005bfc3950
 Begin Bits: [0x0000000014870000, 0x0000000014970000)
 End Bits:   [0x0000000014970000, 0x0000000014a70000)

Polling page: 0x0000000004520000

CodeCache: size=245760Kb used=4063Kb max_used=4077Kb free=241696Kb
 bounds [0x0000000004cb0000, 0x00000000050b0000, 0x0000000013cb0000]
 total_blobs=1419 nmethods=1085 adapters=248
 compilation: enabled

Compilation events (10 events):
Event: 1.509 Thread 0x00000000173d9000 1085       1       sun.nio.ch.NativeThread::current (2 bytes)
Event: 1.509 Thread 0x00000000173d9000 nmethod 1085 0x0000000005006d10 code [0x0000000005006e60, 0x0000000005006f50]
Event: 1.509 Thread 0x00000000173d9000 1086       3       sun.nio.ch.Util::isBufferTooLarge (15 bytes)
Event: 1.509 Thread 0x00000000173d9000 nmethod 1086 0x000000000509b710 code [0x000000000509b860, 0x000000000509b9f0]
Event: 1.509 Thread 0x00000000173d9000 1087       3       java.nio.channels.spi.AbstractInterruptibleChannel::blockedOn (13 bytes)
Event: 1.509 Thread 0x00000000173d9000 nmethod 1087 0x00000000050a0c50 code [0x00000000050a0de0, 0x00000000050a12d0]
Event: 1.509 Thread 0x00000000173d9000 1088       3       com.google.devtools.build.android.desugar.DefaultMethodClassFixer$DefaultMethodFinder::visitMethod (27 bytes)
Event: 1.509 Thread 0x00000000173d9000 nmethod 1088 0x00000000050a14d0 code [0x00000000050a1640, 0x00000000050a18c8]
Event: 1.509 Thread 0x00000000173d9000 1089       3       com.google.devtools.build.android.desugar.DefaultMethodClassFixer::access$000 (8 bytes)
Event: 1.510 Thread 0x00000000173d9000 nmethod 1089 0x00000000050a1a10 code [0x00000000050a1b80, 0x00000000050a1ce8]

GC Heap History (6 events):
Event: 0.674 GC heap before
{Heap before GC invocations=1 (full 0):
 PSYoungGen      total 18944K, used 16384K [0x00000000feb00000, 0x0000000100000000, 0x0000000100000000)
  eden space 16384K, 100% used [0x00000000feb00000,0x00000000ffb00000,0x00000000ffb00000)
  from space 2560K, 0% used [0x00000000ffd80000,0x00000000ffd80000,0x0000000100000000)
  to   space 2560K, 0% used [0x00000000ffb00000,0x00000000ffb00000,0x00000000ffd80000)
 ParOldGen       total 44032K, used 0K [0x00000000fc000000, 0x00000000feb00000, 0x00000000feb00000)
  object space 44032K, 0% used [0x00000000fc000000,0x00000000fc000000,0x00000000feb00000)
 Metaspace       used 6600K, capacity 6746K, committed 7040K, reserved 1056768K
  class space    used 771K, capacity 823K, committed 896K, reserved 1048576K
Event: 0.687 GC heap after
Heap after GC invocations=1 (full 0):
 PSYoungGen      total 18944K, used 2536K [0x00000000feb00000, 0x0000000100000000, 0x0000000100000000)
  eden space 16384K, 0% used [0x00000000feb00000,0x00000000feb00000,0x00000000ffb00000)
  from space 2560K, 99% used [0x00000000ffb00000,0x00000000ffd7a030,0x00000000ffd80000)
  to   space 2560K, 0% used [0x00000000ffd80000,0x00000000ffd80000,0x0000000100000000)
 ParOldGen       total 44032K, used 1516K [0x00000000fc000000, 0x00000000feb00000, 0x00000000feb00000)
  object space 44032K, 3% used [0x00000000fc000000,0x00000000fc17b3a8,0x00000000feb00000)
 Metaspace       used 6600K, capacity 6746K, committed 7040K, reserved 1056768K
  class space    used 771K, capacity 823K, committed 896K, reserved 1048576K
}
Event: 1.055 GC heap before
{Heap before GC invocations=2 (full 0):
 PSYoungGen      total 18944K, used 18920K [0x00000000feb00000, 0x0000000100000000, 0x0000000100000000)
  eden space 16384K, 100% used [0x00000000feb00000,0x00000000ffb00000,0x00000000ffb00000)
  from space 2560K, 99% used [0x00000000ffb00000,0x00000000ffd7a030,0x00000000ffd80000)
  to   space 2560K, 0% used [0x00000000ffd80000,0x00000000ffd80000,0x0000000100000000)
 ParOldGen       total 44032K, used 1516K [0x00000000fc000000, 0x00000000feb00000, 0x00000000feb00000)
  object space 44032K, 3% used [0x00000000fc000000,0x00000000fc17b3a8,0x00000000feb00000)
 Metaspace       used 7529K, capacity 7724K, committed 7936K, reserved 1056768K
  class space    used 867K, capacity 956K, committed 1024K, reserved 1048576K
Event: 1.068 GC heap after
Heap after GC invocations=2 (full 0):
 PSYoungGen      total 18944K, used 2546K [0x00000000feb00000, 0x0000000100000000, 0x0000000100000000)
  eden space 16384K, 0% used [0x00000000feb00000,0x00000000feb00000,0x00000000ffb00000)
  from space 2560K, 99% used [0x00000000ffd80000,0x00000000ffffc860,0x0000000100000000)
  to   space 2560K, 0% used [0x00000000ffb00000,0x00000000ffb00000,0x00000000ffd80000)
 ParOldGen       total 44032K, used 5205K [0x00000000fc000000, 0x00000000feb00000, 0x00000000feb00000)
  object space 44032K, 11% used [0x00000000fc000000,0x00000000fc515600,0x00000000feb00000)
 Metaspace       used 7529K, capacity 7724K, committed 7936K, reserved 1056768K
  class space    used 867K, capacity 956K, committed 1024K, reserved 1048576K
}
Event: 1.370 GC heap before
{Heap before GC invocations=3 (full 0):
 PSYoungGen      total 18944K, used 18930K [0x00000000feb00000, 0x0000000100000000, 0x0000000100000000)
  eden space 16384K, 100% used [0x00000000feb00000,0x00000000ffb00000,0x00000000ffb00000)
  from space 2560K, 99% used [0x00000000ffd80000,0x00000000ffffc860,0x0000000100000000)
  to   space 2560K, 0% used [0x00000000ffb00000,0x00000000ffb00000,0x00000000ffd80000)
 ParOldGen       total 44032K, used 5205K [0x00000000fc000000, 0x00000000feb00000, 0x00000000feb00000)
  object space 44032K, 11% used [0x00000000fc000000,0x00000000fc515600,0x00000000feb00000)
 Metaspace       used 7666K, capacity 7852K, committed 7936K, reserved 1056768K
  class space    used 873K, capacity 956K, committed 1024K, reserved 1048576K
Event: 1.460 GC heap after
Heap after GC invocations=3 (full 0):
 PSYoungGen      total 18944K, used 2530K [0x00000000feb00000, 0x0000000100000000, 0x0000000100000000)
  eden space 16384K, 0% used [0x00000000feb00000,0x00000000feb00000,0x00000000ffb00000)
  from space 2560K, 98% used [0x00000000ffb00000,0x00000000ffd78850,0x00000000ffd80000)
  to   space 2560K, 0% used [0x00000000ffd80000,0x00000000ffd80000,0x0000000100000000)
 ParOldGen       total 44032K, used 5593K [0x00000000fc000000, 0x00000000feb00000, 0x00000000feb00000)
  object space 44032K, 12% used [0x00000000fc000000,0x00000000fc576610,0x00000000feb00000)
 Metaspace       used 7666K, capacity 7852K, committed 7936K, reserved 1056768K
  class space    used 873K, capacity 956K, committed 1024K, reserved 1048576K
}

Deoptimization events (10 events):
Event: 1.329 Thread 0x0000000004bb5000 Uncommon trap: reason=bimorphic action=maybe_recompile pc=0x00000000050804a4 method=org.objectweb.asm.MethodVisitor.visitInsn(I)V @ 12
Event: 1.330 Thread 0x0000000004bb5000 Uncommon trap: reason=bimorphic action=maybe_recompile pc=0x0000000005038340 method=org.objectweb.asm.tree.LabelNode.accept(Lorg/objectweb/asm/MethodVisitor;)V @ 5
Event: 1.330 Thread 0x0000000004bb5000 Uncommon trap: reason=bimorphic action=maybe_recompile pc=0x000000000505098c method=org.objectweb.asm.tree.LineNumberNode.accept(Lorg/objectweb/asm/MethodVisitor;)V @ 12
Event: 1.330 Thread 0x0000000004bb5000 Uncommon trap: reason=bimorphic action=maybe_recompile pc=0x0000000005080404 method=org.objectweb.asm.tree.InsnNode.accept(Lorg/objectweb/asm/MethodVisitor;)V @ 5
Event: 1.330 Thread 0x0000000004bb5000 Uncommon trap: reason=bimorphic action=maybe_recompile pc=0x0000000005038340 method=org.objectweb.asm.tree.LabelNode.accept(Lorg/objectweb/asm/MethodVisitor;)V @ 5
Event: 1.330 Thread 0x0000000004bb5000 Uncommon trap: reason=bimorphic action=maybe_recompile pc=0x000000000505098c method=org.objectweb.asm.tree.LineNumberNode.accept(Lorg/objectweb/asm/MethodVisitor;)V @ 12
Event: 1.330 Thread 0x0000000004bb5000 Uncommon trap: reason=bimorphic action=maybe_recompile pc=0x0000000005080404 method=org.objectweb.asm.tree.InsnNode.accept(Lorg/objectweb/asm/MethodVisitor;)V @ 5
Event: 1.330 Thread 0x0000000004bb5000 Uncommon trap: reason=bimorphic action=maybe_recompile pc=0x0000000005080404 method=org.objectweb.asm.tree.InsnNode.accept(Lorg/objectweb/asm/MethodVisitor;)V @ 5
Event: 1.462 Thread 0x0000000004bb5000 Uncommon trap: reason=unstable_if action=reinterpret pc=0x0000000004f76fa0 method=org.objectweb.asm.ClassReader.a(II[C)Ljava/lang/String; @ 77
Event: 1.463 Thread 0x0000000004bb5000 Uncommon trap: reason=unstable_if action=reinterpret pc=0x0000000004ff02d8 method=org.objectweb.asm.ByteVector.putUTF8(Ljava/lang/String;)Lorg/objectweb/asm/ByteVector; @ 91

Classes redefined (0 events):
No events

Internal exceptions (10 events):
Event: 0.761 Thread 0x0000000004bb5000 Exception <a 'sun/nio/fs/WindowsException'> (0x00000000ff237390) thrown at [D:\src\AOSP-openjdk-cygwin\jdk8u\hotspot\src\share\vm\prims\jni.cpp, line 709]
Event: 0.770 Thread 0x0000000004bb5000 Exception <a 'sun/nio/fs/WindowsException'> (0x00000000ff23beb0) thrown at [D:\src\AOSP-openjdk-cygwin\jdk8u\hotspot\src\share\vm\prims\jni.cpp, line 709]
Event: 0.909 Thread 0x0000000004bb5000 Exception <a 'sun/nio/fs/WindowsException'> (0x00000000ff5f6388) thrown at [D:\src\AOSP-openjdk-cygwin\jdk8u\hotspot\src\share\vm\prims\jni.cpp, line 709]
Event: 0.909 Thread 0x0000000004bb5000 Exception <a 'sun/nio/fs/WindowsException'> (0x00000000ff5f6948) thrown at [D:\src\AOSP-openjdk-cygwin\jdk8u\hotspot\src\share\vm\prims\jni.cpp, line 709]
Event: 1.120 Thread 0x0000000004bb5000 Exception <a 'sun/nio/fs/WindowsException'> (0x00000000fec6b550) thrown at [D:\src\AOSP-openjdk-cygwin\jdk8u\hotspot\src\share\vm\prims\jni.cpp, line 709]
Event: 1.146 Thread 0x0000000004bb5000 Exception <a 'sun/nio/fs/WindowsException'> (0x00000000fec6ba90) thrown at [D:\src\AOSP-openjdk-cygwin\jdk8u\hotspot\src\share\vm\prims\jni.cpp, line 709]
Event: 1.171 Thread 0x0000000004bb5000 Exception <a 'sun/nio/fs/WindowsException'> (0x00000000fee62720) thrown at [D:\src\AOSP-openjdk-cygwin\jdk8u\hotspot\src\share\vm\prims\jni.cpp, line 709]
Event: 1.171 Thread 0x0000000004bb5000 Exception <a 'sun/nio/fs/WindowsException'> (0x00000000fee62c60) thrown at [D:\src\AOSP-openjdk-cygwin\jdk8u\hotspot\src\share\vm\prims\jni.cpp, line 709]
Event: 1.182 Thread 0x0000000004bb5000 Exception <a 'sun/nio/fs/WindowsException'> (0x00000000fef01178) thrown at [D:\src\AOSP-openjdk-cygwin\jdk8u\hotspot\src\share\vm\prims\jni.cpp, line 709]
Event: 1.182 Thread 0x0000000004bb5000 Exception <a 'sun/nio/fs/WindowsException'> (0x00000000fef016b8) thrown at [D:\src\AOSP-openjdk-cygwin\jdk8u\hotspot\src\share\vm\prims\jni.cpp, line 709]

Events (10 events):
Event: 1.365 Thread 0x0000000004bb5000 DEOPT PACKING pc=0x0000000005000126 sp=0x0000000004acee20
Event: 1.365 Thread 0x0000000004bb5000 DEOPT UNPACKING pc=0x0000000004cf75bf sp=0x0000000004acec00 mode 0
Event: 1.370 Executing VM operation: ParallelGCFailedAllocation
Event: 1.460 Executing VM operation: ParallelGCFailedAllocation done
Event: 1.462 Thread 0x0000000004bb5000 Uncommon trap: trap_request=0xffffff65 fr.pc=0x0000000004f76fa0
Event: 1.462 Thread 0x0000000004bb5000 DEOPT PACKING pc=0x0000000004f76fa0 sp=0x0000000004aceeb0
Event: 1.462 Thread 0x0000000004bb5000 DEOPT UNPACKING pc=0x0000000004cf556a sp=0x0000000004acedc8 mode 2
Event: 1.463 Thread 0x0000000004bb5000 Uncommon trap: trap_request=0xffffff65 fr.pc=0x0000000004ff02d8
Event: 1.463 Thread 0x0000000004bb5000 DEOPT PACKING pc=0x0000000004ff02d8 sp=0x0000000004aced20
Event: 1.463 Thread 0x0000000004bb5000 DEOPT UNPACKING pc=0x0000000004cf556a sp=0x0000000004acec60 mode 2


Dynamic libraries:
0x00007ff693a30000 - 0x00007ff693a61000 	D:\Android_Studio\Android_Studio3.0\jre\bin\java.exe
0x00007ffb10880000 - 0x00007ffb10a60000 	C:\WINDOWS\SYSTEM32\ntdll.dll
0x00007ffb0eeb0000 - 0x00007ffb0ef5e000 	C:\WINDOWS\System32\KERNEL32.DLL
0x00007ffb0cd80000 - 0x00007ffb0cfe6000 	C:\WINDOWS\System32\KERNELBASE.dll
0x00007ffb107a0000 - 0x00007ffb10841000 	C:\WINDOWS\System32\ADVAPI32.dll
0x00007ffb0e340000 - 0x00007ffb0e3dd000 	C:\WINDOWS\System32\msvcrt.dll
0x00007ffb0e3e0000 - 0x00007ffb0e43b000 	C:\WINDOWS\System32\sechost.dll
0x00007ffb0ed90000 - 0x00007ffb0eeaf000 	C:\WINDOWS\System32\RPCRT4.dll
0x00007ffb0dfe0000 - 0x00007ffb0e16f000 	C:\WINDOWS\System32\USER32.dll
0x00007ffb0dbb0000 - 0x00007ffb0dbd0000 	C:\WINDOWS\System32\win32u.dll
0x00007ffb0dd50000 - 0x00007ffb0dd78000 	C:\WINDOWS\System32\GDI32.dll
0x00007ffb0d2c0000 - 0x00007ffb0d453000 	C:\WINDOWS\System32\gdi32full.dll
0x00007ffb0dcb0000 - 0x00007ffb0dd4b000 	C:\WINDOWS\System32\msvcp_win.dll
0x00007ffb0cc80000 - 0x00007ffb0cd76000 	C:\WINDOWS\System32\ucrtbase.dll
0x00007ffaff180000 - 0x00007ffaff3e9000 	C:\WINDOWS\WinSxS\amd64_microsoft.windows.common-controls_6595b64144ccf1df_6.0.16299.309_none_15cfd4c4935e6b11\COMCTL32.dll
0x00007ffb0ea70000 - 0x00007ffb0ed78000 	C:\WINDOWS\System32\combase.dll
0x00007ffb0dc30000 - 0x00007ffb0dca2000 	C:\WINDOWS\System32\bcryptPrimitives.dll
0x00007ffb10650000 - 0x00007ffb1067d000 	C:\WINDOWS\System32\IMM32.DLL
0x00007ffb0cb60000 - 0x00007ffb0cbce000 	C:\WINDOWS\System32\dtrampo.dll
0x000000005b640000 - 0x000000005b712000 	D:\Android_Studio\Android_Studio3.0\jre\jre\bin\msvcr100.dll
0x000000005b800000 - 0x000000005c03e000 	D:\Android_Studio\Android_Studio3.0\jre\jre\bin\server\jvm.dll
0x00007ffb10680000 - 0x00007ffb10688000 	C:\WINDOWS\System32\PSAPI.DLL
0x00007ffb0a550000 - 0x00007ffb0a559000 	C:\WINDOWS\SYSTEM32\WSOCK32.dll
0x00007ffb0ea00000 - 0x00007ffb0ea6c000 	C:\WINDOWS\System32\WS2_32.dll
0x00007ffb079f0000 - 0x00007ffb07a13000 	C:\WINDOWS\SYSTEM32\WINMM.dll
0x00007ffb026b0000 - 0x00007ffb026ba000 	C:\WINDOWS\SYSTEM32\VERSION.dll
0x00007ffb073e0000 - 0x00007ffb0740a000 	C:\WINDOWS\SYSTEM32\WINMMBASE.dll
0x00007ffb0cff0000 - 0x00007ffb0d03a000 	C:\WINDOWS\System32\cfgmgr32.dll
0x00007ffb0a540000 - 0x00007ffb0a54f000 	D:\Android_Studio\Android_Studio3.0\jre\jre\bin\verify.dll
0x00007ffb08e00000 - 0x00007ffb08e29000 	D:\Android_Studio\Android_Studio3.0\jre\jre\bin\java.dll
0x00007ffb089b0000 - 0x00007ffb089c6000 	D:\Android_Studio\Android_Studio3.0\jre\jre\bin\zip.dll
0x00007ffb0f100000 - 0x00007ffb10536000 	C:\WINDOWS\System32\SHELL32.dll
0x00007ffb106f0000 - 0x00007ffb10796000 	C:\WINDOWS\System32\shcore.dll
0x00007ffb0d460000 - 0x00007ffb0dba7000 	C:\WINDOWS\System32\windows.storage.dll
0x00007ffb0e4e0000 - 0x00007ffb0e531000 	C:\WINDOWS\System32\shlwapi.dll
0x00007ffb0cbf0000 - 0x00007ffb0cc01000 	C:\WINDOWS\System32\kernel.appcore.dll
0x0000000017830000 - 0x000000001787c000 	C:\WINDOWS\System32\powrprof.dll
0x00007ffb0cc10000 - 0x00007ffb0cc2b000 	C:\WINDOWS\System32\profapi.dll
0x00007ffb0c5b0000 - 0x00007ffb0c5c7000 	C:\WINDOWS\SYSTEM32\CRYPTSP.dll
0x00007ffb0bff0000 - 0x00007ffb0c023000 	C:\WINDOWS\system32\rsaenh.dll
0x00007ffb0c6c0000 - 0x00007ffb0c6e5000 	C:\WINDOWS\SYSTEM32\bcrypt.dll
0x00007ffb0ca90000 - 0x00007ffb0cab9000 	C:\WINDOWS\SYSTEM32\USERENV.dll
0x00007ffb0c5d0000 - 0x00007ffb0c5db000 	C:\WINDOWS\SYSTEM32\CRYPTBASE.dll
0x00007ffb084b0000 - 0x00007ffb084ca000 	D:\Android_Studio\Android_Studio3.0\jre\jre\bin\net.dll
0x00007ffb0c3f0000 - 0x00007ffb0c456000 	C:\WINDOWS\system32\mswsock.dll
0x00007ffb0c180000 - 0x00007ffb0c1b9000 	C:\WINDOWS\SYSTEM32\IPHLPAPI.DLL
0x00007ffb0e9f0000 - 0x00007ffb0e9f8000 	C:\WINDOWS\System32\NSI.dll
0x00007ffb07260000 - 0x00007ffb07276000 	C:\WINDOWS\SYSTEM32\dhcpcsvc6.DLL
0x00007ffb07240000 - 0x00007ffb0725a000 	C:\WINDOWS\SYSTEM32\dhcpcsvc.DLL
0x00007ffb07c50000 - 0x00007ffb07c61000 	D:\Android_Studio\Android_Studio3.0\jre\jre\bin\nio.dll

VM Arguments:
jvm_args: -Djava.awt.headless=true -Xmx64M -Dfile.encoding=GBK -Duser.country=CN -Duser.language=zh -Duser.variant 
java_command: com.google.devtools.build.android.desugar.Desugar --input C:\WorkSpace\left_ship\Left_ship -  (16) - gradle-4.6-start\app\build\intermediates\transforms\stackFramesFixer\debug\21.jar --output C:\WorkSpace\left_ship\Left_ship -  (16) - gradle-4.6-start\app\build\intermediates\transforms\desugar\debug\23.jar --input C:\WorkSpace\left_ship\Left_ship -  (16) - gradle-4.6-start\app\build\intermediates\transforms\stackFramesFixer\debug\7.jar --output C:\WorkSpace\left_ship\Left_ship -  (16) - gradle-4.6-start\app\build\intermediates\transforms\desugar\debug\9.jar --input C:\WorkSpace\left_ship\Left_ship -  (16) - gradle-4.6-start\app\build\intermediates\transforms\stackFramesFixer\debug\20.jar --output C:\WorkSpace\left_ship\Left_ship -  (16) - gradle-4.6-start\app\build\intermediates\transforms\desugar\debug\22.jar --input C:\WorkSpace\left_ship\Left_ship -  (16) - gradle-4.6-start\app\build\intermediates\transforms\stackFramesFixer\debug\30.jar --output C:\WorkSpace\left_ship\Left_ship -  (16) - gradle-4.6-start\app\build\intermediates\transforms\desugar\debug\31.jar --input C:\WorkSpace\left_ship\Left_ship -  (16) - gradle-4.6-start\app\build\intermediates\transforms\stackFramesFixer\debug\26.jar --output C:\WorkSpace\left_ship\Left_ship -  (16) - gradle-4.6-start\app\build\intermediates\transforms\desugar\debug\27.jar --classpath_entry C:\WorkSpace\left_ship\Left_ship -  (16) - gradle-4.6-start\exampleui2\build\intermediates\intermediate-jars\debug\classes.jar --classpath_entry C:\WorkSpace\left_ship\Left_ship -  (16) - gradle-4.6-start\chatinput\build\intermediates\intermediate-jars\debug\classes.jar --classpath_entry C:\WorkSpace\left_ship\Left_ship -  (16) - gradle-4.6-start\imui\build\intermediates\intermediate-jars\debug\classes.jar --classpath_entry C:\WorkSpace\left_ship\Left_ship -  (16) - gradle-4.6-start\app\build\intermediates\classes\debug --classpath_entry C:\WorkSpace\left_ship\Left_ship -  (16) - gradle-4.6-start\app\build\intermediates\
java_class_path (initial): D:\TEMP\desugar_deploy.jar7792951155114607284
Launcher Type: SUN_STANDARD

Environment Variables:
JAVA_HOME=C:\Program Files\Java\jdk1.8.0_05
CLASSPATH=.;C:\Program Files\Java\jdk1.8.0_05\lib\dt.jar;C:\Program Files\Java\jdk1.8.0_05\lib\toos.jar;D:\Program Files\apache-ant-1.10.2\lib
PATH=C:\Windows\system32;C:\Windows;C:\Windows\System32\Wbem;C:\Windows\System32\WindowsPowerShell\v1.0\;C:\Program Files (x86)\Windows Kits\8.0\Windows Performance Toolkit\;C:\Program Files\Microsoft SQL Server\110\Tools\Binn\;D:\Matlab\runtime\win64;D:\Matlab\bin;D:\Matlab\polyspace\bin;C:\Program Files (x86)\NVIDIA Corporation\PhysX\Common;C:\Program Files\Microsoft SQL Server\Client SDK\ODBC\110\Tools\Binn\;C:\Program Files (x86)\Microsoft SQL Server\120\Tools\Binn\;C:\Program Files\Microsoft SQL Server\120\Tools\Binn\;C:\Program Files\Microsoft SQL Server\120\DTS\Binn\;C:\Program Files (x86)\Windows Kits\8.1\Windows Performance Toolkit\;C:\Program Files (x86)\QuickTime\QTSystem\;"C:\Program Files\Java\jdk1.8.0_05\bin;C:\Program Files\Java\jdk1.8.0_05\jre\bin;";D:\Android_Studio\SDK\platform-tools;D:\Program Files\UltraCompare;C:\WINDOWS\system32;C:\WINDOWS;C:\WINDOWS\System32\Wbem;C:\WINDOWS\System32\WindowsPowerShell\v1.0\;C:\Program Files\Java\jdk1.8.0_05\bin;D:\Android_Studio\SDK\platform-tools;D:\Program Files\apache-ant-1.10.2\bin;D:\Program Files\MySQL_Server\mysql-5.7.21-winx64\bin;D:\Program Files\Git\cmd;D:\Program Files\tortoisegit\bin;C:\Users\huoda\AppData\Local\Microsoft\WindowsApps;D:\A_Win10_Tools\;D:\Program Files\BandZip\;D:\Android_Studio\ANT\apache-ant-1.10.2\bin;
USERNAME=huoda
OS=Windows_NT
PROCESSOR_IDENTIFIER=Intel64 Family 6 Model 158 Stepping 9, GenuineIntel



---------------  S Y S T E M  ---------------

OS: Windows 10.0 , 64 bit Build 16299 (10.0.16299.15)

CPU:total 8 (initial active 8) (4 cores per cpu, 2 threads per core) family 6 model 158 stepping 9, cmov, cx8, fxsr, mmx, sse, sse2, sse3, ssse3, sse4.1, sse4.2, popcnt, avx, avx2, aes, clmul, erms, 3dnowpref, lzcnt, ht, tsc, tscinvbit, bmi1, bmi2, adx

Memory: 4k page, physical 16663628k(3105508k free), swap 20857932k(4112k free)

vm_info: OpenJDK 64-Bit Server VM (25.152-b01) for windows-amd64 JRE (1.8.0_152-release-915-b01), built by "builder" with MS VC++ 10.0 (VS2010)

time: Sat Apr 07 23:32:32 2018
elapsed time: 1 seconds (0d 0h 0m 1s)

