#
# There is insufficient memory for the Java Runtime Environment to continue.
# Native memory allocation (malloc) failed to allocate 2899056 bytes for Chunk::new
# Possible reasons:
#   The system is out of physical RAM or swap space
#   In 32 bit mode, the process size limit was hit
# Possible solutions:
#   Reduce memory load on the system
#   Increase physical memory or swap space
#   Check if swap backing store is full
#   Use 64 bit Java on a 64 bit OS
#   Decrease Java heap size (-Xmx/-Xms)
#   Decrease number of Java threads
#   Decrease Java thread stack sizes (-Xss)
#   Set larger code cache with -XX:ReservedCodeCacheSize=
# This output file may be truncated or incomplete.
#
#  Out of Memory Error (allocation.cpp:390), pid=1584, tid=0x00000000000035e8
#
# JRE version: OpenJDK Runtime Environment (8.0_152-b01) (build 1.8.0_152-release-915-b01)
# Java VM: OpenJDK 64-Bit Server VM (25.152-b01 mixed mode windows-amd64 compressed oops)
# Failed to write core dump. Minidumps are not enabled by default on client versions of Windows
#

---------------  T H R E A D  ---------------

Current thread (0x0000000017f17000):  JavaThread "C2 CompilerThread1" daemon [_thread_in_native, id=13800, stack(0x0000000018830000,0x0000000018930000)]

Stack: [0x0000000018830000,0x0000000018930000]
[error occurred during error reporting (printing stack bounds), id 0xc0000005]

Native frames: (J=compiled Java code, j=interpreted, Vv=VM code, C=native code)


Current CompileTask:
C2:   1474  870 %     4       org.objectweb.asm.ClassReader::a @ 1480 (3587 bytes)


---------------  P R O C E S S  ---------------

Java Threads: ( => current thread )
  0x0000000017f84000 JavaThread "Service Thread" daemon [_thread_blocked, id=13716, stack(0x0000000018b30000,0x0000000018c30000)]
  0x0000000017f20000 JavaThread "C1 CompilerThread3" daemon [_thread_blocked, id=5128, stack(0x0000000018a30000,0x0000000018b30000)]
  0x0000000017f18800 JavaThread "C2 CompilerThread2" daemon [_thread_blocked, id=440, stack(0x0000000018930000,0x0000000018a30000)]
=>0x0000000017f17000 JavaThread "C2 CompilerThread1" daemon [_thread_in_native, id=13800, stack(0x0000000018830000,0x0000000018930000)]
  0x0000000017f11800 JavaThread "C2 CompilerThread0" daemon [_thread_blocked, id=11724, stack(0x0000000018730000,0x0000000018830000)]
  0x0000000017f10800 JavaThread "Attach Listener" daemon [_thread_blocked, id=13104, stack(0x0000000018630000,0x0000000018730000)]
  0x0000000017ebc800 JavaThread "Signal Dispatcher" daemon [_thread_blocked, id=7316, stack(0x0000000018530000,0x0000000018630000)]
  0x0000000017ea0800 JavaThread "Finalizer" daemon [_thread_blocked, id=13956, stack(0x0000000018280000,0x0000000018380000)]
  0x0000000005809000 JavaThread "Reference Handler" daemon [_thread_blocked, id=6188, stack(0x0000000017d80000,0x0000000017e80000)]
  0x0000000005715000 JavaThread "main" [_thread_blocked, id=6704, stack(0x00000000055b0000,0x00000000056b0000)]

Other Threads:
  0x0000000015fb7000 VMThread [stack: 0x0000000017c80000,0x0000000017d80000] [id=10528]
  0x0000000017f8d000 WatcherThread [stack: 0x0000000018c30000,0x0000000018d30000] [id=14140]

VM state:at safepoint (normal execution)

VM Mutex/Monitor currently owned by a thread:  ([mutex/lock_event])
[0x00000000057123d0] Threads_lock - owner thread: 0x0000000015fb7000
[0x0000000005712050] Heap_lock - owner thread: 0x0000000005715000

Heap:
 PSYoungGen      total 18944K, used 18884K [0x00000000feb00000, 0x0000000100000000, 0x0000000100000000)
  eden space 16384K, 99% used [0x00000000feb00000,0x00000000ffaf87d8,0x00000000ffb00000)
  from space 2560K, 98% used [0x00000000ffd80000,0x00000000ffff8860,0x0000000100000000)
  to   space 2560K, 99% used [0x00000000ffb00000,0x00000000ffd7f388,0x00000000ffd80000)
 ParOldGen       total 44032K, used 5982K [0x00000000fc000000, 0x00000000feb00000, 0x00000000feb00000)
  object space 44032K, 13% used [0x00000000fc000000,0x00000000fc5d7af8,0x00000000feb00000)
 Metaspace       used 7636K, capacity 7852K, committed 7936K, reserved 1056768K
  class space    used 870K, capacity 956K, committed 1024K, reserved 1048576K

Card table byte_map: [0x0000000005010000,0x0000000005040000] byte_map_base: 0x0000000004830000

Marking Bits: (ParMarkBitMap*) 0x000000005bfc3950
 Begin Bits: [0x00000000153d0000, 0x00000000154d0000)
 End Bits:   [0x00000000154d0000, 0x00000000155d0000)

Polling page: 0x0000000004fe0000

CodeCache: size=245760Kb used=3960Kb max_used=3972Kb free=241799Kb
 bounds [0x0000000005810000, 0x0000000005c00000, 0x0000000014810000]
 total_blobs=1393 nmethods=1059 adapters=248
 compilation: enabled

Compilation events (10 events):
Event: 1.409 Thread 0x0000000017f20000 1059       3       org.objectweb.asm.tree.MethodNode::accept (916 bytes)
Event: 1.412 Thread 0x0000000017f20000 nmethod 1059 0x0000000005be7490 code [0x0000000005be7ba0, 0x0000000005bec908]
Event: 1.413 Thread 0x0000000017f20000 1064       3       org.objectweb.asm.MethodVisitor::visitIincInsn (17 bytes)
Event: 1.413 Thread 0x0000000017f20000 nmethod 1064 0x0000000005beea50 code [0x0000000005beebc0, 0x0000000005beee28]
Event: 1.418 Thread 0x0000000017f11800 nmethod 1051 0x0000000005bf0750 code [0x0000000005bf0a20, 0x0000000005bf1488]
Event: 1.418 Thread 0x0000000017f11800 1063       4       org.objectweb.asm.tree.InsnList::accept (23 bytes)
Event: 1.419 Thread 0x0000000017f11800 nmethod 1063 0x0000000005b4a950 code [0x0000000005b4aa80, 0x0000000005b4ab18]
Event: 1.419 Thread 0x0000000017f11800 1062       4       org.objectweb.asm.MethodWriter::visitMaxs (1146 bytes)
Event: 1.425 Thread 0x0000000017f11800 nmethod 1062 0x0000000005beff90 code [0x0000000005bf00e0, 0x0000000005bf0458]
Event: 1.425 Thread 0x0000000017f11800 1058       4       org.objectweb.asm.ClassReader::a (500 bytes)

GC Heap History (5 events):
Event: 0.677 GC heap before
{Heap before GC invocations=1 (full 0):
 PSYoungGen      total 18944K, used 16384K [0x00000000feb00000, 0x0000000100000000, 0x0000000100000000)
  eden space 16384K, 100% used [0x00000000feb00000,0x00000000ffb00000,0x00000000ffb00000)
  from space 2560K, 0% used [0x00000000ffd80000,0x00000000ffd80000,0x0000000100000000)
  to   space 2560K, 0% used [0x00000000ffb00000,0x00000000ffb00000,0x00000000ffd80000)
 ParOldGen       total 44032K, used 0K [0x00000000fc000000, 0x00000000feb00000, 0x00000000feb00000)
  object space 44032K, 0% used [0x00000000fc000000,0x00000000fc000000,0x00000000feb00000)
 Metaspace       used 6587K, capacity 6682K, committed 6784K, reserved 1056768K
  class space    used 770K, capacity 823K, committed 896K, reserved 1048576K
Event: 0.682 GC heap after
Heap after GC invocations=1 (full 0):
 PSYoungGen      total 18944K, used 2552K [0x00000000feb00000, 0x0000000100000000, 0x0000000100000000)
  eden space 16384K, 0% used [0x00000000feb00000,0x00000000feb00000,0x00000000ffb00000)
  from space 2560K, 99% used [0x00000000ffb00000,0x00000000ffd7e020,0x00000000ffd80000)
  to   space 2560K, 0% used [0x00000000ffd80000,0x00000000ffd80000,0x0000000100000000)
 ParOldGen       total 44032K, used 1556K [0x00000000fc000000, 0x00000000feb00000, 0x00000000feb00000)
  object space 44032K, 3% used [0x00000000fc000000,0x00000000fc185188,0x00000000feb00000)
 Metaspace       used 6587K, capacity 6682K, committed 6784K, reserved 1056768K
  class space    used 770K, capacity 823K, committed 896K, reserved 1048576K
}
Event: 1.083 GC heap before
{Heap before GC invocations=2 (full 0):
 PSYoungGen      total 18944K, used 18936K [0x00000000feb00000, 0x0000000100000000, 0x0000000100000000)
  eden space 16384K, 100% used [0x00000000feb00000,0x00000000ffb00000,0x00000000ffb00000)
  from space 2560K, 99% used [0x00000000ffb00000,0x00000000ffd7e020,0x00000000ffd80000)
  to   space 2560K, 0% used [0x00000000ffd80000,0x00000000ffd80000,0x0000000100000000)
 ParOldGen       total 44032K, used 1556K [0x00000000fc000000, 0x00000000feb00000, 0x00000000feb00000)
  object space 44032K, 3% used [0x00000000fc000000,0x00000000fc185188,0x00000000feb00000)
 Metaspace       used 7527K, capacity 7724K, committed 7936K, reserved 1056768K
  class space    used 870K, capacity 956K, committed 1024K, reserved 1048576K
Event: 1.091 GC heap after
Heap after GC invocations=2 (full 0):
 PSYoungGen      total 18944K, used 2530K [0x00000000feb00000, 0x0000000100000000, 0x0000000100000000)
  eden space 16384K, 0% used [0x00000000feb00000,0x00000000feb00000,0x00000000ffb00000)
  from space 2560K, 98% used [0x00000000ffd80000,0x00000000ffff8860,0x0000000100000000)
  to   space 2560K, 0% used [0x00000000ffb00000,0x00000000ffb00000,0x00000000ffd80000)
 ParOldGen       total 44032K, used 5054K [0x00000000fc000000, 0x00000000feb00000, 0x00000000feb00000)
  object space 44032K, 11% used [0x00000000fc000000,0x00000000fc4efad8,0x00000000feb00000)
 Metaspace       used 7527K, capacity 7724K, committed 7936K, reserved 1056768K
  class space    used 870K, capacity 956K, committed 1024K, reserved 1048576K
}
Event: 1.429 GC heap before
{Heap before GC invocations=3 (full 0):
 PSYoungGen      total 18944K, used 18884K [0x00000000feb00000, 0x0000000100000000, 0x0000000100000000)
  eden space 16384K, 99% used [0x00000000feb00000,0x00000000ffaf87d8,0x00000000ffb00000)
  from space 2560K, 98% used [0x00000000ffd80000,0x00000000ffff8860,0x0000000100000000)
  to   space 2560K, 0% used [0x00000000ffb00000,0x00000000ffb00000,0x00000000ffd80000)
 ParOldGen       total 44032K, used 5054K [0x00000000fc000000, 0x00000000feb00000, 0x00000000feb00000)
  object space 44032K, 11% used [0x00000000fc000000,0x00000000fc4efad8,0x00000000feb00000)
 Metaspace       used 7636K, capacity 7852K, committed 7936K, reserved 1056768K
  class space    used 870K, capacity 956K, committed 1024K, reserved 1048576K

Deoptimization events (10 events):
Event: 0.655 Thread 0x0000000005715000 Uncommon trap: reason=unstable_if action=reinterpret pc=0x0000000005a50578 method=java.util.zip.ZipCoder.decoder()Ljava/nio/charset/CharsetDecoder; @ 4
Event: 0.705 Thread 0x0000000005715000 Uncommon trap: reason=unstable_if action=reinterpret pc=0x0000000005a52c6c method=java.util.zip.ZipCoder.decoder()Ljava/nio/charset/CharsetDecoder; @ 4
Event: 0.706 Thread 0x0000000005715000 Uncommon trap: reason=unstable_if action=reinterpret pc=0x0000000005a5516c method=java.util.zip.ZipCoder.decoder()Ljava/nio/charset/CharsetDecoder; @ 4
Event: 0.706 Thread 0x0000000005715000 Uncommon trap: reason=unstable_if action=reinterpret pc=0x0000000005a3f640 method=java.util.zip.ZipCoder.decoder()Ljava/nio/charset/CharsetDecoder; @ 4
Event: 0.747 Thread 0x0000000005715000 Uncommon trap: reason=unloaded action=reinterpret pc=0x0000000005a3bb7c method=java.util.zip.ZipEntry.setExtra0([BZ)V @ 37
Event: 0.994 Thread 0x0000000005715000 Uncommon trap: reason=unstable_if action=reinterpret pc=0x00000000059a9f38 method=java.lang.String.<init>([CII)V @ 18
Event: 1.260 Thread 0x0000000005715000 Uncommon trap: reason=unstable_if action=reinterpret pc=0x0000000005b208d8 method=org.objectweb.asm.Item.a(Lorg/objectweb/asm/Item;)Z @ 345
Event: 1.316 Thread 0x0000000005715000 Uncommon trap: reason=unstable_if action=reinterpret pc=0x0000000005bbab28 method=java.io.BufferedOutputStream.write(I)V @ 9
Event: 1.362 Thread 0x0000000005715000 Uncommon trap: reason=unstable_if action=reinterpret pc=0x0000000005ad05c8 method=java.lang.String.<init>([CII)V @ 18
Event: 1.388 Thread 0x0000000005715000 Uncommon trap: reason=unstable_if action=reinterpret pc=0x0000000005bb48ac method=org.objectweb.asm.Item.a(Lorg/objectweb/asm/Item;)Z @ 251

Classes redefined (0 events):
No events

Internal exceptions (10 events):
Event: 0.755 Thread 0x0000000005715000 Exception <a 'sun/nio/fs/WindowsException'> (0x00000000ff235c68) thrown at [D:\src\AOSP-openjdk-cygwin\jdk8u\hotspot\src\share\vm\prims\jni.cpp, line 709]
Event: 0.763 Thread 0x0000000005715000 Exception <a 'sun/nio/fs/WindowsException'> (0x00000000ff23a788) thrown at [D:\src\AOSP-openjdk-cygwin\jdk8u\hotspot\src\share\vm\prims\jni.cpp, line 709]
Event: 0.908 Thread 0x0000000005715000 Exception <a 'sun/nio/fs/WindowsException'> (0x00000000ff5f4cd0) thrown at [D:\src\AOSP-openjdk-cygwin\jdk8u\hotspot\src\share\vm\prims\jni.cpp, line 709]
Event: 0.908 Thread 0x0000000005715000 Exception <a 'sun/nio/fs/WindowsException'> (0x00000000ff5f5290) thrown at [D:\src\AOSP-openjdk-cygwin\jdk8u\hotspot\src\share\vm\prims\jni.cpp, line 709]
Event: 1.019 Thread 0x0000000005715000 Exception <a 'sun/nio/fs/WindowsException'> (0x00000000ff873758) thrown at [D:\src\AOSP-openjdk-cygwin\jdk8u\hotspot\src\share\vm\prims\jni.cpp, line 709]
Event: 1.023 Thread 0x0000000005715000 Exception <a 'sun/nio/fs/WindowsException'> (0x00000000ff873c98) thrown at [D:\src\AOSP-openjdk-cygwin\jdk8u\hotspot\src\share\vm\prims\jni.cpp, line 709]
Event: 1.319 Thread 0x0000000005715000 Exception <a 'sun/nio/fs/WindowsException'> (0x00000000ff4a6018) thrown at [D:\src\AOSP-openjdk-cygwin\jdk8u\hotspot\src\share\vm\prims\jni.cpp, line 709]
Event: 1.319 Thread 0x0000000005715000 Exception <a 'sun/nio/fs/WindowsException'> (0x00000000ff4a6558) thrown at [D:\src\AOSP-openjdk-cygwin\jdk8u\hotspot\src\share\vm\prims\jni.cpp, line 709]
Event: 1.381 Thread 0x0000000005715000 Exception <a 'sun/nio/fs/WindowsException'> (0x00000000ff567c68) thrown at [D:\src\AOSP-openjdk-cygwin\jdk8u\hotspot\src\share\vm\prims\jni.cpp, line 709]
Event: 1.382 Thread 0x0000000005715000 Exception <a 'sun/nio/fs/WindowsException'> (0x00000000ff5681a8) thrown at [D:\src\AOSP-openjdk-cygwin\jdk8u\hotspot\src\share\vm\prims\jni.cpp, line 709]

Events (10 events):
Event: 1.362 Thread 0x0000000005715000 DEOPT PACKING pc=0x0000000005ad05c8 sp=0x00000000056aefb0
Event: 1.362 Thread 0x0000000005715000 DEOPT UNPACKING pc=0x000000000585556a sp=0x00000000056aee58 mode 2
Event: 1.388 Thread 0x0000000005715000 Uncommon trap: trap_request=0xffffff65 fr.pc=0x0000000005bb48ac
Event: 1.388 Thread 0x0000000005715000 DEOPT PACKING pc=0x0000000005bb48ac sp=0x00000000056aecb0
Event: 1.388 Thread 0x0000000005715000 DEOPT UNPACKING pc=0x000000000585556a sp=0x00000000056aec48 mode 2
Event: 1.409 Thread 0x0000000005715000 DEOPT PACKING pc=0x0000000005b81556 sp=0x00000000056aef20
Event: 1.409 Thread 0x0000000005715000 DEOPT UNPACKING pc=0x00000000058575bf sp=0x00000000056aed00 mode 0
Event: 1.412 Thread 0x0000000005715000 DEOPT PACKING pc=0x0000000005b08230 sp=0x00000000056aefb0
Event: 1.412 Thread 0x0000000005715000 DEOPT UNPACKING pc=0x00000000058575bf sp=0x00000000056aece8 mode 0
Event: 1.429 Executing VM operation: ParallelGCFailedAllocation


Dynamic libraries:
0x00007ff693a30000 - 0x00007ff693a61000 	D:\Android_Studio\Android_Studio3.0\jre\bin\java.exe
0x00007ffb10880000 - 0x00007ffb10a60000 	C:\WINDOWS\SYSTEM32\ntdll.dll
0x00007ffb0eeb0000 - 0x00007ffb0ef5e000 	C:\WINDOWS\System32\KERNEL32.DLL
0x00007ffb0cd80000 - 0x00007ffb0cfe6000 	C:\WINDOWS\System32\KERNELBASE.dll
0x00007ffb107a0000 - 0x00007ffb10841000 	C:\WINDOWS\System32\ADVAPI32.dll
0x00007ffb0e340000 - 0x00007ffb0e3dd000 	C:\WINDOWS\System32\msvcrt.dll
0x00007ffb0e3e0000 - 0x00007ffb0e43b000 	C:\WINDOWS\System32\sechost.dll
0x00007ffb0ed90000 - 0x00007ffb0eeaf000 	C:\WINDOWS\System32\RPCRT4.dll
0x00007ffb0dfe0000 - 0x00007ffb0e16f000 	C:\WINDOWS\System32\USER32.dll
0x00007ffb0dbb0000 - 0x00007ffb0dbd0000 	C:\WINDOWS\System32\win32u.dll
0x00007ffb0dd50000 - 0x00007ffb0dd78000 	C:\WINDOWS\System32\GDI32.dll
0x00007ffb0d2c0000 - 0x00007ffb0d453000 	C:\WINDOWS\System32\gdi32full.dll
0x00007ffb0dcb0000 - 0x00007ffb0dd4b000 	C:\WINDOWS\System32\msvcp_win.dll
0x00007ffb0cc80000 - 0x00007ffb0cd76000 	C:\WINDOWS\System32\ucrtbase.dll
0x00007ffaff180000 - 0x00007ffaff3e9000 	C:\WINDOWS\WinSxS\amd64_microsoft.windows.common-controls_6595b64144ccf1df_6.0.16299.309_none_15cfd4c4935e6b11\COMCTL32.dll
0x00007ffb0ea70000 - 0x00007ffb0ed78000 	C:\WINDOWS\System32\combase.dll
0x00007ffb0dc30000 - 0x00007ffb0dca2000 	C:\WINDOWS\System32\bcryptPrimitives.dll
0x00007ffb10650000 - 0x00007ffb1067d000 	C:\WINDOWS\System32\IMM32.DLL
0x00007ffb0cb60000 - 0x00007ffb0cbce000 	C:\WINDOWS\System32\dtrampo.dll
0x000000005b640000 - 0x000000005b712000 	D:\Android_Studio\Android_Studio3.0\jre\jre\bin\msvcr100.dll
0x000000005b800000 - 0x000000005c03e000 	D:\Android_Studio\Android_Studio3.0\jre\jre\bin\server\jvm.dll
0x00007ffb10680000 - 0x00007ffb10688000 	C:\WINDOWS\System32\PSAPI.DLL
0x00007ffb0a550000 - 0x00007ffb0a559000 	C:\WINDOWS\SYSTEM32\WSOCK32.dll
0x00007ffb0ea00000 - 0x00007ffb0ea6c000 	C:\WINDOWS\System32\WS2_32.dll
0x00007ffb079f0000 - 0x00007ffb07a13000 	C:\WINDOWS\SYSTEM32\WINMM.dll
0x00007ffb026b0000 - 0x00007ffb026ba000 	C:\WINDOWS\SYSTEM32\VERSION.dll
0x00007ffb073e0000 - 0x00007ffb0740a000 	C:\WINDOWS\SYSTEM32\WINMMBASE.dll
0x00007ffb0cff0000 - 0x00007ffb0d03a000 	C:\WINDOWS\System32\cfgmgr32.dll
0x00007ffb0a540000 - 0x00007ffb0a54f000 	D:\Android_Studio\Android_Studio3.0\jre\jre\bin\verify.dll
0x00007ffb08e00000 - 0x00007ffb08e29000 	D:\Android_Studio\Android_Studio3.0\jre\jre\bin\java.dll
0x00007ffb089b0000 - 0x00007ffb089c6000 	D:\Android_Studio\Android_Studio3.0\jre\jre\bin\zip.dll
0x00007ffb0f100000 - 0x00007ffb10536000 	C:\WINDOWS\System32\SHELL32.dll
0x00007ffb106f0000 - 0x00007ffb10796000 	C:\WINDOWS\System32\shcore.dll
0x00007ffb0d460000 - 0x00007ffb0dba7000 	C:\WINDOWS\System32\windows.storage.dll
0x00007ffb0e4e0000 - 0x00007ffb0e531000 	C:\WINDOWS\System32\shlwapi.dll
0x00007ffb0cbf0000 - 0x00007ffb0cc01000 	C:\WINDOWS\System32\kernel.appcore.dll
0x00000000183e0000 - 0x000000001842c000 	C:\WINDOWS\System32\powrprof.dll
0x00007ffb0cc10000 - 0x00007ffb0cc2b000 	C:\WINDOWS\System32\profapi.dll
0x00007ffb0c5b0000 - 0x00007ffb0c5c7000 	C:\WINDOWS\SYSTEM32\CRYPTSP.dll
0x00007ffb0bff0000 - 0x00007ffb0c023000 	C:\WINDOWS\system32\rsaenh.dll
0x00007ffb0c6c0000 - 0x00007ffb0c6e5000 	C:\WINDOWS\SYSTEM32\bcrypt.dll
0x00007ffb0ca90000 - 0x00007ffb0cab9000 	C:\WINDOWS\SYSTEM32\USERENV.dll
0x00007ffb0c5d0000 - 0x00007ffb0c5db000 	C:\WINDOWS\SYSTEM32\CRYPTBASE.dll
0x00007ffb084b0000 - 0x00007ffb084ca000 	D:\Android_Studio\Android_Studio3.0\jre\jre\bin\net.dll
0x00007ffb0c3f0000 - 0x00007ffb0c456000 	C:\WINDOWS\system32\mswsock.dll
0x00007ffb0c180000 - 0x00007ffb0c1b9000 	C:\WINDOWS\SYSTEM32\IPHLPAPI.DLL
0x00007ffb0e9f0000 - 0x00007ffb0e9f8000 	C:\WINDOWS\System32\NSI.dll
0x00007ffb07260000 - 0x00007ffb07276000 	C:\WINDOWS\SYSTEM32\dhcpcsvc6.DLL
0x00007ffb07240000 - 0x00007ffb0725a000 	C:\WINDOWS\SYSTEM32\dhcpcsvc.DLL
0x00007ffb07c50000 - 0x00007ffb07c61000 	D:\Android_Studio\Android_Studio3.0\jre\jre\bin\nio.dll

VM Arguments:
jvm_args: -Djava.awt.headless=true -Xmx64M -Dfile.encoding=GBK -Duser.country=CN -Duser.language=zh -Duser.variant 
java_command: com.google.devtools.build.android.desugar.Desugar --input C:\WorkSpace\left_ship\Left_ship -  (16) - gradle-4.6-start\app\build\intermediates\transforms\stackFramesFixer\debug\14.jar --output C:\WorkSpace\left_ship\Left_ship -  (16) - gradle-4.6-start\app\build\intermediates\transforms\desugar\debug\16.jar --input C:\WorkSpace\left_ship\Left_ship -  (16) - gradle-4.6-start\app\build\intermediates\transforms\stackFramesFixer\debug\5.jar --output C:\WorkSpace\left_ship\Left_ship -  (16) - gradle-4.6-start\app\build\intermediates\transforms\desugar\debug\7.jar --input C:\WorkSpace\left_ship\Left_ship -  (16) - gradle-4.6-start\app\build\intermediates\transforms\stackFramesFixer\debug\31.jar --output C:\WorkSpace\left_ship\Left_ship -  (16) - gradle-4.6-start\app\build\intermediates\transforms\desugar\debug\32.jar --input C:\WorkSpace\left_ship\Left_ship -  (16) - gradle-4.6-start\app\build\intermediates\transforms\stackFramesFixer\debug\13.jar --output C:\WorkSpace\left_ship\Left_ship -  (16) - gradle-4.6-start\app\build\intermediates\transforms\desugar\debug\15.jar --classpath_entry C:\WorkSpace\left_ship\Left_ship -  (16) - gradle-4.6-start\exampleui2\build\intermediates\intermediate-jars\debug\classes.jar --classpath_entry C:\WorkSpace\left_ship\Left_ship -  (16) - gradle-4.6-start\chatinput\build\intermediates\intermediate-jars\debug\classes.jar --classpath_entry C:\WorkSpace\left_ship\Left_ship -  (16) - gradle-4.6-start\imui\build\intermediates\intermediate-jars\debug\classes.jar --classpath_entry C:\WorkSpace\left_ship\Left_ship -  (16) - gradle-4.6-start\app\build\intermediates\classes\debug --classpath_entry C:\WorkSpace\left_ship\Left_ship -  (16) - gradle-4.6-start\app\build\intermediates\transforms\stackFramesFixer\debug\0.jar --classpath_entry C:\WorkSpace\left_ship\Left_ship -  (16) - gradle-4.6-start\app\build\intermediates\transforms\stackFramesFixer\debug\3.jar --classpath_entry C:\WorkSpace\left_ship\Left_ship -  (16) - gradle-4.6-star
java_class_path (initial): D:\TEMP\desugar_deploy.jar7792951155114607284
Launcher Type: SUN_STANDARD

Environment Variables:
JAVA_HOME=C:\Program Files\Java\jdk1.8.0_05
CLASSPATH=.;C:\Program Files\Java\jdk1.8.0_05\lib\dt.jar;C:\Program Files\Java\jdk1.8.0_05\lib\toos.jar;D:\Program Files\apache-ant-1.10.2\lib
PATH=C:\Windows\system32;C:\Windows;C:\Windows\System32\Wbem;C:\Windows\System32\WindowsPowerShell\v1.0\;C:\Program Files (x86)\Windows Kits\8.0\Windows Performance Toolkit\;C:\Program Files\Microsoft SQL Server\110\Tools\Binn\;D:\Matlab\runtime\win64;D:\Matlab\bin;D:\Matlab\polyspace\bin;C:\Program Files (x86)\NVIDIA Corporation\PhysX\Common;C:\Program Files\Microsoft SQL Server\Client SDK\ODBC\110\Tools\Binn\;C:\Program Files (x86)\Microsoft SQL Server\120\Tools\Binn\;C:\Program Files\Microsoft SQL Server\120\Tools\Binn\;C:\Program Files\Microsoft SQL Server\120\DTS\Binn\;C:\Program Files (x86)\Windows Kits\8.1\Windows Performance Toolkit\;C:\Program Files (x86)\QuickTime\QTSystem\;"C:\Program Files\Java\jdk1.8.0_05\bin;C:\Program Files\Java\jdk1.8.0_05\jre\bin;";D:\Android_Studio\SDK\platform-tools;D:\Program Files\UltraCompare;C:\WINDOWS\system32;C:\WINDOWS;C:\WINDOWS\System32\Wbem;C:\WINDOWS\System32\WindowsPowerShell\v1.0\;C:\Program Files\Java\jdk1.8.0_05\bin;D:\Android_Studio\SDK\platform-tools;D:\Program Files\apache-ant-1.10.2\bin;D:\Program Files\MySQL_Server\mysql-5.7.21-winx64\bin;D:\Program Files\Git\cmd;D:\Program Files\tortoisegit\bin;C:\Users\huoda\AppData\Local\Microsoft\WindowsApps;D:\A_Win10_Tools\;D:\Program Files\BandZip\;D:\Android_Studio\ANT\apache-ant-1.10.2\bin;
USERNAME=huoda
OS=Windows_NT
PROCESSOR_IDENTIFIER=Intel64 Family 6 Model 158 Stepping 9, GenuineIntel



---------------  S Y S T E M  ---------------

OS: Windows 10.0 , 64 bit Build 16299 (10.0.16299.15)

CPU:total 8 (initial active 8) (4 cores per cpu, 2 threads per core) family 6 model 158 stepping 9, cmov, cx8, fxsr, mmx, sse, sse2, sse3, ssse3, sse4.1, sse4.2, popcnt, avx, avx2, aes, clmul, erms, 3dnowpref, lzcnt, ht, tsc, tscinvbit, bmi1, bmi2, adx

Memory: 4k page, physical 16663628k(3110444k free), swap 20857932k(5460k free)

vm_info: OpenJDK 64-Bit Server VM (25.152-b01) for windows-amd64 JRE (1.8.0_152-release-915-b01), built by "builder" with MS VC++ 10.0 (VS2010)

time: Sat Apr 07 23:32:32 2018
elapsed time: 1 seconds (0d 0h 0m 1s)

