#
# There is insufficient memory for the Java Runtime Environment to continue.
# Native memory allocation (malloc) failed to allocate 980416 bytes for Chunk::new
# Possible reasons:
#   The system is out of physical RAM or swap space
#   In 32 bit mode, the process size limit was hit
# Possible solutions:
#   Reduce memory load on the system
#   Increase physical memory or swap space
#   Check if swap backing store is full
#   Use 64 bit Java on a 64 bit OS
#   Decrease Java heap size (-Xmx/-Xms)
#   Decrease number of Java threads
#   Decrease Java thread stack sizes (-Xss)
#   Set larger code cache with -XX:ReservedCodeCacheSize=
# This output file may be truncated or incomplete.
#
#  Out of Memory Error (allocation.cpp:390), pid=1880, tid=0x0000000000001674
#
# JRE version: OpenJDK Runtime Environment (8.0_152-b01) (build 1.8.0_152-release-915-b01)
# Java VM: OpenJDK 64-Bit Server VM (25.152-b01 mixed mode windows-amd64 compressed oops)
# Failed to write core dump. Minidumps are not enabled by default on client versions of Windows
#

---------------  T H R E A D  ---------------

Current thread (0x0000000017541000):  JavaThread "C2 CompilerThread0" daemon [_thread_in_native, id=5748, stack(0x0000000018470000,0x0000000018570000)]

Stack: [0x0000000018470000,0x0000000018570000]
[error occurred during error reporting (printing stack bounds), id 0xc0000005]

Native frames: (J=compiled Java code, j=interpreted, Vv=VM code, C=native code)


Current CompileTask:
C2:   3880  846       4       org.objectweb.asm.ClassReader::a (3587 bytes)


---------------  P R O C E S S  ---------------

Java Threads: ( => current thread )
  0x00000000175a4000 JavaThread "Service Thread" daemon [_thread_blocked, id=10984, stack(0x0000000018870000,0x0000000018970000)]
  0x000000001759f800 JavaThread "C1 CompilerThread3" daemon [_thread_blocked, id=9228, stack(0x0000000018770000,0x0000000018870000)]
  0x000000001759b800 JavaThread "C2 CompilerThread2" daemon [_thread_in_native, id=13616, stack(0x0000000018670000,0x0000000018770000)]
  0x0000000017599000 JavaThread "C2 CompilerThread1" daemon [_thread_blocked, id=8640, stack(0x0000000018570000,0x0000000018670000)]
=>0x0000000017541000 JavaThread "C2 CompilerThread0" daemon [_thread_in_native, id=5748, stack(0x0000000018470000,0x0000000018570000)]
  0x0000000017540800 JavaThread "Attach Listener" daemon [_thread_blocked, id=1108, stack(0x0000000018370000,0x0000000018470000)]
  0x00000000174da000 JavaThread "Signal Dispatcher" daemon [_thread_blocked, id=7912, stack(0x0000000018270000,0x0000000018370000)]
  0x00000000174d0800 JavaThread "Finalizer" daemon [_thread_blocked, id=6524, stack(0x00000000178b0000,0x00000000179b0000)]
  0x00000000155cb800 JavaThread "Reference Handler" daemon [_thread_blocked, id=10508, stack(0x00000000173b0000,0x00000000174b0000)]
  0x0000000004c95000 JavaThread "main" [_thread_in_vm, id=13528, stack(0x0000000004b90000,0x0000000004c90000)]

Other Threads:
  0x00000000155c7000 VMThread [stack: 0x00000000172b0000,0x00000000173b0000] [id=7056]
  0x00000000175a5000 WatcherThread [stack: 0x0000000018970000,0x0000000018a70000] [id=3932]

VM state:not at safepoint (normal execution)

VM Mutex/Monitor currently owned by a thread: None

Heap:
 PSYoungGen      total 18944K, used 10400K [0x00000000feb00000, 0x0000000100000000, 0x0000000100000000)
  eden space 16384K, 47% used [0x00000000feb00000,0x00000000ff2ab840,0x00000000ffb00000)
  from space 2560K, 99% used [0x00000000ffd80000,0x00000000ffffc860,0x0000000100000000)
  to   space 2560K, 0% used [0x00000000ffb00000,0x00000000ffb00000,0x00000000ffd80000)
 ParOldGen       total 44032K, used 5004K [0x00000000fc000000, 0x00000000feb00000, 0x00000000feb00000)
  object space 44032K, 11% used [0x00000000fc000000,0x00000000fc4e32e0,0x00000000feb00000)
 Metaspace       used 7592K, capacity 7788K, committed 7936K, reserved 1056768K
  class space    used 870K, capacity 956K, committed 1024K, reserved 1048576K

Card table byte_map: [0x0000000014160000,0x0000000014190000] byte_map_base: 0x0000000013980000

Marking Bits: (ParMarkBitMap*) 0x00000000603d3950
 Begin Bits: [0x00000000149b0000, 0x0000000014ab0000)
 End Bits:   [0x0000000014ab0000, 0x0000000014bb0000)

Polling page: 0x0000000002c80000

CodeCache: size=245760Kb used=3701Kb max_used=3701Kb free=242058Kb
 bounds [0x0000000004da0000, 0x0000000005150000, 0x0000000013da0000]
 total_blobs=1294 nmethods=958 adapters=248
 compilation: enabled

Compilation events (10 events):
Event: 3.866 Thread 0x000000001759f800  961       1       sun.util.calendar.CalendarDate::getZone (5 bytes)
Event: 3.866 Thread 0x000000001759f800 nmethod 961 0x0000000005114e10 code [0x0000000005114f60, 0x0000000005115070]
Event: 3.866 Thread 0x000000001759f800  962       1       sun.util.calendar.CalendarDate::isNormalized (5 bytes)
Event: 3.866 Thread 0x000000001759f800 nmethod 962 0x0000000005134910 code [0x0000000005134a60, 0x0000000005134b70]
Event: 3.866 Thread 0x000000001759f800  960       1       com.google.devtools.build.android.desugar.CoreLibraryRewriter::access$000 (5 bytes)
Event: 3.866 Thread 0x000000001759f800 nmethod 960 0x0000000005134650 code [0x00000000051347a0, 0x0000000005134890]
Event: 3.866 Thread 0x000000001759f800  957       1       java.nio.channels.spi.AbstractInterruptibleChannel::isOpen (5 bytes)
Event: 3.866 Thread 0x000000001759f800 nmethod 957 0x0000000005134390 code [0x00000000051344e0, 0x00000000051345f0]
Event: 3.868 Thread 0x000000001759f800  964       3       org.objectweb.asm.FieldWriter::visitEnd (1 bytes)
Event: 3.868 Thread 0x000000001759f800 nmethod 964 0x0000000005134050 code [0x00000000051341a0, 0x00000000051342f0]

GC Heap History (4 events):
Event: 1.494 GC heap before
{Heap before GC invocations=1 (full 0):
 PSYoungGen      total 18944K, used 16384K [0x00000000feb00000, 0x0000000100000000, 0x0000000100000000)
  eden space 16384K, 100% used [0x00000000feb00000,0x00000000ffb00000,0x00000000ffb00000)
  from space 2560K, 0% used [0x00000000ffd80000,0x00000000ffd80000,0x0000000100000000)
  to   space 2560K, 0% used [0x00000000ffb00000,0x00000000ffb00000,0x00000000ffd80000)
 ParOldGen       total 44032K, used 0K [0x00000000fc000000, 0x00000000feb00000, 0x00000000feb00000)
  object space 44032K, 0% used [0x00000000fc000000,0x00000000fc000000,0x00000000feb00000)
 Metaspace       used 6579K, capacity 6682K, committed 6784K, reserved 1056768K
  class space    used 771K, capacity 823K, committed 896K, reserved 1048576K
Event: 1.499 GC heap after
Heap after GC invocations=1 (full 0):
 PSYoungGen      total 18944K, used 2536K [0x00000000feb00000, 0x0000000100000000, 0x0000000100000000)
  eden space 16384K, 0% used [0x00000000feb00000,0x00000000feb00000,0x00000000ffb00000)
  from space 2560K, 99% used [0x00000000ffb00000,0x00000000ffd7a030,0x00000000ffd80000)
  to   space 2560K, 0% used [0x00000000ffd80000,0x00000000ffd80000,0x0000000100000000)
 ParOldGen       total 44032K, used 1576K [0x00000000fc000000, 0x00000000feb00000, 0x00000000feb00000)
  object space 44032K, 3% used [0x00000000fc000000,0x00000000fc18a180,0x00000000feb00000)
 Metaspace       used 6579K, capacity 6682K, committed 6784K, reserved 1056768K
  class space    used 771K, capacity 823K, committed 896K, reserved 1048576K
}
Event: 3.629 GC heap before
{Heap before GC invocations=2 (full 0):
 PSYoungGen      total 18944K, used 18920K [0x00000000feb00000, 0x0000000100000000, 0x0000000100000000)
  eden space 16384K, 100% used [0x00000000feb00000,0x00000000ffb00000,0x00000000ffb00000)
  from space 2560K, 99% used [0x00000000ffb00000,0x00000000ffd7a030,0x00000000ffd80000)
  to   space 2560K, 0% used [0x00000000ffd80000,0x00000000ffd80000,0x0000000100000000)
 ParOldGen       total 44032K, used 1576K [0x00000000fc000000, 0x00000000feb00000, 0x00000000feb00000)
  object space 44032K, 3% used [0x00000000fc000000,0x00000000fc18a180,0x00000000feb00000)
 Metaspace       used 7529K, capacity 7724K, committed 7936K, reserved 1056768K
  class space    used 870K, capacity 956K, committed 1024K, reserved 1048576K
Event: 3.737 GC heap after
Heap after GC invocations=2 (full 0):
 PSYoungGen      total 18944K, used 2546K [0x00000000feb00000, 0x0000000100000000, 0x0000000100000000)
  eden space 16384K, 0% used [0x00000000feb00000,0x00000000feb00000,0x00000000ffb00000)
  from space 2560K, 99% used [0x00000000ffd80000,0x00000000ffffc860,0x0000000100000000)
  to   space 2560K, 0% used [0x00000000ffb00000,0x00000000ffb00000,0x00000000ffd80000)
 ParOldGen       total 44032K, used 5004K [0x00000000fc000000, 0x00000000feb00000, 0x00000000feb00000)
  object space 44032K, 11% used [0x00000000fc000000,0x00000000fc4e32e0,0x00000000feb00000)
 Metaspace       used 7529K, capacity 7724K, committed 7936K, reserved 1056768K
  class space    used 870K, capacity 956K, committed 1024K, reserved 1048576K
}

Deoptimization events (10 events):
Event: 1.542 Thread 0x0000000004c95000 Uncommon trap: reason=unstable_if action=reinterpret pc=0x0000000004fd9b6c method=java.util.zip.ZipCoder.decoder()Ljava/nio/charset/CharsetDecoder; @ 4
Event: 1.543 Thread 0x0000000004c95000 Uncommon trap: reason=unstable_if action=reinterpret pc=0x0000000004fcb8d8 method=java.util.zip.ZipCoder.decoder()Ljava/nio/charset/CharsetDecoder; @ 4
Event: 1.610 Thread 0x0000000004c95000 Uncommon trap: reason=unloaded action=reinterpret pc=0x0000000004fcc9fc method=java.util.zip.ZipEntry.setExtra0([BZ)V @ 37
Event: 3.559 Thread 0x0000000004c95000 Uncommon trap: reason=unstable_if action=reinterpret pc=0x000000000508fdb8 method=java.lang.String.<init>([CII)V @ 18
Event: 3.618 Thread 0x0000000004c95000 Uncommon trap: reason=unstable_if action=reinterpret pc=0x00000000050ac318 method=org.objectweb.asm.Item.a(Lorg/objectweb/asm/Item;)Z @ 345
Event: 3.837 Thread 0x0000000004c95000 Uncommon trap: reason=class_check action=maybe_recompile pc=0x00000000050d52e0 method=org.objectweb.asm.MethodVisitor.visitVarInsn(II)V @ 13
Event: 3.837 Thread 0x0000000004c95000 Uncommon trap: reason=class_check action=maybe_recompile pc=0x00000000050d52e0 method=org.objectweb.asm.MethodVisitor.visitVarInsn(II)V @ 13
Event: 3.840 Thread 0x0000000004c95000 Uncommon trap: reason=class_check action=maybe_recompile pc=0x00000000050d52e0 method=org.objectweb.asm.MethodVisitor.visitVarInsn(II)V @ 13
Event: 3.840 Thread 0x0000000004c95000 Uncommon trap: reason=class_check action=maybe_recompile pc=0x00000000050d52e0 method=org.objectweb.asm.MethodVisitor.visitVarInsn(II)V @ 13
Event: 3.861 Thread 0x0000000004c95000 Uncommon trap: reason=unstable_if action=reinterpret pc=0x000000000511e714 method=org.objectweb.asm.MethodWriter.visitVarInsn(II)V @ 54

Classes redefined (0 events):
No events

Internal exceptions (10 events):
Event: 1.618 Thread 0x0000000004c95000 Exception <a 'sun/nio/fs/WindowsException'> (0x00000000ff237598) thrown at [D:\src\AOSP-openjdk-cygwin\jdk8u\hotspot\src\share\vm\prims\jni.cpp, line 709]
Event: 1.619 Thread 0x0000000004c95000 Exception <a 'sun/nio/fs/WindowsException'> (0x00000000ff237a48) thrown at [D:\src\AOSP-openjdk-cygwin\jdk8u\hotspot\src\share\vm\prims\jni.cpp, line 709]
Event: 1.619 Thread 0x0000000004c95000 Exception <a 'sun/nio/fs/WindowsException'> (0x00000000ff238198) thrown at [D:\src\AOSP-openjdk-cygwin\jdk8u\hotspot\src\share\vm\prims\jni.cpp, line 709]
Event: 1.623 Thread 0x0000000004c95000 Exception <a 'sun/nio/fs/WindowsException'> (0x00000000ff23ccb8) thrown at [D:\src\AOSP-openjdk-cygwin\jdk8u\hotspot\src\share\vm\prims\jni.cpp, line 709]
Event: 3.036 Thread 0x0000000004c95000 Exception <a 'sun/nio/fs/WindowsException'> (0x00000000ff5d4c78) thrown at [D:\src\AOSP-openjdk-cygwin\jdk8u\hotspot\src\share\vm\prims\jni.cpp, line 709]
Event: 3.036 Thread 0x0000000004c95000 Exception <a 'sun/nio/fs/WindowsException'> (0x00000000ff5d5238) thrown at [D:\src\AOSP-openjdk-cygwin\jdk8u\hotspot\src\share\vm\prims\jni.cpp, line 709]
Event: 3.589 Thread 0x0000000004c95000 Exception <a 'sun/nio/fs/WindowsException'> (0x00000000ff8e1dc8) thrown at [D:\src\AOSP-openjdk-cygwin\jdk8u\hotspot\src\share\vm\prims\jni.cpp, line 709]
Event: 3.589 Thread 0x0000000004c95000 Exception <a 'sun/nio/fs/WindowsException'> (0x00000000ff8e2308) thrown at [D:\src\AOSP-openjdk-cygwin\jdk8u\hotspot\src\share\vm\prims\jni.cpp, line 709]
Event: 3.826 Thread 0x0000000004c95000 Exception <a 'sun/nio/fs/WindowsException'> (0x00000000fed3ac08) thrown at [D:\src\AOSP-openjdk-cygwin\jdk8u\hotspot\src\share\vm\prims\jni.cpp, line 709]
Event: 3.827 Thread 0x0000000004c95000 Exception <a 'sun/nio/fs/WindowsException'> (0x00000000fed3b148) thrown at [D:\src\AOSP-openjdk-cygwin\jdk8u\hotspot\src\share\vm\prims\jni.cpp, line 709]

Events (10 events):
Event: 3.839 Thread 0x0000000004c95000 DEOPT UNPACKING pc=0x0000000004de75bf sp=0x0000000004c8e930 mode 0
Event: 3.840 Thread 0x0000000004c95000 Uncommon trap: trap_request=0xffffffde fr.pc=0x00000000050d52e0
Event: 3.840 Thread 0x0000000004c95000 DEOPT PACKING pc=0x00000000050d52e0 sp=0x0000000004c8e960
Event: 3.840 Thread 0x0000000004c95000 DEOPT UNPACKING pc=0x0000000004de556a sp=0x0000000004c8e910 mode 2
Event: 3.840 Thread 0x0000000004c95000 Uncommon trap: trap_request=0xffffffde fr.pc=0x00000000050d52e0
Event: 3.840 Thread 0x0000000004c95000 DEOPT PACKING pc=0x00000000050d52e0 sp=0x0000000004c8e960
Event: 3.840 Thread 0x0000000004c95000 DEOPT UNPACKING pc=0x0000000004de556a sp=0x0000000004c8e910 mode 2
Event: 3.861 Thread 0x0000000004c95000 Uncommon trap: trap_request=0xffffff65 fr.pc=0x000000000511e714
Event: 3.861 Thread 0x0000000004c95000 DEOPT PACKING pc=0x000000000511e714 sp=0x0000000004c8e880
Event: 3.861 Thread 0x0000000004c95000 DEOPT UNPACKING pc=0x0000000004de556a sp=0x0000000004c8e7c8 mode 2


Dynamic libraries:
0x00007ff639540000 - 0x00007ff639571000 	D:\Android_Studio\Android_Studio3.0\jre\bin\java.exe
0x00007ffcb7070000 - 0x00007ffcb7250000 	C:\WINDOWS\SYSTEM32\ntdll.dll
0x00007ffcb4ce0000 - 0x00007ffcb4d8e000 	C:\WINDOWS\System32\KERNEL32.DLL
0x00007ffcb3df0000 - 0x00007ffcb4056000 	C:\WINDOWS\System32\KERNELBASE.dll
0x00007ffcb6e90000 - 0x00007ffcb6f31000 	C:\WINDOWS\System32\ADVAPI32.dll
0x00007ffcb5700000 - 0x00007ffcb579d000 	C:\WINDOWS\System32\msvcrt.dll
0x00007ffcb56a0000 - 0x00007ffcb56fb000 	C:\WINDOWS\System32\sechost.dll
0x00007ffcb4540000 - 0x00007ffcb465f000 	C:\WINDOWS\System32\RPCRT4.dll
0x00007ffcb4ac0000 - 0x00007ffcb4c4f000 	C:\WINDOWS\System32\USER32.dll
0x00007ffcb4520000 - 0x00007ffcb4540000 	C:\WINDOWS\System32\win32u.dll
0x00007ffcb53b0000 - 0x00007ffcb53d8000 	C:\WINDOWS\System32\GDI32.dll
0x00007ffcb4060000 - 0x00007ffcb41f3000 	C:\WINDOWS\System32\gdi32full.dll
0x00007ffcb4200000 - 0x00007ffcb429b000 	C:\WINDOWS\System32\msvcp_win.dll
0x00007ffcb43d0000 - 0x00007ffcb44c6000 	C:\WINDOWS\System32\ucrtbase.dll
0x00007ffca1830000 - 0x00007ffca1a99000 	C:\WINDOWS\WinSxS\amd64_microsoft.windows.common-controls_6595b64144ccf1df_6.0.16299.371_none_15c7d1789365a290\COMCTL32.dll
0x00007ffcb4d90000 - 0x00007ffcb5098000 	C:\WINDOWS\System32\combase.dll
0x00007ffcb4350000 - 0x00007ffcb43c2000 	C:\WINDOWS\System32\bcryptPrimitives.dll
0x00007ffcb6f40000 - 0x00007ffcb6f6d000 	C:\WINDOWS\System32\IMM32.DLL
0x00007ffcb3350000 - 0x00007ffcb33be000 	C:\WINDOWS\System32\dtrampo.dll
0x000000005fa50000 - 0x000000005fb22000 	D:\Android_Studio\Android_Studio3.0\jre\jre\bin\msvcr100.dll
0x000000005fc10000 - 0x000000006044e000 	D:\Android_Studio\Android_Studio3.0\jre\jre\bin\server\jvm.dll
0x00007ffcb6be0000 - 0x00007ffcb6be8000 	C:\WINDOWS\System32\PSAPI.DLL
0x00007ffcaed10000 - 0x00007ffcaed19000 	C:\WINDOWS\SYSTEM32\WSOCK32.dll
0x0000000004b10000 - 0x0000000004b7c000 	C:\WINDOWS\System32\WS2_32.dll
0x00007ffcaf640000 - 0x00007ffcaf663000 	C:\WINDOWS\SYSTEM32\WINMM.dll
0x00007ffca7980000 - 0x00007ffca798a000 	C:\WINDOWS\SYSTEM32\VERSION.dll
0x00007ffcaf370000 - 0x00007ffcaf39a000 	C:\WINDOWS\SYSTEM32\WINMMBASE.dll
0x00007ffcb44d0000 - 0x00007ffcb451a000 	C:\WINDOWS\System32\cfgmgr32.dll
0x00007ffcaed00000 - 0x00007ffcaed0f000 	D:\Android_Studio\Android_Studio3.0\jre\jre\bin\verify.dll
0x00007ffcaeb20000 - 0x00007ffcaeb49000 	D:\Android_Studio\Android_Studio3.0\jre\jre\bin\java.dll
0x00007ffcaeb90000 - 0x00007ffcaeba6000 	D:\Android_Studio\Android_Studio3.0\jre\jre\bin\zip.dll
0x00007ffcb57a0000 - 0x00007ffcb6bd6000 	C:\WINDOWS\System32\SHELL32.dll
0x00007ffcb6de0000 - 0x00007ffcb6e86000 	C:\WINDOWS\System32\shcore.dll
0x0000000017a10000 - 0x0000000018157000 	C:\WINDOWS\System32\windows.storage.dll
0x00007ffcb55d0000 - 0x00007ffcb5621000 	C:\WINDOWS\System32\shlwapi.dll
0x00007ffcb33c0000 - 0x00007ffcb33d1000 	C:\WINDOWS\System32\kernel.appcore.dll
0x00007ffcb3420000 - 0x00007ffcb346c000 	C:\WINDOWS\System32\powrprof.dll
0x00007ffcb33e0000 - 0x00007ffcb33fb000 	C:\WINDOWS\System32\profapi.dll
0x00007ffcb2da0000 - 0x00007ffcb2db7000 	C:\WINDOWS\SYSTEM32\CRYPTSP.dll
0x00007ffcb27e0000 - 0x00007ffcb2813000 	C:\WINDOWS\system32\rsaenh.dll
0x00007ffcb2eb0000 - 0x00007ffcb2ed5000 	C:\WINDOWS\SYSTEM32\bcrypt.dll
0x00007ffcb3280000 - 0x00007ffcb32a9000 	C:\WINDOWS\SYSTEM32\USERENV.dll
0x00007ffcb2dc0000 - 0x00007ffcb2dcb000 	C:\WINDOWS\SYSTEM32\CRYPTBASE.dll
0x00007ffcae2d0000 - 0x00007ffcae2ea000 	D:\Android_Studio\Android_Studio3.0\jre\jre\bin\net.dll
0x00007ffcb2be0000 - 0x00007ffcb2c46000 	C:\WINDOWS\system32\mswsock.dll
0x00007ffcb2970000 - 0x00007ffcb29a9000 	C:\WINDOWS\SYSTEM32\IPHLPAPI.DLL
0x00007ffcb4c50000 - 0x00007ffcb4c58000 	C:\WINDOWS\System32\NSI.dll
0x00007ffcae600000 - 0x00007ffcae616000 	C:\WINDOWS\SYSTEM32\dhcpcsvc6.DLL
0x00007ffcae190000 - 0x00007ffcae1aa000 	C:\WINDOWS\SYSTEM32\dhcpcsvc.DLL
0x00007ffcae1b0000 - 0x00007ffcae1c1000 	D:\Android_Studio\Android_Studio3.0\jre\jre\bin\nio.dll

VM Arguments:
jvm_args: -Djava.awt.headless=true -Xmx64M -Dfile.encoding=GBK -Duser.country=CN -Duser.language=zh -Duser.variant 
java_command: com.google.devtools.build.android.desugar.Desugar --input C:\WorkSpace\left_ship\Left_ship -  (16) - gradle-4.6-start\app\build\intermediates\transforms\stackFramesFixer\debug\6.jar --output C:\WorkSpace\left_ship\Left_ship -  (16) - gradle-4.6-start\app\build\intermediates\transforms\desugar\debug\10.jar --input C:\WorkSpace\left_ship\Left_ship -  (16) - gradle-4.6-start\app\build\intermediates\transforms\stackFramesFixer\debug\14.jar --output C:\WorkSpace\left_ship\Left_ship -  (16) - gradle-4.6-start\app\build\intermediates\transforms\desugar\debug\18.jar --input C:\WorkSpace\left_ship\Left_ship -  (16) - gradle-4.6-start\app\build\intermediates\transforms\stackFramesFixer\debug\0.jar --output C:\WorkSpace\left_ship\Left_ship -  (16) - gradle-4.6-start\app\build\intermediates\transforms\desugar\debug\4.jar --input C:\WorkSpace\left_ship\Left_ship -  (16) - gradle-4.6-start\app\build\intermediates\transforms\stackFramesFixer\debug\12.jar --output C:\WorkSpace\left_ship\Left_ship -  (16) - gradle-4.6-start\app\build\intermediates\transforms\desugar\debug\16.jar --classpath_entry C:\WorkSpace\left_ship\Left_ship -  (16) - gradle-4.6-start\exampleui2\build\intermediates\intermediate-jars\debug\classes.jar --classpath_entry C:\WorkSpace\left_ship\Left_ship -  (16) - gradle-4.6-start\chatinput\build\intermediates\intermediate-jars\debug\classes.jar --classpath_entry C:\WorkSpace\left_ship\Left_ship -  (16) - gradle-4.6-start\imui\build\intermediates\intermediate-jars\debug\classes.jar --classpath_entry C:\WorkSpace\left_ship\Left_ship -  (16) - gradle-4.6-start\app\build\intermediates\classes\debug --classpath_entry C:\WorkSpace\left_ship\Left_ship -  (16) - gradle-4.6-start\app\build\intermediates\transforms\stackFramesFixer\debug\0.jar --classpath_entry C:\WorkSpace\left_ship\Left_ship -  (16) - gradle-4.6-start\app\build\intermediates\transforms\stackFramesFixer\debug\1.jar --classpath_entry C:\WorkSpace\left_ship\Left_ship -  (16) - gradle-4.6-start
java_class_path (initial): D:\TEMP\desugar_deploy.jar3885283216085467043
Launcher Type: SUN_STANDARD

Environment Variables:
JAVA_HOME=C:\Program Files\Java\jdk1.8.0_05
CLASSPATH=.;C:\Program Files\Java\jdk1.8.0_05\lib\dt.jar;C:\Program Files\Java\jdk1.8.0_05\lib\toos.jar;D:\Program Files\apache-ant-1.10.2\lib
PATH=C:\Windows\system32;C:\Windows;C:\Windows\System32\Wbem;C:\Windows\System32\WindowsPowerShell\v1.0\;C:\Program Files (x86)\Windows Kits\8.0\Windows Performance Toolkit\;C:\Program Files\Microsoft SQL Server\110\Tools\Binn\;D:\Matlab\runtime\win64;D:\Matlab\bin;D:\Matlab\polyspace\bin;C:\Program Files (x86)\NVIDIA Corporation\PhysX\Common;C:\Program Files\Microsoft SQL Server\Client SDK\ODBC\110\Tools\Binn\;C:\Program Files (x86)\Microsoft SQL Server\120\Tools\Binn\;C:\Program Files\Microsoft SQL Server\120\Tools\Binn\;C:\Program Files\Microsoft SQL Server\120\DTS\Binn\;C:\Program Files (x86)\Windows Kits\8.1\Windows Performance Toolkit\;C:\Program Files (x86)\QuickTime\QTSystem\;"C:\Program Files\Java\jdk1.8.0_05\bin;C:\Program Files\Java\jdk1.8.0_05\jre\bin;";D:\Android_Studio\SDK\platform-tools;D:\Program Files\UltraCompare;C:\WINDOWS\system32;C:\WINDOWS;C:\WINDOWS\System32\Wbem;C:\WINDOWS\System32\WindowsPowerShell\v1.0\;C:\Program Files\Java\jdk1.8.0_05\bin;D:\Android_Studio\SDK\platform-tools;D:\Program Files\apache-ant-1.10.2\bin;D:\Program Files\MySQL_Server\mysql-5.7.21-winx64\bin;D:\Program Files\Git\cmd;D:\Program Files\tortoisegit\bin;C:\Users\huoda\AppData\Local\Microsoft\WindowsApps;D:\A_Win10_Tools\;D:\Program Files\BandZip\;D:\Android_Studio\ANT\apache-ant-1.10.2\bin;
USERNAME=huoda
OS=Windows_NT
PROCESSOR_IDENTIFIER=Intel64 Family 6 Model 158 Stepping 9, GenuineIntel



---------------  S Y S T E M  ---------------

OS: Windows 10.0 , 64 bit Build 16299 (10.0.16299.15)

CPU:total 8 (initial active 8) (4 cores per cpu, 2 threads per core) family 6 model 158 stepping 9, cmov, cx8, fxsr, mmx, sse, sse2, sse3, ssse3, sse4.1, sse4.2, popcnt, avx, avx2, aes, clmul, erms, 3dnowpref, lzcnt, ht, tsc, tscinvbit, bmi1, bmi2, adx

Memory: 4k page, physical 16663628k(784328k free), swap 20857932k(2864k free)

vm_info: OpenJDK 64-Bit Server VM (25.152-b01) for windows-amd64 JRE (1.8.0_152-release-915-b01), built by "builder" with MS VC++ 10.0 (VS2010)

time: Sat Apr 14 20:19:53 2018
elapsed time: 3 seconds (0d 0h 0m 3s)

