#
# There is insufficient memory for the Java Runtime Environment to continue.
# Native memory allocation (malloc) failed to allocate 32744 bytes for ChunkPool::allocate
# Possible reasons:
#   The system is out of physical RAM or swap space
#   In 32 bit mode, the process size limit was hit
# Possible solutions:
#   Reduce memory load on the system
#   Increase physical memory or swap space
#   Check if swap backing store is full
#   Use 64 bit Java on a 64 bit OS
#   Decrease Java heap size (-Xmx/-Xms)
#   Decrease number of Java threads
#   Decrease Java thread stack sizes (-Xss)
#   Set larger code cache with -XX:ReservedCodeCacheSize=
# This output file may be truncated or incomplete.
#
#  Out of Memory Error (allocation.cpp:273), pid=1372, tid=0x0000000000002e6c
#
# JRE version: OpenJDK Runtime Environment (8.0_152-b01) (build 1.8.0_152-release-915-b01)
# Java VM: OpenJDK 64-Bit Server VM (25.152-b01 mixed mode windows-amd64 compressed oops)
# Failed to write core dump. Minidumps are not enabled by default on client versions of Windows
#

---------------  T H R E A D  ---------------

Current thread (0x0000000017683800):  JavaThread "C2 CompilerThread0" daemon [_thread_in_native, id=11884, stack(0x00000000185b0000,0x00000000186b0000)]

Stack: [0x00000000185b0000,0x00000000186b0000]
[error occurred during error reporting (printing stack bounds), id 0xc0000005]

Native frames: (J=compiled Java code, j=interpreted, Vv=VM code, C=native code)


Current CompileTask:
C2:   3885  968       4       org.objectweb.asm.tree.LabelNode::accept (9 bytes)


---------------  P R O C E S S  ---------------

Java Threads: ( => current thread )
  0x0000000017694000 JavaThread "Service Thread" daemon [_thread_blocked, id=13672, stack(0x00000000189b0000,0x0000000018ab0000)]
  0x000000001768e800 JavaThread "C1 CompilerThread3" daemon [_thread_blocked, id=14144, stack(0x00000000188b0000,0x00000000189b0000)]
  0x000000001768a000 JavaThread "C2 CompilerThread2" daemon [_thread_in_native, id=5076, stack(0x00000000187b0000,0x00000000188b0000)]
  0x0000000017688800 JavaThread "C2 CompilerThread1" daemon [_thread_in_native, id=3500, stack(0x00000000186b0000,0x00000000187b0000)]
=>0x0000000017683800 JavaThread "C2 CompilerThread0" daemon [_thread_in_native, id=11884, stack(0x00000000185b0000,0x00000000186b0000)]
  0x000000001762b800 JavaThread "Attach Listener" daemon [_thread_blocked, id=3496, stack(0x00000000184b0000,0x00000000185b0000)]
  0x000000001762b000 JavaThread "Signal Dispatcher" daemon [_thread_blocked, id=13540, stack(0x00000000183b0000,0x00000000184b0000)]
  0x0000000017610800 JavaThread "Finalizer" daemon [_thread_blocked, id=3740, stack(0x00000000179f0000,0x0000000017af0000)]
  0x000000001571b000 JavaThread "Reference Handler" daemon [_thread_blocked, id=7360, stack(0x00000000174f0000,0x00000000175f0000)]
  0x0000000004e45000 JavaThread "main" [_thread_in_vm, id=12608, stack(0x0000000004d40000,0x0000000004e40000)]

Other Threads:
  0x0000000015717000 VMThread [stack: 0x00000000173f0000,0x00000000174f0000] [id=2096]
  0x0000000017695000 WatcherThread [stack: 0x0000000018ab0000,0x0000000018bb0000] [id=5660]

VM state:not at safepoint (normal execution)

VM Mutex/Monitor currently owned by a thread:  ([mutex/lock_event])
[0x0000000004e425d0] AdapterHandlerLibrary_lock - owner thread: 0x0000000004e45000

Heap:
 PSYoungGen      total 18944K, used 10803K [0x00000000feb00000, 0x0000000100000000, 0x0000000100000000)
  eden space 16384K, 50% used [0x00000000feb00000,0x00000000ff3144f8,0x00000000ffb00000)
  from space 2560K, 98% used [0x00000000ffd80000,0x00000000ffff8850,0x0000000100000000)
  to   space 2560K, 0% used [0x00000000ffb00000,0x00000000ffb00000,0x00000000ffd80000)
 ParOldGen       total 44032K, used 5099K [0x00000000fc000000, 0x00000000feb00000, 0x00000000feb00000)
  object space 44032K, 11% used [0x00000000fc000000,0x00000000fc4facb0,0x00000000feb00000)
 Metaspace       used 7608K, capacity 7788K, committed 7936K, reserved 1056768K
  class space    used 871K, capacity 956K, committed 1024K, reserved 1048576K

Card table byte_map: [0x0000000004ce0000,0x0000000004d10000] byte_map_base: 0x0000000004500000

Marking Bits: (ParMarkBitMap*) 0x00000000603d3950
 Begin Bits: [0x0000000014b00000, 0x0000000014c00000)
 End Bits:   [0x0000000014c00000, 0x0000000014d00000)

Polling page: 0x0000000002e10000

CodeCache: size=245760Kb used=3810Kb max_used=3810Kb free=241949Kb
 bounds [0x0000000004f40000, 0x0000000005300000, 0x0000000013f40000]
 total_blobs=1319 nmethods=985 adapters=248
 compilation: enabled

Compilation events (10 events):
Event: 3.763 Thread 0x000000001768e800 nmethod 964 0x00000000052e8110 code [0x00000000052e8260, 0x00000000052e8370]
Event: 3.763 Thread 0x000000001768e800  960       1       sun.util.calendar.CalendarDate::getZone (5 bytes)
Event: 3.763 Thread 0x000000001768e800 nmethod 960 0x00000000052e7e50 code [0x00000000052e7fa0, 0x00000000052e80b0]
Event: 3.763 Thread 0x000000001768e800  961       1       sun.util.calendar.CalendarDate::isNormalized (5 bytes)
Event: 3.763 Thread 0x000000001768e800 nmethod 961 0x00000000052e7b90 code [0x00000000052e7ce0, 0x00000000052e7df0]
Event: 3.769 Thread 0x0000000017683800 nmethod 936 0x00000000052f2450 code [0x00000000052f27a0, 0x00000000052f4f48]
Event: 3.855 Thread 0x000000001768e800  966       3       org.objectweb.asm.FieldWriter::visitEnd (1 bytes)
Event: 3.855 Thread 0x000000001768e800 nmethod 966 0x00000000052e7850 code [0x00000000052e79a0, 0x00000000052e7af0]
Event: 3.855 Thread 0x000000001768a000  967       4       org.objectweb.asm.MethodVisitor::visitFieldInsn (20 bytes)
Event: 3.856 Thread 0x0000000017683800  968       4       org.objectweb.asm.tree.LabelNode::accept (9 bytes)

GC Heap History (4 events):
Event: 1.049 GC heap before
{Heap before GC invocations=1 (full 0):
 PSYoungGen      total 18944K, used 16384K [0x00000000feb00000, 0x0000000100000000, 0x0000000100000000)
  eden space 16384K, 100% used [0x00000000feb00000,0x00000000ffb00000,0x00000000ffb00000)
  from space 2560K, 0% used [0x00000000ffd80000,0x00000000ffd80000,0x0000000100000000)
  to   space 2560K, 0% used [0x00000000ffb00000,0x00000000ffb00000,0x00000000ffd80000)
 ParOldGen       total 44032K, used 0K [0x00000000fc000000, 0x00000000feb00000, 0x00000000feb00000)
  object space 44032K, 0% used [0x00000000fc000000,0x00000000fc000000,0x00000000feb00000)
 Metaspace       used 6580K, capacity 6682K, committed 6784K, reserved 1056768K
  class space    used 770K, capacity 823K, committed 896K, reserved 1048576K
Event: 1.106 GC heap after
Heap after GC invocations=1 (full 0):
 PSYoungGen      total 18944K, used 2536K [0x00000000feb00000, 0x0000000100000000, 0x0000000100000000)
  eden space 16384K, 0% used [0x00000000feb00000,0x00000000feb00000,0x00000000ffb00000)
  from space 2560K, 99% used [0x00000000ffb00000,0x00000000ffd7a030,0x00000000ffd80000)
  to   space 2560K, 0% used [0x00000000ffd80000,0x00000000ffd80000,0x0000000100000000)
 ParOldGen       total 44032K, used 1512K [0x00000000fc000000, 0x00000000feb00000, 0x00000000feb00000)
  object space 44032K, 3% used [0x00000000fc000000,0x00000000fc17a150,0x00000000feb00000)
 Metaspace       used 6580K, capacity 6682K, committed 6784K, reserved 1056768K
  class space    used 770K, capacity 823K, committed 896K, reserved 1048576K
}
Event: 3.054 GC heap before
{Heap before GC invocations=2 (full 0):
 PSYoungGen      total 18944K, used 18920K [0x00000000feb00000, 0x0000000100000000, 0x0000000100000000)
  eden space 16384K, 100% used [0x00000000feb00000,0x00000000ffb00000,0x00000000ffb00000)
  from space 2560K, 99% used [0x00000000ffb00000,0x00000000ffd7a030,0x00000000ffd80000)
  to   space 2560K, 0% used [0x00000000ffd80000,0x00000000ffd80000,0x0000000100000000)
 ParOldGen       total 44032K, used 1512K [0x00000000fc000000, 0x00000000feb00000, 0x00000000feb00000)
  object space 44032K, 3% used [0x00000000fc000000,0x00000000fc17a150,0x00000000feb00000)
 Metaspace       used 7514K, capacity 7660K, committed 7936K, reserved 1056768K
  class space    used 871K, capacity 956K, committed 1024K, reserved 1048576K
Event: 3.506 GC heap after
Heap after GC invocations=2 (full 0):
 PSYoungGen      total 18944K, used 2530K [0x00000000feb00000, 0x0000000100000000, 0x0000000100000000)
  eden space 16384K, 0% used [0x00000000feb00000,0x00000000feb00000,0x00000000ffb00000)
  from space 2560K, 98% used [0x00000000ffd80000,0x00000000ffff8850,0x0000000100000000)
  to   space 2560K, 0% used [0x00000000ffb00000,0x00000000ffb00000,0x00000000ffd80000)
 ParOldGen       total 44032K, used 5099K [0x00000000fc000000, 0x00000000feb00000, 0x00000000feb00000)
  object space 44032K, 11% used [0x00000000fc000000,0x00000000fc4facb0,0x00000000feb00000)
 Metaspace       used 7514K, capacity 7660K, committed 7936K, reserved 1056768K
  class space    used 871K, capacity 956K, committed 1024K, reserved 1048576K
}

Deoptimization events (10 events):
Event: 1.023 Thread 0x0000000004e45000 Uncommon trap: reason=unstable_if action=reinterpret pc=0x0000000005172538 method=java.util.zip.ZipCoder.decoder()Ljava/nio/charset/CharsetDecoder; @ 4
Event: 1.025 Thread 0x0000000004e45000 Uncommon trap: reason=unstable_if action=reinterpret pc=0x0000000005174c2c method=java.util.zip.ZipCoder.decoder()Ljava/nio/charset/CharsetDecoder; @ 4
Event: 1.143 Thread 0x0000000004e45000 Uncommon trap: reason=unstable_if action=reinterpret pc=0x0000000005178cc8 method=java.util.HashMap$HashIterator.nextNode()Ljava/util/HashMap$Node; @ 74
Event: 1.169 Thread 0x0000000004e45000 Uncommon trap: reason=unstable_if action=reinterpret pc=0x0000000005168218 method=java.util.zip.ZipFile.getZipEntry(Ljava/lang/String;J)Ljava/util/zip/ZipEntry; @ 19
Event: 1.217 Thread 0x0000000004e45000 Uncommon trap: reason=unloaded action=reinterpret pc=0x0000000005177dfc method=java.util.zip.ZipEntry.setExtra0([BZ)V @ 37
Event: 1.251 Thread 0x0000000004e45000 Uncommon trap: reason=unstable_if action=reinterpret pc=0x00000000051791c8 method=java.util.HashMap$HashIterator.nextNode()Ljava/util/HashMap$Node; @ 74
Event: 1.721 Thread 0x0000000004e45000 Uncommon trap: reason=unstable_if action=reinterpret pc=0x00000000051fc610 method=java.lang.String.<init>([CII)V @ 18
Event: 3.036 Thread 0x0000000004e45000 Uncommon trap: reason=unstable_if action=reinterpret pc=0x0000000005246a98 method=org.objectweb.asm.Item.a(Lorg/objectweb/asm/Item;)Z @ 345
Event: 3.543 Thread 0x0000000004e45000 Uncommon trap: reason=unstable_if action=reinterpret pc=0x000000000527b100 method=org.objectweb.asm.MethodWriter.visitVarInsn(II)V @ 130
Event: 3.756 Thread 0x0000000004e45000 Uncommon trap: reason=unstable_if action=reinterpret pc=0x00000000052e4e00 method=org.objectweb.asm.MethodWriter.visitVarInsn(II)V @ 142

Classes redefined (0 events):
No events

Internal exceptions (10 events):
Event: 1.236 Thread 0x0000000004e45000 Exception <a 'sun/nio/fs/WindowsException'> (0x00000000ff236fb8) thrown at [D:\src\AOSP-openjdk-cygwin\jdk8u\hotspot\src\share\vm\prims\jni.cpp, line 709]
Event: 1.236 Thread 0x0000000004e45000 Exception <a 'sun/nio/fs/WindowsException'> (0x00000000ff237468) thrown at [D:\src\AOSP-openjdk-cygwin\jdk8u\hotspot\src\share\vm\prims\jni.cpp, line 709]
Event: 1.236 Thread 0x0000000004e45000 Exception <a 'sun/nio/fs/WindowsException'> (0x00000000ff237bb8) thrown at [D:\src\AOSP-openjdk-cygwin\jdk8u\hotspot\src\share\vm\prims\jni.cpp, line 709]
Event: 1.282 Thread 0x0000000004e45000 Exception <a 'sun/nio/fs/WindowsException'> (0x00000000ff23c6d8) thrown at [D:\src\AOSP-openjdk-cygwin\jdk8u\hotspot\src\share\vm\prims\jni.cpp, line 709]
Event: 1.466 Thread 0x0000000004e45000 Exception <a 'sun/nio/fs/WindowsException'> (0x00000000ff5d4788) thrown at [D:\src\AOSP-openjdk-cygwin\jdk8u\hotspot\src\share\vm\prims\jni.cpp, line 709]
Event: 1.466 Thread 0x0000000004e45000 Exception <a 'sun/nio/fs/WindowsException'> (0x00000000ff5d4d48) thrown at [D:\src\AOSP-openjdk-cygwin\jdk8u\hotspot\src\share\vm\prims\jni.cpp, line 709]
Event: 1.978 Thread 0x0000000004e45000 Exception <a 'sun/nio/fs/WindowsException'> (0x00000000ff8e3f30) thrown at [D:\src\AOSP-openjdk-cygwin\jdk8u\hotspot\src\share\vm\prims\jni.cpp, line 709]
Event: 1.982 Thread 0x0000000004e45000 Exception <a 'sun/nio/fs/WindowsException'> (0x00000000ff8e4470) thrown at [D:\src\AOSP-openjdk-cygwin\jdk8u\hotspot\src\share\vm\prims\jni.cpp, line 709]
Event: 2.885 Thread 0x0000000004e45000 Exception <a 'sun/nio/fs/WindowsException'> (0x00000000ff982a68) thrown at [D:\src\AOSP-openjdk-cygwin\jdk8u\hotspot\src\share\vm\prims\jni.cpp, line 709]
Event: 2.888 Thread 0x0000000004e45000 Exception <a 'sun/nio/fs/WindowsException'> (0x00000000ff982fa8) thrown at [D:\src\AOSP-openjdk-cygwin\jdk8u\hotspot\src\share\vm\prims\jni.cpp, line 709]

Events (10 events):
Event: 3.050 loading class org/objectweb/asm/Handler
Event: 3.050 loading class org/objectweb/asm/Handler done
Event: 3.053 Executing VM operation: ParallelGCFailedAllocation
Event: 3.506 Executing VM operation: ParallelGCFailedAllocation done
Event: 3.543 Thread 0x0000000004e45000 Uncommon trap: trap_request=0xffffff65 fr.pc=0x000000000527b100
Event: 3.543 Thread 0x0000000004e45000 DEOPT PACKING pc=0x000000000527b100 sp=0x0000000004e3eda0
Event: 3.543 Thread 0x0000000004e45000 DEOPT UNPACKING pc=0x0000000004f8556a sp=0x0000000004e3ece8 mode 2
Event: 3.756 Thread 0x0000000004e45000 Uncommon trap: trap_request=0xffffff65 fr.pc=0x00000000052e4e00
Event: 3.756 Thread 0x0000000004e45000 DEOPT PACKING pc=0x00000000052e4e00 sp=0x0000000004e3ed10
Event: 3.756 Thread 0x0000000004e45000 DEOPT UNPACKING pc=0x0000000004f8556a sp=0x0000000004e3ebf8 mode 2


Dynamic libraries:
0x00007ff639540000 - 0x00007ff639571000 	D:\Android_Studio\Android_Studio3.0\jre\bin\java.exe
0x00007ffcb7070000 - 0x00007ffcb7250000 	C:\WINDOWS\SYSTEM32\ntdll.dll
0x00007ffcb4ce0000 - 0x00007ffcb4d8e000 	C:\WINDOWS\System32\KERNEL32.DLL
0x00007ffcb3df0000 - 0x00007ffcb4056000 	C:\WINDOWS\System32\KERNELBASE.dll
0x00007ffcb6e90000 - 0x00007ffcb6f31000 	C:\WINDOWS\System32\ADVAPI32.dll
0x00007ffcb5700000 - 0x00007ffcb579d000 	C:\WINDOWS\System32\msvcrt.dll
0x00007ffcb56a0000 - 0x00007ffcb56fb000 	C:\WINDOWS\System32\sechost.dll
0x00007ffcb4540000 - 0x00007ffcb465f000 	C:\WINDOWS\System32\RPCRT4.dll
0x00007ffcb4ac0000 - 0x00007ffcb4c4f000 	C:\WINDOWS\System32\USER32.dll
0x00007ffcb4520000 - 0x00007ffcb4540000 	C:\WINDOWS\System32\win32u.dll
0x00007ffcb53b0000 - 0x00007ffcb53d8000 	C:\WINDOWS\System32\GDI32.dll
0x00007ffcb4060000 - 0x00007ffcb41f3000 	C:\WINDOWS\System32\gdi32full.dll
0x00007ffcb4200000 - 0x00007ffcb429b000 	C:\WINDOWS\System32\msvcp_win.dll
0x00007ffcb43d0000 - 0x00007ffcb44c6000 	C:\WINDOWS\System32\ucrtbase.dll
0x00007ffca1830000 - 0x00007ffca1a99000 	C:\WINDOWS\WinSxS\amd64_microsoft.windows.common-controls_6595b64144ccf1df_6.0.16299.371_none_15c7d1789365a290\COMCTL32.dll
0x00007ffcb4d90000 - 0x00007ffcb5098000 	C:\WINDOWS\System32\combase.dll
0x00007ffcb4350000 - 0x00007ffcb43c2000 	C:\WINDOWS\System32\bcryptPrimitives.dll
0x00007ffcb6f40000 - 0x00007ffcb6f6d000 	C:\WINDOWS\System32\IMM32.DLL
0x00007ffcb3350000 - 0x00007ffcb33be000 	C:\WINDOWS\System32\dtrampo.dll
0x000000005fa50000 - 0x000000005fb22000 	D:\Android_Studio\Android_Studio3.0\jre\jre\bin\msvcr100.dll
0x000000005fc10000 - 0x000000006044e000 	D:\Android_Studio\Android_Studio3.0\jre\jre\bin\server\jvm.dll
0x00007ffcb6be0000 - 0x00007ffcb6be8000 	C:\WINDOWS\System32\PSAPI.DLL
0x00007ffcaed10000 - 0x00007ffcaed19000 	C:\WINDOWS\SYSTEM32\WSOCK32.dll
0x0000000004c70000 - 0x0000000004cdc000 	C:\WINDOWS\System32\WS2_32.dll
0x00007ffcaf640000 - 0x00007ffcaf663000 	C:\WINDOWS\SYSTEM32\WINMM.dll
0x00007ffca7980000 - 0x00007ffca798a000 	C:\WINDOWS\SYSTEM32\VERSION.dll
0x00007ffcaf370000 - 0x00007ffcaf39a000 	C:\WINDOWS\SYSTEM32\WINMMBASE.dll
0x00007ffcb44d0000 - 0x00007ffcb451a000 	C:\WINDOWS\System32\cfgmgr32.dll
0x00007ffcaed00000 - 0x00007ffcaed0f000 	D:\Android_Studio\Android_Studio3.0\jre\jre\bin\verify.dll
0x00007ffcaeb20000 - 0x00007ffcaeb49000 	D:\Android_Studio\Android_Studio3.0\jre\jre\bin\java.dll
0x00007ffcaeb90000 - 0x00007ffcaeba6000 	D:\Android_Studio\Android_Studio3.0\jre\jre\bin\zip.dll
0x00007ffcb57a0000 - 0x00007ffcb6bd6000 	C:\WINDOWS\System32\SHELL32.dll
0x00007ffcb6de0000 - 0x00007ffcb6e86000 	C:\WINDOWS\System32\shcore.dll
0x0000000017b50000 - 0x0000000018297000 	C:\WINDOWS\System32\windows.storage.dll
0x00007ffcb55d0000 - 0x00007ffcb5621000 	C:\WINDOWS\System32\shlwapi.dll
0x00007ffcb33c0000 - 0x00007ffcb33d1000 	C:\WINDOWS\System32\kernel.appcore.dll
0x00007ffcb3420000 - 0x00007ffcb346c000 	C:\WINDOWS\System32\powrprof.dll
0x00007ffcb33e0000 - 0x00007ffcb33fb000 	C:\WINDOWS\System32\profapi.dll
0x00007ffcb2da0000 - 0x00007ffcb2db7000 	C:\WINDOWS\SYSTEM32\CRYPTSP.dll
0x00007ffcb27e0000 - 0x00007ffcb2813000 	C:\WINDOWS\system32\rsaenh.dll
0x00007ffcb2eb0000 - 0x00007ffcb2ed5000 	C:\WINDOWS\SYSTEM32\bcrypt.dll
0x00007ffcb3280000 - 0x00007ffcb32a9000 	C:\WINDOWS\SYSTEM32\USERENV.dll
0x00007ffcb2dc0000 - 0x00007ffcb2dcb000 	C:\WINDOWS\SYSTEM32\CRYPTBASE.dll
0x00007ffcae2d0000 - 0x00007ffcae2ea000 	D:\Android_Studio\Android_Studio3.0\jre\jre\bin\net.dll
0x00007ffcb2be0000 - 0x00007ffcb2c46000 	C:\WINDOWS\system32\mswsock.dll
0x00007ffcb2970000 - 0x00007ffcb29a9000 	C:\WINDOWS\SYSTEM32\IPHLPAPI.DLL
0x00007ffcb4c50000 - 0x00007ffcb4c58000 	C:\WINDOWS\System32\NSI.dll
0x00007ffcae600000 - 0x00007ffcae616000 	C:\WINDOWS\SYSTEM32\dhcpcsvc6.DLL
0x00007ffcae190000 - 0x00007ffcae1aa000 	C:\WINDOWS\SYSTEM32\dhcpcsvc.DLL
0x00007ffcae1b0000 - 0x00007ffcae1c1000 	D:\Android_Studio\Android_Studio3.0\jre\jre\bin\nio.dll

VM Arguments:
jvm_args: -Djava.awt.headless=true -Xmx64M -Dfile.encoding=GBK -Duser.country=CN -Duser.language=zh -Duser.variant 
java_command: com.google.devtools.build.android.desugar.Desugar --input C:\WorkSpace\left_ship\Left_ship -  (16) - gradle-4.6-start\app\build\intermediates\transforms\stackFramesFixer\debug\6.jar --output C:\WorkSpace\left_ship\Left_ship -  (16) - gradle-4.6-start\app\build\intermediates\transforms\desugar\debug\10.jar --input C:\WorkSpace\left_ship\Left_ship -  (16) - gradle-4.6-start\app\build\intermediates\transforms\stackFramesFixer\debug\18.jar --output C:\WorkSpace\left_ship\Left_ship -  (16) - gradle-4.6-start\app\build\intermediates\transforms\desugar\debug\22.jar --input C:\WorkSpace\left_ship\Left_ship -  (16) - gradle-4.6-start\app\build\intermediates\transforms\stackFramesFixer\debug\11.jar --output C:\WorkSpace\left_ship\Left_ship -  (16) - gradle-4.6-start\app\build\intermediates\transforms\desugar\debug\15.jar --input C:\WorkSpace\left_ship\Left_ship -  (16) - gradle-4.6-start\app\build\intermediates\transforms\stackFramesFixer\debug\0.jar --output C:\WorkSpace\left_ship\Left_ship -  (16) - gradle-4.6-start\app\build\intermediates\transforms\desugar\debug\4.jar --classpath_entry C:\WorkSpace\left_ship\Left_ship -  (16) - gradle-4.6-start\exampleui2\build\intermediates\intermediate-jars\debug\classes.jar --classpath_entry C:\WorkSpace\left_ship\Left_ship -  (16) - gradle-4.6-start\chatinput\build\intermediates\intermediate-jars\debug\classes.jar --classpath_entry C:\WorkSpace\left_ship\Left_ship -  (16) - gradle-4.6-start\imui\build\intermediates\intermediate-jars\debug\classes.jar --classpath_entry C:\WorkSpace\left_ship\Left_ship -  (16) - gradle-4.6-start\app\build\intermediates\classes\debug --classpath_entry C:\WorkSpace\left_ship\Left_ship -  (16) - gradle-4.6-start\app\build\intermediates\transforms\stackFramesFixer\debug\0.jar --classpath_entry C:\WorkSpace\left_ship\Left_ship -  (16) - gradle-4.6-start\app\build\intermediates\transforms\stackFramesFixer\debug\1.jar --classpath_entry C:\WorkSpace\left_ship\Left_ship -  (16) - gradle-4.6-start
java_class_path (initial): D:\TEMP\desugar_deploy.jar3885283216085467043
Launcher Type: SUN_STANDARD

Environment Variables:
JAVA_HOME=C:\Program Files\Java\jdk1.8.0_05
CLASSPATH=.;C:\Program Files\Java\jdk1.8.0_05\lib\dt.jar;C:\Program Files\Java\jdk1.8.0_05\lib\toos.jar;D:\Program Files\apache-ant-1.10.2\lib
PATH=C:\Windows\system32;C:\Windows;C:\Windows\System32\Wbem;C:\Windows\System32\WindowsPowerShell\v1.0\;C:\Program Files (x86)\Windows Kits\8.0\Windows Performance Toolkit\;C:\Program Files\Microsoft SQL Server\110\Tools\Binn\;D:\Matlab\runtime\win64;D:\Matlab\bin;D:\Matlab\polyspace\bin;C:\Program Files (x86)\NVIDIA Corporation\PhysX\Common;C:\Program Files\Microsoft SQL Server\Client SDK\ODBC\110\Tools\Binn\;C:\Program Files (x86)\Microsoft SQL Server\120\Tools\Binn\;C:\Program Files\Microsoft SQL Server\120\Tools\Binn\;C:\Program Files\Microsoft SQL Server\120\DTS\Binn\;C:\Program Files (x86)\Windows Kits\8.1\Windows Performance Toolkit\;C:\Program Files (x86)\QuickTime\QTSystem\;"C:\Program Files\Java\jdk1.8.0_05\bin;C:\Program Files\Java\jdk1.8.0_05\jre\bin;";D:\Android_Studio\SDK\platform-tools;D:\Program Files\UltraCompare;C:\WINDOWS\system32;C:\WINDOWS;C:\WINDOWS\System32\Wbem;C:\WINDOWS\System32\WindowsPowerShell\v1.0\;C:\Program Files\Java\jdk1.8.0_05\bin;D:\Android_Studio\SDK\platform-tools;D:\Program Files\apache-ant-1.10.2\bin;D:\Program Files\MySQL_Server\mysql-5.7.21-winx64\bin;D:\Program Files\Git\cmd;D:\Program Files\tortoisegit\bin;C:\Users\huoda\AppData\Local\Microsoft\WindowsApps;D:\A_Win10_Tools\;D:\Program Files\BandZip\;D:\Android_Studio\ANT\apache-ant-1.10.2\bin;
USERNAME=huoda
OS=Windows_NT
PROCESSOR_IDENTIFIER=Intel64 Family 6 Model 158 Stepping 9, GenuineIntel



---------------  S Y S T E M  ---------------

OS: Windows 10.0 , 64 bit Build 16299 (10.0.16299.15)

CPU:total 8 (initial active 8) (4 cores per cpu, 2 threads per core) family 6 model 158 stepping 9, cmov, cx8, fxsr, mmx, sse, sse2, sse3, ssse3, sse4.1, sse4.2, popcnt, avx, avx2, aes, clmul, erms, 3dnowpref, lzcnt, ht, tsc, tscinvbit, bmi1, bmi2, adx

Memory: 4k page, physical 16663628k(573456k free), swap 20857932k(2588k free)

vm_info: OpenJDK 64-Bit Server VM (25.152-b01) for windows-amd64 JRE (1.8.0_152-release-915-b01), built by "builder" with MS VC++ 10.0 (VS2010)

time: Sat Apr 14 20:12:08 2018
elapsed time: 3 seconds (0d 0h 0m 3s)

