#
# There is insufficient memory for the Java Runtime Environment to continue.
# Native memory allocation (malloc) failed to allocate 32744 bytes for ChunkPool::allocate
# Possible reasons:
#   The system is out of physical RAM or swap space
#   In 32 bit mode, the process size limit was hit
# Possible solutions:
#   Reduce memory load on the system
#   Increase physical memory or swap space
#   Check if swap backing store is full
#   Use 64 bit Java on a 64 bit OS
#   Decrease Java heap size (-Xmx/-Xms)
#   Decrease number of Java threads
#   Decrease Java thread stack sizes (-Xss)
#   Set larger code cache with -XX:ReservedCodeCacheSize=
# This output file may be truncated or incomplete.
#
#  Out of Memory Error (allocation.cpp:273), pid=14132, tid=0x0000000000003540
#
# JRE version: OpenJDK Runtime Environment (8.0_152-b01) (build 1.8.0_152-release-915-b01)
# Java VM: OpenJDK 64-Bit Server VM (25.152-b01 mixed mode windows-amd64 compressed oops)
# Failed to write core dump. Minidumps are not enabled by default on client versions of Windows
#

---------------  T H R E A D  ---------------

Current thread (0x0000000017c26000):  JavaThread "C1 CompilerThread3" daemon [_thread_in_native, id=13632, stack(0x00000000186e0000,0x00000000187e0000)]

Stack: [0x00000000186e0000,0x00000000187e0000]
[error occurred during error reporting (printing stack bounds), id 0xc0000005]

Native frames: (J=compiled Java code, j=interpreted, Vv=VM code, C=native code)


Current CompileTask:
C1:   2190 1025       3       org.objectweb.asm.MethodWriter::visitIntInsn (112 bytes)


---------------  P R O C E S S  ---------------

Java Threads: ( => current thread )
  0x0000000017c8a800 JavaThread "Service Thread" daemon [_thread_blocked, id=14516, stack(0x00000000187e0000,0x00000000188e0000)]
=>0x0000000017c26000 JavaThread "C1 CompilerThread3" daemon [_thread_in_native, id=13632, stack(0x00000000186e0000,0x00000000187e0000)]
  0x0000000017c0a000 JavaThread "C2 CompilerThread2" daemon [_thread_in_native, id=11300, stack(0x00000000185e0000,0x00000000186e0000)]
  0x0000000017c06000 JavaThread "C2 CompilerThread1" daemon [_thread_in_native, id=3080, stack(0x00000000184e0000,0x00000000185e0000)]
  0x0000000017c00800 JavaThread "C2 CompilerThread0" daemon [_thread_in_native, id=10424, stack(0x00000000183e0000,0x00000000184e0000)]
  0x0000000017bfe800 JavaThread "Attach Listener" daemon [_thread_blocked, id=11356, stack(0x00000000182e0000,0x00000000183e0000)]
  0x0000000017baa000 JavaThread "Signal Dispatcher" daemon [_thread_blocked, id=9908, stack(0x00000000181e0000,0x00000000182e0000)]
  0x0000000017b90800 JavaThread "Finalizer" daemon [_thread_blocked, id=2408, stack(0x0000000017f70000,0x0000000018070000)]
  0x0000000005458000 JavaThread "Reference Handler" daemon [_thread_blocked, id=484, stack(0x0000000017a70000,0x0000000017b70000)]
  0x0000000005364800 JavaThread "main" [_thread_in_Java, id=13728, stack(0x0000000005260000,0x0000000005360000)]

Other Threads:
  0x0000000015c67800 VMThread [stack: 0x0000000017970000,0x0000000017a70000] [id=6488]
  0x0000000017c8c000 WatcherThread [stack: 0x00000000188e0000,0x00000000189e0000] [id=10860]

VM state:not at safepoint (normal execution)

VM Mutex/Monitor currently owned by a thread: None

Heap:
 PSYoungGen      total 18944K, used 12651K [0x00000000feb00000, 0x0000000100000000, 0x0000000100000000)
  eden space 16384K, 61% used [0x00000000feb00000,0x00000000ff4de710,0x00000000ffb00000)
  from space 2560K, 99% used [0x00000000ffd80000,0x00000000ffffc860,0x0000000100000000)
  to   space 2560K, 0% used [0x00000000ffb00000,0x00000000ffb00000,0x00000000ffd80000)
 ParOldGen       total 44032K, used 4876K [0x00000000fc000000, 0x00000000feb00000, 0x00000000feb00000)
  object space 44032K, 11% used [0x00000000fc000000,0x00000000fc4c30a0,0x00000000feb00000)
 Metaspace       used 7627K, capacity 7784K, committed 7936K, reserved 1056768K
  class space    used 870K, capacity 956K, committed 1024K, reserved 1048576K

Card table byte_map: [0x0000000014820000,0x0000000014850000] byte_map_base: 0x0000000014040000

Marking Bits: (ParMarkBitMap*) 0x000000005dd23950
 Begin Bits: [0x0000000015050000, 0x0000000015150000)
 End Bits:   [0x0000000015150000, 0x0000000015250000)

Polling page: 0x0000000004e40000

CodeCache: size=245760Kb used=3818Kb max_used=3831Kb free=241941Kb
 bounds [0x0000000005460000, 0x0000000005830000, 0x0000000014460000]
 total_blobs=1356 nmethods=1022 adapters=248
 compilation: enabled

Compilation events (10 events):
Event: 2.048 Thread 0x0000000017c26000 1022       3       java.util.concurrent.TimeUnit$4::convert (6 bytes)
Event: 2.048 Thread 0x0000000017c26000 nmethod 1022 0x000000000581bc50 code [0x000000000581bdc0, 0x000000000581bfe8]
Event: 2.050 Thread 0x0000000017c06000 nmethod 1006 0x000000000581c990 code [0x000000000581cc40, 0x000000000581d678]
Event: 2.050 Thread 0x0000000017c06000 1014       4       org.objectweb.asm.tree.LineNumberNode::accept (16 bytes)
Event: 2.052 Thread 0x0000000017c00800 nmethod 1013 0x000000000581a110 code [0x000000000581a280, 0x000000000581a558]
Event: 2.067 Thread 0x0000000017c06000 nmethod 1014 0x00000000058218d0 code [0x0000000005821ae0, 0x0000000005822790]
Event: 2.185 Thread 0x0000000017c26000 1023       3       java.util.HashSet::<init> (16 bytes)
Event: 2.185 Thread 0x0000000017c26000 nmethod 1023 0x000000000581b4d0 code [0x000000000581b660, 0x000000000581ba70]
Event: 2.186 Thread 0x0000000017c00800 1024       4       org.objectweb.asm.MethodVisitor::visitFieldInsn (20 bytes)
Event: 2.188 Thread 0x0000000017c26000 1025       3       org.objectweb.asm.MethodWriter::visitIntInsn (112 bytes)

GC Heap History (4 events):
Event: 1.075 GC heap before
{Heap before GC invocations=1 (full 0):
 PSYoungGen      total 18944K, used 16384K [0x00000000feb00000, 0x0000000100000000, 0x0000000100000000)
  eden space 16384K, 100% used [0x00000000feb00000,0x00000000ffb00000,0x00000000ffb00000)
  from space 2560K, 0% used [0x00000000ffd80000,0x00000000ffd80000,0x0000000100000000)
  to   space 2560K, 0% used [0x00000000ffb00000,0x00000000ffb00000,0x00000000ffd80000)
 ParOldGen       total 44032K, used 0K [0x00000000fc000000, 0x00000000feb00000, 0x00000000feb00000)
  object space 44032K, 0% used [0x00000000fc000000,0x00000000fc000000,0x00000000feb00000)
 Metaspace       used 6592K, capacity 6746K, committed 7040K, reserved 1056768K
  class space    used 771K, capacity 823K, committed 896K, reserved 1048576K
Event: 1.112 GC heap after
Heap after GC invocations=1 (full 0):
 PSYoungGen      total 18944K, used 2552K [0x00000000feb00000, 0x0000000100000000, 0x0000000100000000)
  eden space 16384K, 0% used [0x00000000feb00000,0x00000000feb00000,0x00000000ffb00000)
  from space 2560K, 99% used [0x00000000ffb00000,0x00000000ffd7e020,0x00000000ffd80000)
  to   space 2560K, 0% used [0x00000000ffd80000,0x00000000ffd80000,0x0000000100000000)
 ParOldGen       total 44032K, used 1512K [0x00000000fc000000, 0x00000000feb00000, 0x00000000feb00000)
  object space 44032K, 3% used [0x00000000fc000000,0x00000000fc17a398,0x00000000feb00000)
 Metaspace       used 6592K, capacity 6746K, committed 7040K, reserved 1056768K
  class space    used 771K, capacity 823K, committed 896K, reserved 1048576K
}
Event: 1.750 GC heap before
{Heap before GC invocations=2 (full 0):
 PSYoungGen      total 18944K, used 18936K [0x00000000feb00000, 0x0000000100000000, 0x0000000100000000)
  eden space 16384K, 100% used [0x00000000feb00000,0x00000000ffb00000,0x00000000ffb00000)
  from space 2560K, 99% used [0x00000000ffb00000,0x00000000ffd7e020,0x00000000ffd80000)
  to   space 2560K, 0% used [0x00000000ffd80000,0x00000000ffd80000,0x0000000100000000)
 ParOldGen       total 44032K, used 1512K [0x00000000fc000000, 0x00000000feb00000, 0x00000000feb00000)
  object space 44032K, 3% used [0x00000000fc000000,0x00000000fc17a398,0x00000000feb00000)
 Metaspace       used 7557K, capacity 7720K, committed 7936K, reserved 1056768K
  class space    used 870K, capacity 956K, committed 1024K, reserved 1048576K
Event: 1.823 GC heap after
Heap after GC invocations=2 (full 0):
 PSYoungGen      total 18944K, used 2546K [0x00000000feb00000, 0x0000000100000000, 0x0000000100000000)
  eden space 16384K, 0% used [0x00000000feb00000,0x00000000feb00000,0x00000000ffb00000)
  from space 2560K, 99% used [0x00000000ffd80000,0x00000000ffffc860,0x0000000100000000)
  to   space 2560K, 0% used [0x00000000ffb00000,0x00000000ffb00000,0x00000000ffd80000)
 ParOldGen       total 44032K, used 4876K [0x00000000fc000000, 0x00000000feb00000, 0x00000000feb00000)
  object space 44032K, 11% used [0x00000000fc000000,0x00000000fc4c30a0,0x00000000feb00000)
 Metaspace       used 7557K, capacity 7720K, committed 7936K, reserved 1056768K
  class space    used 870K, capacity 956K, committed 1024K, reserved 1048576K
}

Deoptimization events (10 events):
Event: 1.024 Thread 0x0000000005364800 Uncommon trap: reason=unstable_if action=reinterpret pc=0x0000000005688a58 method=java.util.zip.ZipEntry.setExtra0([BZ)V @ 1
Event: 1.026 Thread 0x0000000005364800 Uncommon trap: reason=unstable_if action=reinterpret pc=0x000000000568b980 method=java.util.zip.ZipCoder.decoder()Ljava/nio/charset/CharsetDecoder; @ 4
Event: 1.139 Thread 0x0000000005364800 Uncommon trap: reason=unstable_if action=reinterpret pc=0x000000000569a000 method=java.util.zip.ZipCoder.decoder()Ljava/nio/charset/CharsetDecoder; @ 4
Event: 1.146 Thread 0x0000000005364800 Uncommon trap: reason=unstable_if action=reinterpret pc=0x000000000569dfd4 method=java.util.HashMap$HashIterator.hasNext()Z @ 4
Event: 1.465 Thread 0x0000000005364800 Uncommon trap: reason=unloaded action=reinterpret pc=0x000000000568e9fc method=java.util.zip.ZipEntry.setExtra0([BZ)V @ 37
Event: 1.571 Thread 0x0000000005364800 Uncommon trap: reason=unstable_if action=reinterpret pc=0x00000000055fa4b8 method=java.lang.String.<init>([CII)V @ 18
Event: 1.825 Thread 0x0000000005364800 Uncommon trap: reason=unstable_if action=reinterpret pc=0x00000000057a154c method=org.objectweb.asm.Type.getArgumentsAndReturnSizes(Ljava/lang/String;)I @ 136
Event: 1.828 Thread 0x0000000005364800 Uncommon trap: reason=unstable_if action=reinterpret pc=0x0000000005775c8c method=org.objectweb.asm.Item.a(Lorg/objectweb/asm/Item;)Z @ 251
Event: 1.856 Thread 0x0000000005364800 Uncommon trap: reason=unstable_if action=reinterpret pc=0x00000000057c8ce0 method=org.objectweb.asm.MethodWriter.visitVarInsn(II)V @ 142
Event: 1.999 Thread 0x0000000005364800 Uncommon trap: reason=unstable_if action=reinterpret pc=0x00000000057e7618 method=org.objectweb.asm.Item.a(Lorg/objectweb/asm/Item;)Z @ 345

Classes redefined (0 events):
No events

Internal exceptions (10 events):
Event: 1.217 Thread 0x0000000005364800 Exception <a 'sun/nio/fs/WindowsException'> (0x00000000ff211518) thrown at [D:\src\AOSP-openjdk-cygwin\jdk8u\hotspot\src\share\vm\prims\jni.cpp, line 709]
Event: 1.218 Thread 0x0000000005364800 Exception <a 'sun/nio/fs/WindowsException'> (0x00000000ff2119c8) thrown at [D:\src\AOSP-openjdk-cygwin\jdk8u\hotspot\src\share\vm\prims\jni.cpp, line 709]
Event: 1.218 Thread 0x0000000005364800 Exception <a 'sun/nio/fs/WindowsException'> (0x00000000ff212118) thrown at [D:\src\AOSP-openjdk-cygwin\jdk8u\hotspot\src\share\vm\prims\jni.cpp, line 709]
Event: 1.235 Thread 0x0000000005364800 Exception <a 'sun/nio/fs/WindowsException'> (0x00000000ff216c38) thrown at [D:\src\AOSP-openjdk-cygwin\jdk8u\hotspot\src\share\vm\prims\jni.cpp, line 709]
Event: 1.485 Thread 0x0000000005364800 Exception <a 'sun/nio/fs/WindowsException'> (0x00000000ff501058) thrown at [D:\src\AOSP-openjdk-cygwin\jdk8u\hotspot\src\share\vm\prims\jni.cpp, line 709]
Event: 1.485 Thread 0x0000000005364800 Exception <a 'sun/nio/fs/WindowsException'> (0x00000000ff501618) thrown at [D:\src\AOSP-openjdk-cygwin\jdk8u\hotspot\src\share\vm\prims\jni.cpp, line 709]
Event: 1.574 Thread 0x0000000005364800 Exception <a 'sun/nio/fs/WindowsException'> (0x00000000ff65f4f8) thrown at [D:\src\AOSP-openjdk-cygwin\jdk8u\hotspot\src\share\vm\prims\jni.cpp, line 709]
Event: 1.574 Thread 0x0000000005364800 Exception <a 'sun/nio/fs/WindowsException'> (0x00000000ff65fa38) thrown at [D:\src\AOSP-openjdk-cygwin\jdk8u\hotspot\src\share\vm\prims\jni.cpp, line 709]
Event: 2.096 Thread 0x0000000005364800 Exception <a 'sun/nio/fs/WindowsException'> (0x00000000ff47cb40) thrown at [D:\src\AOSP-openjdk-cygwin\jdk8u\hotspot\src\share\vm\prims\jni.cpp, line 709]
Event: 2.097 Thread 0x0000000005364800 Exception <a 'sun/nio/fs/WindowsException'> (0x00000000ff47d080) thrown at [D:\src\AOSP-openjdk-cygwin\jdk8u\hotspot\src\share\vm\prims\jni.cpp, line 709]

Events (10 events):
Event: 1.825 Thread 0x0000000005364800 DEOPT UNPACKING pc=0x00000000054a556a sp=0x000000000535e650 mode 2
Event: 1.828 Thread 0x0000000005364800 Uncommon trap: trap_request=0xffffff65 fr.pc=0x0000000005775c8c
Event: 1.828 Thread 0x0000000005364800 DEOPT PACKING pc=0x0000000005775c8c sp=0x000000000535e6f0
Event: 1.828 Thread 0x0000000005364800 DEOPT UNPACKING pc=0x00000000054a556a sp=0x000000000535e688 mode 2
Event: 1.856 Thread 0x0000000005364800 Uncommon trap: trap_request=0xffffff65 fr.pc=0x00000000057c8ce0
Event: 1.856 Thread 0x0000000005364800 DEOPT PACKING pc=0x00000000057c8ce0 sp=0x000000000535ea60
Event: 1.856 Thread 0x0000000005364800 DEOPT UNPACKING pc=0x00000000054a556a sp=0x000000000535e9a8 mode 2
Event: 1.999 Thread 0x0000000005364800 Uncommon trap: trap_request=0xffffff65 fr.pc=0x00000000057e7618
Event: 1.999 Thread 0x0000000005364800 DEOPT PACKING pc=0x00000000057e7618 sp=0x000000000535e7c0
Event: 1.999 Thread 0x0000000005364800 DEOPT UNPACKING pc=0x00000000054a556a sp=0x000000000535e758 mode 2


Dynamic libraries:
0x00007ff6c5cc0000 - 0x00007ff6c5cf1000 	D:\Android_Studio\Studio3.0\jre\bin\java.exe
0x00007ff92ba40000 - 0x00007ff92bc20000 	C:\WINDOWS\SYSTEM32\ntdll.dll
0x00007ff92b600000 - 0x00007ff92b6ae000 	C:\WINDOWS\System32\KERNEL32.DLL
0x00007ff928980000 - 0x00007ff928be6000 	C:\WINDOWS\System32\KERNELBASE.dll
0x00007ff92b430000 - 0x00007ff92b4d1000 	C:\WINDOWS\System32\ADVAPI32.dll
0x00007ff92b970000 - 0x00007ff92ba0d000 	C:\WINDOWS\System32\msvcrt.dll
0x00007ff929810000 - 0x00007ff92986b000 	C:\WINDOWS\System32\sechost.dll
0x00007ff92b4e0000 - 0x00007ff92b5ff000 	C:\WINDOWS\System32\RPCRT4.dll
0x00007ff929870000 - 0x00007ff9299ff000 	C:\WINDOWS\System32\USER32.dll
0x00007ff928bf0000 - 0x00007ff928c10000 	C:\WINDOWS\System32\win32u.dll
0x00007ff929d20000 - 0x00007ff929d48000 	C:\WINDOWS\System32\GDI32.dll
0x00007ff9287e0000 - 0x00007ff928973000 	C:\WINDOWS\System32\gdi32full.dll
0x00007ff928c60000 - 0x00007ff928cfb000 	C:\WINDOWS\System32\msvcp_win.dll
0x00007ff928e10000 - 0x00007ff928f06000 	C:\WINDOWS\System32\ucrtbase.dll
0x00007ff917420000 - 0x00007ff917689000 	C:\WINDOWS\WinSxS\amd64_microsoft.windows.common-controls_6595b64144ccf1df_6.0.16299.309_none_15cfd4c4935e6b11\COMCTL32.dll
0x00007ff929a10000 - 0x00007ff929d18000 	C:\WINDOWS\System32\combase.dll
0x00007ff928590000 - 0x00007ff928602000 	C:\WINDOWS\System32\bcryptPrimitives.dll
0x00007ff928f90000 - 0x00007ff928fbd000 	C:\WINDOWS\System32\IMM32.DLL
0x00007ff927d20000 - 0x00007ff927d8e000 	C:\WINDOWS\System32\dtrampo.dll
0x000000005d000000 - 0x000000005d0d2000 	D:\Android_Studio\Studio3.0\jre\jre\bin\msvcr100.dll
0x000000005d560000 - 0x000000005dd9e000 	D:\Android_Studio\Studio3.0\jre\jre\bin\server\jvm.dll
0x00007ff929a00000 - 0x00007ff929a08000 	C:\WINDOWS\System32\PSAPI.DLL
0x00007ff914c80000 - 0x00007ff914c89000 	C:\WINDOWS\SYSTEM32\WSOCK32.dll
0x0000000004e70000 - 0x0000000004edc000 	C:\WINDOWS\System32\WS2_32.dll
0x00007ff9240e0000 - 0x00007ff924103000 	C:\WINDOWS\SYSTEM32\WINMM.dll
0x00007ff91d910000 - 0x00007ff91d91a000 	C:\WINDOWS\SYSTEM32\VERSION.dll
0x00007ff923fd0000 - 0x00007ff923ffa000 	C:\WINDOWS\SYSTEM32\WINMMBASE.dll
0x00007ff928c10000 - 0x00007ff928c5a000 	C:\WINDOWS\System32\cfgmgr32.dll
0x00007ff914b20000 - 0x00007ff914b2f000 	D:\Android_Studio\Studio3.0\jre\jre\bin\verify.dll
0x00007ff914350000 - 0x00007ff914379000 	D:\Android_Studio\Studio3.0\jre\jre\bin\java.dll
0x00007ff914440000 - 0x00007ff914456000 	D:\Android_Studio\Studio3.0\jre\jre\bin\zip.dll
0x00007ff929f80000 - 0x00007ff92b3b6000 	C:\WINDOWS\System32\SHELL32.dll
0x00007ff9295f0000 - 0x00007ff929696000 	C:\WINDOWS\System32\shcore.dll
0x00007ff927e40000 - 0x00007ff928587000 	C:\WINDOWS\System32\windows.storage.dll
0x00007ff929d50000 - 0x00007ff929da1000 	C:\WINDOWS\System32\shlwapi.dll
0x00007ff927e20000 - 0x00007ff927e31000 	C:\WINDOWS\System32\kernel.appcore.dll
0x00007ff927d90000 - 0x00007ff927ddc000 	C:\WINDOWS\System32\powrprof.dll
0x00007ff927de0000 - 0x00007ff927dfb000 	C:\WINDOWS\System32\profapi.dll
0x00007ff927a50000 - 0x00007ff927a67000 	C:\WINDOWS\SYSTEM32\CRYPTSP.dll
0x00007ff926e60000 - 0x00007ff926e93000 	C:\WINDOWS\system32\rsaenh.dll
0x00007ff9277e0000 - 0x00007ff927805000 	C:\WINDOWS\SYSTEM32\bcrypt.dll
0x00007ff927c50000 - 0x00007ff927c79000 	C:\WINDOWS\SYSTEM32\USERENV.dll
0x00007ff927420000 - 0x00007ff92742b000 	C:\WINDOWS\SYSTEM32\CRYPTBASE.dll
0x00007ff9138a0000 - 0x00007ff9138ba000 	D:\Android_Studio\Studio3.0\jre\jre\bin\net.dll
0x00007ff927260000 - 0x00007ff9272c6000 	C:\WINDOWS\system32\mswsock.dll
0x00007ff926ff0000 - 0x00007ff927029000 	C:\WINDOWS\SYSTEM32\IPHLPAPI.DLL
0x00007ff929dd0000 - 0x00007ff929dd8000 	C:\WINDOWS\System32\NSI.dll
0x00007ff921fb0000 - 0x00007ff921fc6000 	C:\WINDOWS\SYSTEM32\dhcpcsvc6.DLL
0x00007ff921e60000 - 0x00007ff921e7a000 	C:\WINDOWS\SYSTEM32\dhcpcsvc.DLL
0x00007ff913880000 - 0x00007ff913891000 	D:\Android_Studio\Studio3.0\jre\jre\bin\nio.dll

VM Arguments:
jvm_args: -Djava.awt.headless=true -Xmx64M -Dfile.encoding=GBK -Duser.country=CN -Duser.language=zh -Duser.variant 
java_command: com.google.devtools.build.android.desugar.Desugar --input C:\WorkSpace\left_ship\Left_ship -  (15) - gradle-4.1-start\app\build\intermediates\transforms\stackFramesFixer\debug\19.jar --output C:\WorkSpace\left_ship\Left_ship -  (15) - gradle-4.1-start\app\build\intermediates\transforms\desugar\debug\20.jar --input C:\WorkSpace\left_ship\Left_ship -  (15) - gradle-4.1-start\app\build\intermediates\transforms\stackFramesFixer\debug\14.jar --output C:\WorkSpace\left_ship\Left_ship -  (15) - gradle-4.1-start\app\build\intermediates\transforms\desugar\debug\15.jar --input C:\WorkSpace\left_ship\Left_ship -  (15) - gradle-4.1-start\app\build\intermediates\transforms\stackFramesFixer\debug\1.jar --output C:\WorkSpace\left_ship\Left_ship -  (15) - gradle-4.1-start\app\build\intermediates\transforms\desugar\debug\2.jar --classpath_entry C:\WorkSpace\left_ship\Left_ship -  (15) - gradle-4.1-start\app\build\intermediates\classes\debug --classpath_entry C:\WorkSpace\left_ship\Left_ship -  (15) - gradle-4.1-start\app\build\intermediates\transforms\stackFramesFixer\debug\0.jar --classpath_entry C:\WorkSpace\left_ship\Left_ship -  (15) - gradle-4.1-start\app\build\intermediates\transforms\stackFramesFixer\debug\1.jar --classpath_entry C:\WorkSpace\left_ship\Left_ship -  (15) - gradle-4.1-start\app\build\intermediates\transforms\stackFramesFixer\debug\2.jar --classpath_entry C:\WorkSpace\left_ship\Left_ship -  (15) - gradle-4.1-start\app\build\intermediates\transforms\stackFramesFixer\debug\3.jar --classpath_entry C:\WorkSpace\left_ship\Left_ship -  (15) - gradle-4.1-start\app\build\intermediates\transforms\stackFramesFixer\debug\4.jar --classpath_entry C:\WorkSpace\left_ship\Left_ship -  (15) - gradle-4.1-start\app\build\intermediates\transforms\stackFramesFixer\debug\5.jar --classpath_entry C:\WorkSpace\left_ship\Left_ship -  (15) - gradle-4.1-start\app\build\intermediates\transforms\stackFramesFixer\debug\6.jar --classpath_entry C:\WorkSpace\left_ship\Left_ship -
java_class_path (initial): D:\TEMP\desugar_deploy.jar7766681293111168029
Launcher Type: SUN_STANDARD

Environment Variables:
JAVA_HOME=C:\Program Files\Java\jdk1.8.0_05
CLASSPATH=.;C:\Program Files\Java\jdk1.8.0_05\lib\dt.jar;C:\Program Files\Java\jdk1.8.0_05\lib\toos.jar;D:\Program Files\apache-ant-1.10.2\lib
PATH=C:\Windows\system32;C:\Windows;C:\Windows\System32\Wbem;C:\Windows\System32\WindowsPowerShell\v1.0\;C:\Program Files (x86)\Windows Kits\8.0\Windows Performance Toolkit\;C:\Program Files\Microsoft SQL Server\110\Tools\Binn\;D:\Matlab\runtime\win64;D:\Matlab\bin;D:\Matlab\polyspace\bin;C:\Program Files (x86)\NVIDIA Corporation\PhysX\Common;C:\Program Files\Microsoft SQL Server\Client SDK\ODBC\110\Tools\Binn\;C:\Program Files (x86)\Microsoft SQL Server\120\Tools\Binn\;C:\Program Files\Microsoft SQL Server\120\Tools\Binn\;C:\Program Files\Microsoft SQL Server\120\DTS\Binn\;C:\Program Files (x86)\Windows Kits\8.1\Windows Performance Toolkit\;C:\Program Files (x86)\QuickTime\QTSystem\;"C:\Program Files\Java\jdk1.8.0_05\bin;C:\Program Files\Java\jdk1.8.0_05\jre\bin;";D:\Android_Studio\SDK\platform-tools;D:\Program Files\UltraCompare;C:\WINDOWS\system32;C:\WINDOWS;C:\WINDOWS\System32\Wbem;C:\WINDOWS\System32\WindowsPowerShell\v1.0\;C:\Program Files\Java\jdk1.8.0_05\bin;D:\Android_Studio\SDK\platform-tools;D:\Program Files\apache-ant-1.10.2\bin;D:\Program Files\MySQL_Server\mysql-5.7.21-winx64\bin;D:\Program Files\Git\cmd;D:\Program Files\tortoisegit\bin;C:\Users\huoda\AppData\Local\Microsoft\WindowsApps;D:\A_Win10_Tools\;D:\Program Files\BandZip\;D:\Android_Studio\ANT\apache-ant-1.10.2\bin;
USERNAME=huoda
OS=Windows_NT
PROCESSOR_IDENTIFIER=Intel64 Family 6 Model 158 Stepping 9, GenuineIntel



---------------  S Y S T E M  ---------------

OS: Windows 10.0 , 64 bit Build 16299 (10.0.16299.15)

CPU:total 8 (initial active 8) (4 cores per cpu, 2 threads per core) family 6 model 158 stepping 9, cmov, cx8, fxsr, mmx, sse, sse2, sse3, ssse3, sse4.1, sse4.2, popcnt, avx, avx2, aes, clmul, erms, 3dnowpref, lzcnt, ht, tsc, tscinvbit, bmi1, bmi2, adx

Memory: 4k page, physical 16663628k(3308032k free), swap 20857932k(260k free)

vm_info: OpenJDK 64-Bit Server VM (25.152-b01) for windows-amd64 JRE (1.8.0_152-release-915-b01), built by "builder" with MS VC++ 10.0 (VS2010)

time: Thu Apr 05 21:16:48 2018
elapsed time: 2 seconds (0d 0h 0m 2s)

