#
# There is insufficient memory for the Java Runtime Environment to continue.
# Native memory allocation (malloc) failed to allocate 131088 bytes for Chunk::new
# Possible reasons:
#   The system is out of physical RAM or swap space
#   In 32 bit mode, the process size limit was hit
# Possible solutions:
#   Reduce memory load on the system
#   Increase physical memory or swap space
#   Check if swap backing store is full
#   Use 64 bit Java on a 64 bit OS
#   Decrease Java heap size (-Xmx/-Xms)
#   Decrease number of Java threads
#   Decrease Java thread stack sizes (-Xss)
#   Set larger code cache with -XX:ReservedCodeCacheSize=
# This output file may be truncated or incomplete.
#
#  Out of Memory Error (allocation.cpp:390), pid=12900, tid=0x0000000000003af8
#
# JRE version: OpenJDK Runtime Environment (8.0_152-b01) (build 1.8.0_152-release-915-b01)
# Java VM: OpenJDK 64-Bit Server VM (25.152-b01 mixed mode windows-amd64 compressed oops)
# Failed to write core dump. Minidumps are not enabled by default on client versions of Windows
#

---------------  T H R E A D  ---------------

Current thread (0x00000000175ca800):  JavaThread "C2 CompilerThread2" daemon [_thread_in_native, id=15096, stack(0x0000000017f30000,0x0000000018030000)]

Stack: [0x0000000017f30000,0x0000000018030000]
[error occurred during error reporting (printing stack bounds), id 0xc0000005]

Native frames: (J=compiled Java code, j=interpreted, Vv=VM code, C=native code)


Current CompileTask:
C2:   2503  866       4       org.objectweb.asm.ClassReader::a (3587 bytes)


---------------  P R O C E S S  ---------------

Java Threads: ( => current thread )
  0x0000000017624000 JavaThread "Service Thread" daemon [_thread_blocked, id=14772, stack(0x0000000018130000,0x0000000018230000)]
  0x00000000175ce800 JavaThread "C1 CompilerThread3" daemon [_thread_blocked, id=10576, stack(0x0000000018030000,0x0000000018130000)]
=>0x00000000175ca800 JavaThread "C2 CompilerThread2" daemon [_thread_in_native, id=15096, stack(0x0000000017f30000,0x0000000018030000)]
  0x00000000175c5000 JavaThread "C2 CompilerThread1" daemon [_thread_blocked, id=13340, stack(0x0000000017e30000,0x0000000017f30000)]
  0x00000000175c1800 JavaThread "C2 CompilerThread0" daemon [_thread_blocked, id=14708, stack(0x0000000017d30000,0x0000000017e30000)]
  0x00000000175c0000 JavaThread "Attach Listener" daemon [_thread_blocked, id=4940, stack(0x0000000017c30000,0x0000000017d30000)]
  0x00000000175bf000 JavaThread "Signal Dispatcher" daemon [_thread_blocked, id=2064, stack(0x0000000017b30000,0x0000000017c30000)]
  0x0000000015651800 JavaThread "Finalizer" daemon [_thread_blocked, id=11920, stack(0x0000000017930000,0x0000000017a30000)]
  0x000000001564b000 JavaThread "Reference Handler" daemon [_thread_blocked, id=9076, stack(0x0000000017430000,0x0000000017530000)]
  0x0000000004da4800 JavaThread "main" [_thread_blocked, id=10592, stack(0x0000000004ca0000,0x0000000004da0000)]

Other Threads:
  0x0000000015646800 VMThread [stack: 0x0000000017330000,0x0000000017430000] [id=11268]
  0x0000000017626000 WatcherThread [stack: 0x0000000018230000,0x0000000018330000] [id=15840]

VM state:at safepoint (normal execution)

VM Mutex/Monitor currently owned by a thread:  ([mutex/lock_event])
[0x0000000004da18d0] Threads_lock - owner thread: 0x0000000015646800
[0x0000000004da1bd0] Heap_lock - owner thread: 0x0000000004da4800

Heap:
 PSYoungGen      total 18944K, used 18936K [0x00000000feb00000, 0x0000000100000000, 0x0000000100000000)
  eden space 16384K, 100% used [0x00000000feb00000,0x00000000ffb00000,0x00000000ffb00000)
  from space 2560K, 99% used [0x00000000ffb00000,0x00000000ffd7e020,0x00000000ffd80000)
  to   space 2560K, 99% used [0x00000000ffd80000,0x00000000ffffc870,0x0000000100000000)
 ParOldGen       total 44032K, used 3581K [0x00000000fc000000, 0x00000000feb00000, 0x00000000feb00000)
  object space 44032K, 8% used [0x00000000fc000000,0x00000000fc381710,0x00000000feb00000)
 Metaspace       used 7578K, capacity 7720K, committed 7936K, reserved 1056768K
  class space    used 870K, capacity 956K, committed 1024K, reserved 1048576K

Card table byte_map: [0x00000000047e0000,0x0000000004810000] byte_map_base: 0x0000000004000000

Marking Bits: (ParMarkBitMap*) 0x000000005dd23950
 Begin Bits: [0x0000000014a60000, 0x0000000014b60000)
 End Bits:   [0x0000000014b60000, 0x0000000014c60000)

Polling page: 0x0000000002ef0000

CodeCache: size=245760Kb used=3482Kb max_used=3493Kb free=242277Kb
 bounds [0x0000000004ea0000, 0x0000000005210000, 0x0000000013ea0000]
 total_blobs=1225 nmethods=891 adapters=248
 compilation: enabled

Compilation events (10 events):
Event: 2.468 Thread 0x00000000175c5000  889 %     4       sun.nio.cs.UTF_8$Encoder::encode @ 20 (359 bytes)
Event: 2.468 Thread 0x00000000175ce800 nmethod 887 0x0000000005201ed0 code [0x00000000052020c0, 0x0000000005202c98]
Event: 2.468 Thread 0x00000000175ce800  888       3       org.objectweb.asm.ClassReader::readConst (283 bytes)
Event: 2.470 Thread 0x00000000175ce800 nmethod 888 0x0000000005203350 code [0x00000000052036c0, 0x0000000005205818]
Event: 2.473 Thread 0x00000000175c5000 nmethod 889% 0x0000000005209c10 code [0x0000000005209d60, 0x000000000520a178]
Event: 2.478 Thread 0x00000000175c1800  890       4       sun.nio.cs.UTF_8$Encoder::encode (359 bytes)
Event: 2.478 Thread 0x00000000175ce800  891       3       java.util.zip.ZipFile::access$1400 (14 bytes)
Event: 2.478 Thread 0x00000000175ce800 nmethod 891 0x0000000005209890 code [0x0000000005209a00, 0x0000000005209b68]
Event: 2.481 Thread 0x00000000175c1800 nmethod 890 0x0000000005207e90 code [0x0000000005207fe0, 0x0000000005208238]
Event: 2.490 Thread 0x00000000175ce800  893       3       com.google.devtools.build.android.desugar.DefaultMethodClassFixer::recordIfInstanceMethod (41 bytes)

GC Heap History (3 events):
Event: 1.500 GC heap before
{Heap before GC invocations=1 (full 0):
 PSYoungGen      total 18944K, used 16384K [0x00000000feb00000, 0x0000000100000000, 0x0000000100000000)
  eden space 16384K, 100% used [0x00000000feb00000,0x00000000ffb00000,0x00000000ffb00000)
  from space 2560K, 0% used [0x00000000ffd80000,0x00000000ffd80000,0x0000000100000000)
  to   space 2560K, 0% used [0x00000000ffb00000,0x00000000ffb00000,0x00000000ffd80000)
 ParOldGen       total 44032K, used 0K [0x00000000fc000000, 0x00000000feb00000, 0x00000000feb00000)
  object space 44032K, 0% used [0x00000000fc000000,0x00000000fc000000,0x00000000feb00000)
 Metaspace       used 6599K, capacity 6746K, committed 7040K, reserved 1056768K
  class space    used 771K, capacity 823K, committed 896K, reserved 1048576K
Event: 1.504 GC heap after
Heap after GC invocations=1 (full 0):
 PSYoungGen      total 18944K, used 2552K [0x00000000feb00000, 0x0000000100000000, 0x0000000100000000)
  eden space 16384K, 0% used [0x00000000feb00000,0x00000000feb00000,0x00000000ffb00000)
  from space 2560K, 99% used [0x00000000ffb00000,0x00000000ffd7e020,0x00000000ffd80000)
  to   space 2560K, 0% used [0x00000000ffd80000,0x00000000ffd80000,0x0000000100000000)
 ParOldGen       total 44032K, used 1549K [0x00000000fc000000, 0x00000000feb00000, 0x00000000feb00000)
  object space 44032K, 3% used [0x00000000fc000000,0x00000000fc183710,0x00000000feb00000)
 Metaspace       used 6599K, capacity 6746K, committed 7040K, reserved 1056768K
  class space    used 771K, capacity 823K, committed 896K, reserved 1048576K
}
Event: 2.491 GC heap before
{Heap before GC invocations=2 (full 0):
 PSYoungGen      total 18944K, used 18936K [0x00000000feb00000, 0x0000000100000000, 0x0000000100000000)
  eden space 16384K, 100% used [0x00000000feb00000,0x00000000ffb00000,0x00000000ffb00000)
  from space 2560K, 99% used [0x00000000ffb00000,0x00000000ffd7e020,0x00000000ffd80000)
  to   space 2560K, 0% used [0x00000000ffd80000,0x00000000ffd80000,0x0000000100000000)
 ParOldGen       total 44032K, used 1549K [0x00000000fc000000, 0x00000000feb00000, 0x00000000feb00000)
  object space 44032K, 3% used [0x00000000fc000000,0x00000000fc183710,0x00000000feb00000)
 Metaspace       used 7578K, capacity 7720K, committed 7936K, reserved 1056768K
  class space    used 870K, capacity 956K, committed 1024K, reserved 1048576K

Deoptimization events (10 events):
Event: 1.388 Thread 0x0000000004da4800 Uncommon trap: reason=unstable_if action=reinterpret pc=0x000000000504c538 method=java.lang.String.startsWith(Ljava/lang/String;I)Z @ 25
Event: 1.456 Thread 0x0000000004da4800 Uncommon trap: reason=unstable_if action=reinterpret pc=0x00000000050cedec method=java.util.zip.ZipFile$ZipEntryIterator.hasNext()Z @ 25
Event: 1.457 Thread 0x0000000004da4800 Uncommon trap: reason=unstable_if action=reinterpret pc=0x00000000050d7080 method=java.util.zip.ZipCoder.decoder()Ljava/nio/charset/CharsetDecoder; @ 4
Event: 1.457 Thread 0x0000000004da4800 Uncommon trap: reason=unstable_if action=reinterpret pc=0x00000000050cb658 method=java.util.zip.ZipEntry.setExtra0([BZ)V @ 1
Event: 1.458 Thread 0x0000000004da4800 Uncommon trap: reason=unstable_if action=reinterpret pc=0x00000000050d4978 method=java.util.zip.ZipCoder.decoder()Ljava/nio/charset/CharsetDecoder; @ 4
Event: 1.478 Thread 0x0000000004da4800 Uncommon trap: reason=unstable_if action=reinterpret pc=0x00000000050d036c method=java.util.zip.ZipCoder.decoder()Ljava/nio/charset/CharsetDecoder; @ 4
Event: 1.603 Thread 0x0000000004da4800 Uncommon trap: reason=unstable_if action=reinterpret pc=0x00000000050cbf18 method=java.util.zip.ZipFile.getZipEntry(Ljava/lang/String;J)Ljava/util/zip/ZipEntry; @ 19
Event: 1.949 Thread 0x0000000004da4800 Uncommon trap: reason=unloaded action=reinterpret pc=0x00000000050d8efc method=java.util.zip.ZipEntry.setExtra0([BZ)V @ 37
Event: 2.368 Thread 0x0000000004da4800 Uncommon trap: reason=unstable_if action=reinterpret pc=0x0000000005156608 method=java.lang.String.<init>([CII)V @ 18
Event: 2.457 Thread 0x0000000004da4800 Uncommon trap: reason=unstable_if action=reinterpret pc=0x00000000051c6d58 method=org.objectweb.asm.Item.a(Lorg/objectweb/asm/Item;)Z @ 345

Classes redefined (0 events):
No events

Internal exceptions (10 events):
Event: 1.643 Thread 0x0000000004da4800 Exception <a 'sun/nio/fs/WindowsException'> (0x00000000ff210900) thrown at [D:\src\AOSP-openjdk-cygwin\jdk8u\hotspot\src\share\vm\prims\jni.cpp, line 709]
Event: 1.643 Thread 0x0000000004da4800 Exception <a 'sun/nio/fs/WindowsException'> (0x00000000ff210db0) thrown at [D:\src\AOSP-openjdk-cygwin\jdk8u\hotspot\src\share\vm\prims\jni.cpp, line 709]
Event: 1.643 Thread 0x0000000004da4800 Exception <a 'sun/nio/fs/WindowsException'> (0x00000000ff211500) thrown at [D:\src\AOSP-openjdk-cygwin\jdk8u\hotspot\src\share\vm\prims\jni.cpp, line 709]
Event: 1.660 Thread 0x0000000004da4800 Exception <a 'sun/nio/fs/WindowsException'> (0x00000000ff216020) thrown at [D:\src\AOSP-openjdk-cygwin\jdk8u\hotspot\src\share\vm\prims\jni.cpp, line 709]
Event: 2.169 Thread 0x0000000004da4800 Exception <a 'sun/nio/fs/WindowsException'> (0x00000000ff4fee90) thrown at [D:\src\AOSP-openjdk-cygwin\jdk8u\hotspot\src\share\vm\prims\jni.cpp, line 709]
Event: 2.174 Thread 0x0000000004da4800 Exception <a 'sun/nio/fs/WindowsException'> (0x00000000ff4ff450) thrown at [D:\src\AOSP-openjdk-cygwin\jdk8u\hotspot\src\share\vm\prims\jni.cpp, line 709]
Event: 2.268 Thread 0x0000000004da4800 Exception <a 'sun/nio/fs/WindowsException'> (0x00000000ff66a008) thrown at [D:\src\AOSP-openjdk-cygwin\jdk8u\hotspot\src\share\vm\prims\jni.cpp, line 709]
Event: 2.269 Thread 0x0000000004da4800 Exception <a 'sun/nio/fs/WindowsException'> (0x00000000ff66a548) thrown at [D:\src\AOSP-openjdk-cygwin\jdk8u\hotspot\src\share\vm\prims\jni.cpp, line 709]
Event: 2.425 Thread 0x0000000004da4800 Exception <a 'sun/nio/fs/WindowsException'> (0x00000000ff82fc20) thrown at [D:\src\AOSP-openjdk-cygwin\jdk8u\hotspot\src\share\vm\prims\jni.cpp, line 709]
Event: 2.425 Thread 0x0000000004da4800 Exception <a 'sun/nio/fs/WindowsException'> (0x00000000ff830160) thrown at [D:\src\AOSP-openjdk-cygwin\jdk8u\hotspot\src\share\vm\prims\jni.cpp, line 709]

Events (10 events):
Event: 2.370 loading class org/objectweb/asm/tree/TryCatchBlockNode
Event: 2.370 loading class org/objectweb/asm/tree/TryCatchBlockNode done
Event: 2.371 loading class org/objectweb/asm/Handler
Event: 2.371 loading class org/objectweb/asm/Handler done
Event: 2.457 Thread 0x0000000004da4800 Uncommon trap: trap_request=0xffffff65 fr.pc=0x00000000051c6d58
Event: 2.457 Thread 0x0000000004da4800 DEOPT PACKING pc=0x00000000051c6d58 sp=0x0000000004d9e590
Event: 2.457 Thread 0x0000000004da4800 DEOPT UNPACKING pc=0x0000000004ee556a sp=0x0000000004d9e528 mode 2
Event: 2.478 Thread 0x0000000004da4800 DEOPT PACKING pc=0x000000000500fe47 sp=0x0000000004d9ebe0
Event: 2.478 Thread 0x0000000004da4800 DEOPT UNPACKING pc=0x0000000004ee75bf sp=0x0000000004d9e910 mode 0
Event: 2.491 Executing VM operation: ParallelGCFailedAllocation


Dynamic libraries:
0x00007ff6c5cc0000 - 0x00007ff6c5cf1000 	D:\Android_Studio\Studio3.0\jre\bin\java.exe
0x00007ff92ba40000 - 0x00007ff92bc20000 	C:\WINDOWS\SYSTEM32\ntdll.dll
0x00007ff92b600000 - 0x00007ff92b6ae000 	C:\WINDOWS\System32\KERNEL32.DLL
0x00007ff928980000 - 0x00007ff928be6000 	C:\WINDOWS\System32\KERNELBASE.dll
0x00007ff92b430000 - 0x00007ff92b4d1000 	C:\WINDOWS\System32\ADVAPI32.dll
0x00007ff92b970000 - 0x00007ff92ba0d000 	C:\WINDOWS\System32\msvcrt.dll
0x00007ff929810000 - 0x00007ff92986b000 	C:\WINDOWS\System32\sechost.dll
0x00007ff92b4e0000 - 0x00007ff92b5ff000 	C:\WINDOWS\System32\RPCRT4.dll
0x00007ff929870000 - 0x00007ff9299ff000 	C:\WINDOWS\System32\USER32.dll
0x00007ff928bf0000 - 0x00007ff928c10000 	C:\WINDOWS\System32\win32u.dll
0x00007ff929d20000 - 0x00007ff929d48000 	C:\WINDOWS\System32\GDI32.dll
0x00007ff9287e0000 - 0x00007ff928973000 	C:\WINDOWS\System32\gdi32full.dll
0x00007ff928c60000 - 0x00007ff928cfb000 	C:\WINDOWS\System32\msvcp_win.dll
0x00007ff928e10000 - 0x00007ff928f06000 	C:\WINDOWS\System32\ucrtbase.dll
0x00007ff917420000 - 0x00007ff917689000 	C:\WINDOWS\WinSxS\amd64_microsoft.windows.common-controls_6595b64144ccf1df_6.0.16299.309_none_15cfd4c4935e6b11\COMCTL32.dll
0x00007ff929a10000 - 0x00007ff929d18000 	C:\WINDOWS\System32\combase.dll
0x00007ff928590000 - 0x00007ff928602000 	C:\WINDOWS\System32\bcryptPrimitives.dll
0x00007ff928f90000 - 0x00007ff928fbd000 	C:\WINDOWS\System32\IMM32.DLL
0x00007ff927d20000 - 0x00007ff927d8e000 	C:\WINDOWS\System32\dtrampo.dll
0x000000005d000000 - 0x000000005d0d2000 	D:\Android_Studio\Studio3.0\jre\jre\bin\msvcr100.dll
0x000000005d560000 - 0x000000005dd9e000 	D:\Android_Studio\Studio3.0\jre\jre\bin\server\jvm.dll
0x00007ff929a00000 - 0x00007ff929a08000 	C:\WINDOWS\System32\PSAPI.DLL
0x00007ff914c80000 - 0x00007ff914c89000 	C:\WINDOWS\SYSTEM32\WSOCK32.dll
0x0000000002e80000 - 0x0000000002eec000 	C:\WINDOWS\System32\WS2_32.dll
0x00007ff9240e0000 - 0x00007ff924103000 	C:\WINDOWS\SYSTEM32\WINMM.dll
0x00007ff91d910000 - 0x00007ff91d91a000 	C:\WINDOWS\SYSTEM32\VERSION.dll
0x00007ff923fd0000 - 0x00007ff923ffa000 	C:\WINDOWS\SYSTEM32\WINMMBASE.dll
0x00007ff928c10000 - 0x00007ff928c5a000 	C:\WINDOWS\System32\cfgmgr32.dll
0x00007ff914b20000 - 0x00007ff914b2f000 	D:\Android_Studio\Studio3.0\jre\jre\bin\verify.dll
0x00007ff914350000 - 0x00007ff914379000 	D:\Android_Studio\Studio3.0\jre\jre\bin\java.dll
0x00007ff914440000 - 0x00007ff914456000 	D:\Android_Studio\Studio3.0\jre\jre\bin\zip.dll
0x00007ff929f80000 - 0x00007ff92b3b6000 	C:\WINDOWS\System32\SHELL32.dll
0x00007ff9295f0000 - 0x00007ff929696000 	C:\WINDOWS\System32\shcore.dll
0x00007ff927e40000 - 0x00007ff928587000 	C:\WINDOWS\System32\windows.storage.dll
0x00007ff929d50000 - 0x00007ff929da1000 	C:\WINDOWS\System32\shlwapi.dll
0x00007ff927e20000 - 0x00007ff927e31000 	C:\WINDOWS\System32\kernel.appcore.dll
0x00007ff927d90000 - 0x00007ff927ddc000 	C:\WINDOWS\System32\powrprof.dll
0x00007ff927de0000 - 0x00007ff927dfb000 	C:\WINDOWS\System32\profapi.dll
0x00007ff927a50000 - 0x00007ff927a67000 	C:\WINDOWS\SYSTEM32\CRYPTSP.dll
0x00007ff926e60000 - 0x00007ff926e93000 	C:\WINDOWS\system32\rsaenh.dll
0x00007ff9277e0000 - 0x00007ff927805000 	C:\WINDOWS\SYSTEM32\bcrypt.dll
0x00007ff927c50000 - 0x00007ff927c79000 	C:\WINDOWS\SYSTEM32\USERENV.dll
0x00007ff927420000 - 0x00007ff92742b000 	C:\WINDOWS\SYSTEM32\CRYPTBASE.dll
0x00007ff9138a0000 - 0x00007ff9138ba000 	D:\Android_Studio\Studio3.0\jre\jre\bin\net.dll
0x00007ff927260000 - 0x00007ff9272c6000 	C:\WINDOWS\system32\mswsock.dll
0x00007ff926ff0000 - 0x00007ff927029000 	C:\WINDOWS\SYSTEM32\IPHLPAPI.DLL
0x00007ff929dd0000 - 0x00007ff929dd8000 	C:\WINDOWS\System32\NSI.dll
0x00007ff921fb0000 - 0x00007ff921fc6000 	C:\WINDOWS\SYSTEM32\dhcpcsvc6.DLL
0x00007ff921e60000 - 0x00007ff921e7a000 	C:\WINDOWS\SYSTEM32\dhcpcsvc.DLL
0x00007ff913880000 - 0x00007ff913891000 	D:\Android_Studio\Studio3.0\jre\jre\bin\nio.dll

VM Arguments:
jvm_args: -Djava.awt.headless=true -Xmx64M -Dfile.encoding=GBK -Duser.country=CN -Duser.language=zh -Duser.variant 
java_command: com.google.devtools.build.android.desugar.Desugar --input C:\WorkSpace\left_ship\Left_ship -  (15) - gradle-4.1-start\app\build\intermediates\transforms\stackFramesFixer\debug\24.jar --output C:\WorkSpace\left_ship\Left_ship -  (15) - gradle-4.1-start\app\build\intermediates\transforms\desugar\debug\25.jar --input C:\WorkSpace\left_ship\Left_ship -  (15) - gradle-4.1-start\app\build\intermediates\transforms\stackFramesFixer\debug\2.jar --output C:\WorkSpace\left_ship\Left_ship -  (15) - gradle-4.1-start\app\build\intermediates\transforms\desugar\debug\3.jar --input C:\WorkSpace\left_ship\Left_ship -  (15) - gradle-4.1-start\app\build\intermediates\transforms\stackFramesFixer\debug\3.jar --output C:\WorkSpace\left_ship\Left_ship -  (15) - gradle-4.1-start\app\build\intermediates\transforms\desugar\debug\4.jar --classpath_entry C:\WorkSpace\left_ship\Left_ship -  (15) - gradle-4.1-start\app\build\intermediates\classes\debug --classpath_entry C:\WorkSpace\left_ship\Left_ship -  (15) - gradle-4.1-start\app\build\intermediates\transforms\stackFramesFixer\debug\0.jar --classpath_entry C:\WorkSpace\left_ship\Left_ship -  (15) - gradle-4.1-start\app\build\intermediates\transforms\stackFramesFixer\debug\1.jar --classpath_entry C:\WorkSpace\left_ship\Left_ship -  (15) - gradle-4.1-start\app\build\intermediates\transforms\stackFramesFixer\debug\2.jar --classpath_entry C:\WorkSpace\left_ship\Left_ship -  (15) - gradle-4.1-start\app\build\intermediates\transforms\stackFramesFixer\debug\3.jar --classpath_entry C:\WorkSpace\left_ship\Left_ship -  (15) - gradle-4.1-start\app\build\intermediates\transforms\stackFramesFixer\debug\4.jar --classpath_entry C:\WorkSpace\left_ship\Left_ship -  (15) - gradle-4.1-start\app\build\intermediates\transforms\stackFramesFixer\debug\5.jar --classpath_entry C:\WorkSpace\left_ship\Left_ship -  (15) - gradle-4.1-start\app\build\intermediates\transforms\stackFramesFixer\debug\6.jar --classpath_entry C:\WorkSpace\left_ship\Left_ship -  
java_class_path (initial): D:\TEMP\desugar_deploy.jar7766681293111168029
Launcher Type: SUN_STANDARD

Environment Variables:
JAVA_HOME=C:\Program Files\Java\jdk1.8.0_05
CLASSPATH=.;C:\Program Files\Java\jdk1.8.0_05\lib\dt.jar;C:\Program Files\Java\jdk1.8.0_05\lib\toos.jar;D:\Program Files\apache-ant-1.10.2\lib
PATH=C:\Windows\system32;C:\Windows;C:\Windows\System32\Wbem;C:\Windows\System32\WindowsPowerShell\v1.0\;C:\Program Files (x86)\Windows Kits\8.0\Windows Performance Toolkit\;C:\Program Files\Microsoft SQL Server\110\Tools\Binn\;D:\Matlab\runtime\win64;D:\Matlab\bin;D:\Matlab\polyspace\bin;C:\Program Files (x86)\NVIDIA Corporation\PhysX\Common;C:\Program Files\Microsoft SQL Server\Client SDK\ODBC\110\Tools\Binn\;C:\Program Files (x86)\Microsoft SQL Server\120\Tools\Binn\;C:\Program Files\Microsoft SQL Server\120\Tools\Binn\;C:\Program Files\Microsoft SQL Server\120\DTS\Binn\;C:\Program Files (x86)\Windows Kits\8.1\Windows Performance Toolkit\;C:\Program Files (x86)\QuickTime\QTSystem\;"C:\Program Files\Java\jdk1.8.0_05\bin;C:\Program Files\Java\jdk1.8.0_05\jre\bin;";D:\Android_Studio\SDK\platform-tools;D:\Program Files\UltraCompare;C:\WINDOWS\system32;C:\WINDOWS;C:\WINDOWS\System32\Wbem;C:\WINDOWS\System32\WindowsPowerShell\v1.0\;C:\Program Files\Java\jdk1.8.0_05\bin;D:\Android_Studio\SDK\platform-tools;D:\Program Files\apache-ant-1.10.2\bin;D:\Program Files\MySQL_Server\mysql-5.7.21-winx64\bin;D:\Program Files\Git\cmd;D:\Program Files\tortoisegit\bin;C:\Users\huoda\AppData\Local\Microsoft\WindowsApps;D:\A_Win10_Tools\;D:\Program Files\BandZip\;D:\Android_Studio\ANT\apache-ant-1.10.2\bin;
USERNAME=huoda
OS=Windows_NT
PROCESSOR_IDENTIFIER=Intel64 Family 6 Model 158 Stepping 9, GenuineIntel



---------------  S Y S T E M  ---------------

OS: Windows 10.0 , 64 bit Build 16299 (10.0.16299.15)

CPU:total 8 (initial active 8) (4 cores per cpu, 2 threads per core) family 6 model 158 stepping 9, cmov, cx8, fxsr, mmx, sse, sse2, sse3, ssse3, sse4.1, sse4.2, popcnt, avx, avx2, aes, clmul, erms, 3dnowpref, lzcnt, ht, tsc, tscinvbit, bmi1, bmi2, adx

Memory: 4k page, physical 16663628k(3261348k free), swap 20857932k(3788k free)

vm_info: OpenJDK 64-Bit Server VM (25.152-b01) for windows-amd64 JRE (1.8.0_152-release-915-b01), built by "builder" with MS VC++ 10.0 (VS2010)

time: Thu Apr 05 21:23:39 2018
elapsed time: 2 seconds (0d 0h 0m 2s)

